#-----------------------------------------------------------
# Vivado v2018.3 (64-bit)
# SW Build 2405991 on Thu Dec  6 23:38:27 MST 2018
# IP Build 2404404 on Fri Dec  7 01:43:56 MST 2018
# Start of session at: Tue Mar  5 10:18:56 2019
# Process ID: 14796
# Current directory: C:/Users/Engenieer/Documents/TX_RS232
# Command line: vivado.exe -gui_launcher_event rodinguilauncherevent8704 C:\Users\Engenieer\Documents\TX_RS232\TX_RS232.xpr
# Log file: C:/Users/Engenieer/Documents/TX_RS232/vivado.log
# Journal file: C:/Users/Engenieer/Documents/TX_RS232\vivado.jou
#-----------------------------------------------------------
start_gui
open_project C:/Users/Engenieer/Documents/TX_RS232/TX_RS232.xpr
Scanning sources...
Finished scanning sources
INFO: [IP_Flow 19-234] Refreshing IP repositories
INFO: [IP_Flow 19-1704] No user IP repositories specified
INFO: [IP_Flow 19-2313] Loaded Vivado IP repository 'C:/Xilinx/Vivado/2018.3/data/ip'.
open_project: Time (s): cpu = 00:00:18 ; elapsed = 00:00:26 . Memory (MB): peak = 718.336 ; gain = 147.637
update_compile_order -fileset sources_1
exit
INFO: [Common 17-206] Exiting Vivado at Wed Mar  6 02:29:40 2019...
