Vivado Simulator 2019.2
Copyright 1986-1999, 2001-2019 Xilinx, Inc. All Rights Reserved.
Running: C:/Xilinx/Vivado/2019.2/bin/unwrapped/win64.o/xelab.exe -wto 589607e1930e42f79788b522e7e07d5c --incr --debug typical --relax --mt 2 -L xil_defaultlib -L unisims_ver -L secureip --snapshot PICtop_tb_func_impl xil_defaultlib.PICtop_tb xil_defaultlib.glbl -log elaborate.log 
Using 2 slave threads.
Starting static elaboration
Pass Through NonSizing Optimizer
Completed static elaboration
Starting simulation data flow analysis
Completed simulation data flow analysis
Time Resolution for simulation is 1ps
Compiling package std.standard
Compiling package std.textio
Compiling package ieee.std_logic_1164
Compiling package ieee.numeric_std
Compiling package xil_defaultlib.pic_pkg
Compiling package xil_defaultlib.rs232_test
Compiling package unisim.vcomponents
Compiling package ieee.std_logic_arith
Compiling package ieee.std_logic_signed
Compiling package ieee.vital_timing
Compiling package ieee.vital_primitives
Compiling package unisim.vpkg
Compiling package ieee.std_logic_textio
Compiling module xil_defaultlib.glbl
Compiling architecture bufg_v of entity unisim.BUFG [bufg_default]
Compiling architecture ibuf_v of entity unisim.IBUF [\IBUF(1,9)(1,1)(1,4)(1,7)\]
Compiling architecture mmcme2_adv_v of entity unisim.MMCME2_ADV [\MMCME2_ADV(clkfbout_mult_f=8.5,...]
Compiling architecture structure of entity xil_defaultlib.Clk_PIC_TOP_Clk_PIC_TOP_clk_wiz [clk_pic_top_clk_pic_top_clk_wiz_...]
Compiling architecture structure of entity xil_defaultlib.Clk_PIC_TOP [clk_pic_top_default]
Compiling architecture lut6_v of entity unisim.LUT6 [\LUT6(init="01011111000111110101...]
Compiling architecture lut6_v of entity unisim.LUT6 [\LUT6(init="10100000111000001010...]
Compiling architecture ldce_v of entity unisim.LDCE [ldce_default]
Compiling architecture lut5_v of entity unisim.LUT5 [\LUT5(init="00000000000000001101...]
Compiling architecture lut5_v of entity unisim.LUT5 [\LUT5(init="00000000001000100010...]
Compiling architecture fdce_v of entity unisim.FDCE [fdce_default]
Compiling architecture lut6_v of entity unisim.LUT6 [\LUT6(init="10111000011101001011...]
Compiling architecture lut5_v of entity unisim.LUT5 [\LUT5(init="10001011011101111000...]
Compiling architecture muxf7_v of entity unisim.MUXF7 [muxf7_default]
Compiling architecture lut4_v of entity unisim.LUT4 [\LUT4(init="0000100000000000")(0...]
Compiling architecture lut6_v of entity unisim.LUT6 [\LUT6(init="11111110111111111111...]
Compiling architecture lut5_v of entity unisim.LUT5 [\LUT5(init="10101010101011101010...]
Compiling architecture lut6_v of entity unisim.LUT6 [\LUT6(init="00000000000000000000...]
Compiling architecture lut6_v of entity unisim.LUT6 [\LUT6(init="01110100111111110111...]
Compiling architecture lut4_v of entity unisim.LUT4 [\LUT4(init="0000000000000010")(0...]
Compiling architecture lut4_v of entity unisim.LUT4 [\LUT4(init="0000000011100010")(0...]
Compiling architecture lut5_v of entity unisim.LUT5 [\LUT5(init="10000011100000111000...]
Compiling architecture lut4_v of entity unisim.LUT4 [\LUT4(init="1000111110111111")(0...]
Compiling architecture lut4_v of entity unisim.LUT4 [\LUT4(init="0000000000100000")(0...]
Compiling architecture lut5_v of entity unisim.LUT5 [\LUT5(init="10100100101010101010...]
Compiling architecture lut6_v of entity unisim.LUT6 [\LUT6(init="00000000000000000101...]
Compiling architecture gnd_v of entity unisim.GND [gnd_default]
Compiling architecture lut5_v of entity unisim.LUT5 [\LUT5(init="00000010000000100010...]
Compiling architecture lut2_v of entity unisim.LUT2 [\LUT2(init="1000")(0,3)\]
Compiling architecture lut4_v of entity unisim.LUT4 [\LUT4(init="1111001000100010")(0...]
Compiling architecture lut2_v of entity unisim.LUT2 [\LUT2(init="1101")(0,3)\]
Compiling architecture lut2_v of entity unisim.LUT2 [\LUT2(init="0010")(0,3)\]
Compiling architecture lut4_v of entity unisim.LUT4 [\LUT4(init="0000000000010000")(0...]
Compiling architecture lut5_v of entity unisim.LUT5 [\LUT5(init="00000000111100000000...]
Compiling architecture lut6_v of entity unisim.LUT6 [\LUT6(init="00010001000100010001...]
Compiling architecture lut5_v of entity unisim.LUT5 [\LUT5(init="00000001111111110000...]
Compiling architecture lut6_v of entity unisim.LUT6 [\LUT6(init="00000011000000110100...]
Compiling architecture lut3_v of entity unisim.LUT3 [\LUT3(init="00000100")(0,7)\]
Compiling architecture lut6_v of entity unisim.LUT6 [\LUT6(init="00101111001000000010...]
Compiling architecture lut6_v of entity unisim.LUT6 [\LUT6(init="00000000000000000000...]
Compiling architecture lut6_v of entity unisim.LUT6 [\LUT6(init="00000000000000000000...]
Compiling architecture lut6_v of entity unisim.LUT6 [\LUT6(init="00000000000000000100...]
Compiling architecture lut4_v of entity unisim.LUT4 [\LUT4(init="0001000101110001")(0...]
Compiling architecture lut4_v of entity unisim.LUT4 [\LUT4(init="0010000000000000")(0...]
Compiling architecture lut3_v of entity unisim.LUT3 [\LUT3(init="01000011")(0,7)\]
Compiling architecture lut4_v of entity unisim.LUT4 [\LUT4(init="0001010000000000")(0...]
Compiling architecture lut2_v of entity unisim.LUT2 [\LUT2(init="0001")(0,3)\]
Compiling architecture lut4_v of entity unisim.LUT4 [\LUT4(init="1000000000000000")(0...]
Compiling architecture lut6_v of entity unisim.LUT6 [\LUT6(init="00110011001000100011...]
Compiling architecture structure of entity xil_defaultlib.DMA [dma_default]
Compiling architecture obuft_v of entity unisim.OBUFT [\OBUFT(1,9)(1,7)(1,4)\]
Compiling architecture lut1_v of entity unisim.LUT1 [\LUT1(init="0001")(0,3)\]
Compiling architecture muxf8_v of entity unisim.MUXF8 [muxf8_default]
Compiling architecture lut6_v of entity unisim.LUT6 [\LUT6(init="10101111101000001100...]
Compiling architecture lut2_v of entity unisim.LUT2 [\LUT2(init="1011")(0,3)\]
Compiling architecture lut2_v of entity unisim.LUT2 [\LUT2(init="1110")(0,3)\]
Compiling architecture vcc_v of entity unisim.VCC [vcc_default]
Compiling architecture fdpe_v of entity unisim.FDPE [\FDPE(init='0')\]
Compiling architecture structure of entity xil_defaultlib.ram [ram_default]
Compiling architecture fdpe_v of entity unisim.FDPE [fdpe_default]
Compiling architecture mmcme2_adv_v of entity unisim.MMCME2_ADV [\MMCME2_ADV(clkfbout_mult_f=42.5...]
Compiling architecture structure of entity xil_defaultlib.Clk_gen_Clk_gen_clk_wiz [clk_gen_clk_gen_clk_wiz_default]
Compiling architecture structure of entity xil_defaultlib.Clk_gen [clk_gen_default]
Compiling architecture lut5_v of entity unisim.LUT5 [\LUT5(init="01000101010101011111...]
Compiling architecture lut5_v of entity unisim.LUT5 [\LUT5(init="11111111110010111000...]
Compiling architecture fdse_v of entity unisim.FDSE [fdse_default]
Compiling architecture lut4_v of entity unisim.LUT4 [\LUT4(init="1111001100100000")(0...]
Compiling architecture lut4_v of entity unisim.LUT4 [\LUT4(init="0100010101010101")(0...]
Compiling architecture lut3_v of entity unisim.LUT3 [\LUT3(init="10100010")(0,7)\]
Compiling architecture lut3_v of entity unisim.LUT3 [\LUT3(init="10111010")(0,7)\]
Compiling architecture lut4_v of entity unisim.LUT4 [\LUT4(init="0010000011111111")(0...]
Compiling architecture fdre_v of entity unisim.FDRE [fdre_default]
Compiling architecture structure of entity xil_defaultlib.fifo_rd_fwft [fifo_rd_fwft_default]
Compiling architecture structure of entity xil_defaultlib.fifo_rd_status_flags_ss [fifo_rd_status_flags_ss_default]
Compiling architecture lut2_v of entity unisim.LUT2 [\LUT2(init="0110")(0,3)\]
Compiling architecture lut3_v of entity unisim.LUT3 [\LUT3(init="01111000")(0,7)\]
Compiling architecture lut4_v of entity unisim.LUT4 [\LUT4(init="0111111110000000")(0...]
Compiling architecture lut6_v of entity unisim.LUT6 [\LUT6(init="11111111000011111111...]
Compiling architecture lut5_v of entity unisim.LUT5 [\LUT5(init="10010000000010010000...]
Compiling architecture lut4_v of entity unisim.LUT4 [\LUT4(init="1001000000001001")(0...]
Compiling architecture lut5_v of entity unisim.LUT5 [\LUT5(init="00001111111111110000...]
Compiling architecture structure of entity xil_defaultlib.fifo_rd_bin_cntr [fifo_rd_bin_cntr_default]
Compiling architecture structure of entity xil_defaultlib.fifo_rd_logic [fifo_rd_logic_default]
Compiling architecture lut1_v of entity unisim.LUT1 [\LUT1(init="0010")(0,3)\]
Compiling architecture structure of entity xil_defaultlib.fifo_wr_status_flags_ss [fifo_wr_status_flags_ss_default]
Compiling architecture structure of entity xil_defaultlib.fifo_wr_bin_cntr [fifo_wr_bin_cntr_default]
Compiling architecture structure of entity xil_defaultlib.fifo_wr_logic [fifo_wr_logic_default]
Compiling architecture rb18_internal_vhdl_v of entity unisim.RB18_INTERNAL_VHDL [\RB18_INTERNAL_VHDL(bram_size=18...]
Compiling architecture ramb18e1_v of entity unisim.RAMB18E1 [\RAMB18E1(is_rstramarstram_inver...]
Compiling architecture structure of entity xil_defaultlib.fifo_blk_mem_gen_prim_wrapper [fifo_blk_mem_gen_prim_wrapper_de...]
Compiling architecture structure of entity xil_defaultlib.fifo_blk_mem_gen_prim_width [fifo_blk_mem_gen_prim_width_defa...]
Compiling architecture structure of entity xil_defaultlib.fifo_blk_mem_gen_generic_cstr [fifo_blk_mem_gen_generic_cstr_de...]
Compiling architecture structure of entity xil_defaultlib.fifo_blk_mem_gen_top [fifo_blk_mem_gen_top_default]
Compiling architecture structure of entity xil_defaultlib.fifo_blk_mem_gen_v8_4_4_synth [fifo_blk_mem_gen_v8_4_4_synth_de...]
Compiling architecture structure of entity xil_defaultlib.fifo_blk_mem_gen_v8_4_4 [fifo_blk_mem_gen_v8_4_4_default]
Compiling architecture structure of entity xil_defaultlib.fifo_memory [fifo_memory_default]
Compiling architecture structure of entity xil_defaultlib.fifo_fifo_generator_ramfifo [fifo_fifo_generator_ramfifo_defa...]
Compiling architecture structure of entity xil_defaultlib.fifo_fifo_generator_top [fifo_fifo_generator_top_default]
Compiling architecture structure of entity xil_defaultlib.fifo_fifo_generator_v13_2_5_synth [fifo_fifo_generator_v13_2_5_synt...]
Compiling architecture structure of entity xil_defaultlib.fifo_fifo_generator_v13_2_5 [fifo_fifo_generator_v13_2_5_defa...]
Compiling architecture structure of entity xil_defaultlib.fifo [fifo_default]
Compiling architecture lut6_v of entity unisim.LUT6 [\LUT6(init="01001010101010100100...]
Compiling architecture lut3_v of entity unisim.LUT3 [\LUT3(init="10000000")(0,7)\]
Compiling architecture lut4_v of entity unisim.LUT4 [\LUT4(init="0010111010101010")(0...]
Compiling architecture lut5_v of entity unisim.LUT5 [\LUT5(init="00000000000000000000...]
Compiling architecture lut4_v of entity unisim.LUT4 [\LUT4(init="0111111111111111")(0...]
Compiling architecture lut5_v of entity unisim.LUT5 [\LUT5(init="00010101010101010000...]
Compiling architecture lut6_v of entity unisim.LUT6 [\LUT6(init="00000000000000000000...]
Compiling architecture lut6_v of entity unisim.LUT6 [\LUT6(init="00000000000000000010...]
Compiling architecture lut6_v of entity unisim.LUT6 [\LUT6(init="00000000000000000010...]
Compiling architecture lut4_v of entity unisim.LUT4 [\LUT4(init="0100000000000000")(0...]
Compiling architecture lut6_v of entity unisim.LUT6 [\LUT6(init="11111111111111011111...]
Compiling architecture lut4_v of entity unisim.LUT4 [\LUT4(init="0010101010101010")(0...]
Compiling architecture lut3_v of entity unisim.LUT3 [\LUT3(init="00000001")(0,7)\]
Compiling architecture lut4_v of entity unisim.LUT4 [\LUT4(init="0000000000010100")(0...]
Compiling architecture lut5_v of entity unisim.LUT5 [\LUT5(init="00000000000000000001...]
Compiling architecture lut6_v of entity unisim.LUT6 [\LUT6(init="00000000000000000000...]
Compiling architecture lut6_v of entity unisim.LUT6 [\LUT6(init="00000000000000000000...]
Compiling architecture lut2_v of entity unisim.LUT2 [\LUT2(init="0111")(0,3)\]
Compiling architecture lut5_v of entity unisim.LUT5 [\LUT5(init="10000000000000000000...]
Compiling architecture lut6_v of entity unisim.LUT6 [\LUT6(init="10000000000000000000...]
Compiling architecture lut5_v of entity unisim.LUT5 [\LUT5(init="11000000000000000000...]
Compiling architecture lut6_v of entity unisim.LUT6 [\LUT6(init="11111110111011101110...]
Compiling architecture lut5_v of entity unisim.LUT5 [\LUT5(init="00000000000010000000...]
Compiling architecture lut4_v of entity unisim.LUT4 [\LUT4(init="1111111111101111")(0...]
Compiling architecture structure of entity xil_defaultlib.RX_RS232 [rx_rs232_default]
Compiling architecture structure of entity xil_defaultlib.ShiftRegister [shiftregister_default]
Compiling architecture lut6_v of entity unisim.LUT6 [\LUT6(init="01001010010111110100...]
Compiling architecture lut6_v of entity unisim.LUT6 [\LUT6(init="00000000000000000000...]
Compiling architecture lut6_v of entity unisim.LUT6 [\LUT6(init="11111111111111111111...]
Compiling architecture lut6_v of entity unisim.LUT6 [\LUT6(init="11111111111111111111...]
Compiling architecture lut3_v of entity unisim.LUT3 [\LUT3(init="01101010")(0,7)\]
Compiling architecture lut5_v of entity unisim.LUT5 [\LUT5(init="11111111000000001011...]
Compiling architecture carry4_v of entity unisim.CARRY4 [carry4_default]
Compiling architecture lut5_v of entity unisim.LUT5 [\LUT5(init="00000000010000000000...]
Compiling architecture lut5_v of entity unisim.LUT5 [\LUT5(init="01000000000000000000...]
Compiling architecture lut4_v of entity unisim.LUT4 [\LUT4(init="0000100010011101")(0...]
Compiling architecture lut4_v of entity unisim.LUT4 [\LUT4(init="0000010100000100")(0...]
Compiling architecture lut5_v of entity unisim.LUT5 [\LUT5(init="00000000011001100000...]
Compiling architecture lut6_v of entity unisim.LUT6 [\LUT6(init="00000000000000000111...]
Compiling architecture lut6_v of entity unisim.LUT6 [\LUT6(init="00010101010000000001...]
Compiling architecture structure of entity xil_defaultlib.TX_RS232 [tx_rs232_default]
Compiling architecture structure of entity xil_defaultlib.RS232top [rs232top_default]
Compiling architecture obuf_v of entity unisim.OBUF [\OBUF(1,9)(1,7)(1,4)\]
Compiling architecture structure of entity xil_defaultlib.PICtop [pictop_default]
Compiling architecture testbench of entity xil_defaultlib.pictop_tb
Built simulation snapshot PICtop_tb_func_impl
