#-----------------------------------------------------------
# Vivado v2018.3 (64-bit)
# SW Build 2405991 on Thu Dec  6 23:38:27 MST 2018
# IP Build 2404404 on Fri Dec  7 01:43:56 MST 2018
# Start of session at: Mon Mar  4 10:45:54 2019
# Process ID: 17584
# Current directory: C:/Users/Engenieer/Documents/RX_RS232
# Command line: vivado.exe -gui_launcher_event rodinguilauncherevent18048 C:\Users\Engenieer\Documents\RX_RS232\RX_RS232.xpr
# Log file: C:/Users/Engenieer/Documents/RX_RS232/vivado.log
# Journal file: C:/Users/Engenieer/Documents/RX_RS232\vivado.jou
#-----------------------------------------------------------
start_gui
open_project C:/Users/Engenieer/Documents/RX_RS232/RX_RS232.xpr
Scanning sources...
Finished scanning sources
INFO: [IP_Flow 19-234] Refreshing IP repositories
INFO: [IP_Flow 19-1704] No user IP repositories specified
INFO: [IP_Flow 19-2313] Loaded Vivado IP repository 'C:/Xilinx/Vivado/2018.3/data/ip'.
open_project: Time (s): cpu = 00:00:17 ; elapsed = 00:00:18 . Memory (MB): peak = 717.512 ; gain = 141.668
update_compile_order -fileset sources_1
exit
INFO: [Common 17-206] Exiting Vivado at Mon Mar  4 16:56:00 2019...
