
*** Running vivado
    with args -log PICtop.vds -m64 -product Vivado -mode batch -messageDb vivado.pb -notrace -source PICtop.tcl


****** Vivado v2019.2 (64-bit)
  **** SW Build 2708876 on Wed Nov  6 21:40:23 MST 2019
  **** IP Build 2700528 on Thu Nov  7 00:09:20 MST 2019
    ** Copyright 1986-2019 Xilinx, Inc. All Rights Reserved.

source PICtop.tcl -notrace
Command: synth_design -top PICtop -part xc7a100tcsg324-1
Starting synth_design
Attempting to get a license for feature 'Synthesis' and/or device 'xc7a100t'
INFO: [Common 17-349] Got license for feature 'Synthesis' and/or device 'xc7a100t'
INFO: [Device 21-403] Loading part xc7a100tcsg324-1
INFO: Launching helper process for spawning children vivado processes
INFO: Helper process launched with PID 15840 
---------------------------------------------------------------------------------
Starting RTL Elaboration : Time (s): cpu = 00:00:07 ; elapsed = 00:00:07 . Memory (MB): peak = 1231.313 ; gain = 227.910
---------------------------------------------------------------------------------
ERROR: [Synth 8-1031] conv_integer is not declared [C:/Users/Engenieer/Documents/LCSEL_git/LCSEL/RS232_DMA_RAM/RS232_DMA_RAM.srcs/sources_1/imports/LCSEL/RS232_DMA_RAM/RAM.vhd:32]
ERROR: [Synth 8-1031] conv_integer is not declared [C:/Users/Engenieer/Documents/LCSEL_git/LCSEL/RS232_DMA_RAM/RS232_DMA_RAM.srcs/sources_1/imports/LCSEL/RS232_DMA_RAM/RAM.vhd:38]
INFO: [Synth 8-2810] unit behavior ignored due to previous errors [C:/Users/Engenieer/Documents/LCSEL_git/LCSEL/RS232_DMA_RAM/RS232_DMA_RAM.srcs/sources_1/imports/LCSEL/RS232_DMA_RAM/RAM.vhd:18]
---------------------------------------------------------------------------------
Finished RTL Elaboration : Time (s): cpu = 00:00:09 ; elapsed = 00:00:09 . Memory (MB): peak = 1302.555 ; gain = 299.152
---------------------------------------------------------------------------------
RTL Elaboration failed
INFO: [Common 17-83] Releasing license: Synthesis
4 Infos, 0 Warnings, 0 Critical Warnings and 3 Errors encountered.
synth_design failed
ERROR: [Common 17-69] Command failed: Synthesis failed - please see the console or run log file for details
INFO: [Common 17-206] Exiting Vivado at Mon Nov 18 01:39:49 2019...
