Copyright 1986-2019 Xilinx, Inc. All Rights Reserved.
------------------------------------------------------------------------------------
| Tool Version : Vivado v.2019.2 (win64) Build 2700185 Thu Oct 24 18:46:05 MDT 2019
| Date         : Thu Jan  2 13:19:29 2020
| Host         : Engineer-PC running 64-bit Service Pack 1  (build 7601)
| Command      : upgrade_ip
| Device       : xc7a100tcsg324-1
------------------------------------------------------------------------------------

Upgrade Log for IP 'Clk_gen'

1. Summary
----------

SUCCESS in the conversion of Clk_gen (xilinx.com:ip:clk_wiz:6.0 (Rev. 4)) to Vivado generation flows.






Copyright 1986-2019 Xilinx, Inc. All Rights Reserved.
------------------------------------------------------------------------------------
| Tool Version : Vivado v.2019.2 (win64) Build 2700185 Thu Oct 24 18:46:05 MDT 2019
| Date         : Thu Jan  2 13:19:10 2020
| Host         : Engineer-PC running 64-bit Service Pack 1  (build 7601)
| Command      : upgrade_ip
| Device       : xc7a100tcsg324-1
------------------------------------------------------------------------------------

Upgrade Log for IP 'Clk_PIC_TOP'

1. Summary
----------

SUCCESS in the conversion of Clk_PIC_TOP (xilinx.com:ip:clk_wiz:6.0 (Rev. 4)) to Vivado generation flows.

