#
# A fatal error has been detected by the Java Runtime Environment:
#
#  EXCEPTION_ACCESS_VIOLATION (0xc0000005) at pc=0x000007feab6a8129, pid=7316, tid=10052
#
# JRE version: Java(TM) SE Runtime Environment (9.0+11) (build 9.0.4+11)
# Java VM: Java HotSpot(TM) 64-Bit Server VM (9.0.4+11, mixed mode, tiered, compressed oops, g1 gc, windows-amd64)
# Problematic frame:
# C  0x000007feab6a8129
#
# No core dump will be written. Minidumps are not enabled by default on client versions of Windows
#
# If you would like to submit a bug report, please visit:
#   http://bugreport.java.com/bugreport/crash.jsp
# The crash happened outside the Java Virtual Machine in native code.
# See problematic frame for where to report the bug.
#

---------------  S U M M A R Y ------------

Command Line: -Dsun.java2d.pmoffscreen=false -Dsun.java2d.xrender=false -Dsun.java2d.d3d=false -Dsun.awt.nopixfmt=true -Dsun.java2d.dpiaware=true -Dsun.java2d.uiScale.enabled=false -Xverify:none -Dswing.aatext=true -XX:-UsePerfData -Djdk.map.althashing.threshold=512 -XX:StringTableSize=4072 --add-opens=java.base/java.nio=ALL-UNNAMED --add-opens=java.desktop/sun.swing=ALL-UNNAMED --add-opens=java.desktop/javax.swing=ALL-UNNAMED --add-opens=java.desktop/javax.swing.tree=ALL-UNNAMED --add-opens=java.desktop/javax.swing.plaf.basic=ALL-UNNAMED --add-opens=java.desktop/javax.swing.plaf.synth=ALL-UNNAMED --add-opens=java.desktop/com.sun.awt=ALL-UNNAMED -XX:NewSize=60m -XX:MaxNewSize=60m -Xms128m -Xmx3072m -Xss5m 

Host: Intel(R) Core(TM) i5-2410M CPU @ 2.30GHz, 4 cores, 7G,  Windows 7 , 64 bit Build 7601 (6.1.7601.24540)
Time: Fri Jan 03 19:18:36 2020 Hora estándar romance elapsed time: 17482 seconds (0d 4h 51m 22s)

---------------  T H R E A D  ---------------

Current thread (0x000000000f0aa800):  JavaThread "AWT-EventQueue-0" [_thread_in_native, id=10052, stack(0x0000000036540000,0x0000000036a40000)]

Stack: [0x0000000036540000,0x0000000036a40000],  sp=0x0000000036a3b410,  free space=5101k
Native frames: (J=compiled Java code, j=interpreted, Vv=VM code, C=native code)
C  0x000007feab6a8129
C  0x000007feab6aa3bb
C  0x000007feab6aab26
C  0x000007feab6c61c4
C  0x000007feabbce83a
C  0x000007feabbe72e7
C  0x000007feabc38b0c
C  0x0000000026c17e45

Java frames: (J=compiled Java code, j=interpreted, Vv=VM code)
J 17203  ui.views.simulator.executive.simulationi.SimulationExecutive_getCodeTooltipValue(JLjava/lang/String;IZ)Ljava/lang/String; (0 bytes) @ 0x0000000026c17dbf [0x0000000026c17d60+0x000000000000005f]
J 18393 c2 ui.views.O.d.mouseMoved(Ljava/awt/event/MouseEvent;)V (13 bytes) @ 0x000000002690f700 [0x000000002690f340+0x00000000000003c0]
J 17338 c2 java.awt.AWTEventMulticaster.mouseMoved(Ljava/awt/event/MouseEvent;)V java.desktop@9.0.4 (27 bytes) @ 0x0000000026c64274 [0x0000000026c641c0+0x00000000000000b4]
J 17338 c2 java.awt.AWTEventMulticaster.mouseMoved(Ljava/awt/event/MouseEvent;)V java.desktop@9.0.4 (27 bytes) @ 0x0000000026c64234 [0x0000000026c641c0+0x0000000000000074]
J 30981 c2 javax.swing.JComponent.processMouseMotionEvent(Ljava/awt/event/MouseEvent;)V java.desktop@9.0.4 (46 bytes) @ 0x0000000027bcc1d0 [0x0000000027bcc0c0+0x0000000000000110]
J 13064 c2 java.awt.Container.processEvent(Ljava/awt/AWTEvent;)V java.desktop@9.0.4 (22 bytes) @ 0x00000000267e8518 [0x00000000267e83a0+0x0000000000000178]
J 26471 c2 java.awt.Component.dispatchEventImpl(Ljava/awt/AWTEvent;)V java.desktop@9.0.4 (739 bytes) @ 0x000000002738c214 [0x000000002738b7e0+0x0000000000000a34]
J 24273 c2 java.awt.Container.dispatchEventImpl(Ljava/awt/AWTEvent;)V java.desktop@9.0.4 (129 bytes) @ 0x0000000026f472c8 [0x0000000026f47060+0x0000000000000268]
J 24166 c2 java.awt.LightweightDispatcher.retargetMouseEvent(Ljava/awt/Component;ILjava/awt/event/MouseEvent;)V java.desktop@9.0.4 (350 bytes) @ 0x0000000026e85148 [0x0000000026e84be0+0x0000000000000568]
J 19426 c2 java.awt.LightweightDispatcher.processMouseEvent(Ljava/awt/event/MouseEvent;)Z java.desktop@9.0.4 (265 bytes) @ 0x000000002642c318 [0x000000002642bac0+0x0000000000000858]
J 24273 c2 java.awt.Container.dispatchEventImpl(Ljava/awt/AWTEvent;)V java.desktop@9.0.4 (129 bytes) @ 0x0000000026f475cc [0x0000000026f47060+0x000000000000056c]
J 17651 c2 java.awt.Window.dispatchEventImpl(Ljava/awt/AWTEvent;)V java.desktop@9.0.4 (23 bytes) @ 0x0000000026ceb48c [0x0000000026ceb440+0x000000000000004c]
J 14225 c2 java.awt.EventQueue$3.run()Ljava/lang/Void; java.desktop@9.0.4 (60 bytes) @ 0x000000002618a4e0 [0x0000000026189f00+0x00000000000005e0]
J 14261 c2 java.awt.EventQueue$3.run()Ljava/lang/Object; java.desktop@9.0.4 (5 bytes) @ 0x00000000261639d4 [0x00000000261639a0+0x0000000000000034]
v  ~StubRoutines::call_stub
J 4370  java.security.AccessController.doPrivileged(Ljava/security/PrivilegedAction;Ljava/security/AccessControlContext;)Ljava/lang/Object; java.base@9.0.4 (0 bytes) @ 0x0000000025fcde46 [0x0000000025fcdde0+0x0000000000000066]
J 17278 c2 java.awt.EventQueue$4.run()Ljava/lang/Object; java.desktop@9.0.4 (5 bytes) @ 0x0000000026c3e7a8 [0x0000000026c3e560+0x0000000000000248]
v  ~StubRoutines::call_stub
J 4370  java.security.AccessController.doPrivileged(Ljava/security/PrivilegedAction;Ljava/security/AccessControlContext;)Ljava/lang/Object; java.base@9.0.4 (0 bytes) @ 0x0000000025fcde46 [0x0000000025fcdde0+0x0000000000000066]
J 19008 c2 ui.frmwork.b.d.dispatchEvent(Ljava/awt/AWTEvent;)V (34 bytes) @ 0x0000000026e6dd50 [0x0000000026e6d700+0x0000000000000650]
J 24215 c2 java.awt.EventDispatchThread.pumpOneEventForFilters(I)V java.desktop@9.0.4 (218 bytes) @ 0x0000000026f139ec [0x0000000026f135a0+0x000000000000044c]
J 19053% c2 java.awt.EventDispatchThread.pumpEventsForFilter(ILjava/awt/Conditional;Ljava/awt/EventFilter;)V java.desktop@9.0.4 (47 bytes) @ 0x0000000026ead9c0 [0x0000000026ead8c0+0x0000000000000100]
j  java.awt.EventDispatchThread.pumpEventsForHierarchy(ILjava/awt/Conditional;Ljava/awt/Component;)V+11 java.desktop@9.0.4
j  java.awt.EventDispatchThread.pumpEvents(ILjava/awt/Conditional;)V+4 java.desktop@9.0.4
j  java.awt.EventDispatchThread.pumpEvents(Ljava/awt/Conditional;)V+3 java.desktop@9.0.4
j  java.awt.EventDispatchThread.run()V+9 java.desktop@9.0.4
v  ~StubRoutines::call_stub

siginfo: EXCEPTION_ACCESS_VIOLATION (0xc0000005), reading address 0xffffffffffffffff


Register to memory mapping:

RIP=0x000007feab6a8129 is an unknown value
RAX=0x000007feab9905a2 is an unknown value
RBX=0x0000000067c75a50 is an unknown value
RCX=0x0000000067c75a50 is an unknown value
RDX=0x0000000036a3b498 is pointing into the stack for thread: 0x000000000f0aa800
RSP=0x0000000036a3b410 is pointing into the stack for thread: 0x000000000f0aa800
RBP=0x0000000036a3b4e9 is pointing into the stack for thread: 0x000000000f0aa800
RSI=0x0000000036a3b498 is pointing into the stack for thread: 0x000000000f0aa800
RDI=0x00000000744fdd28 is an unknown value
R8 =0x0000000036a3b498 is pointing into the stack for thread: 0x000000000f0aa800
R9 =0x0000000000000000 is an unknown value
R10=0x0000000067c75a50 is an unknown value
R11=0x000007feab580000 is an unknown value
R12=0x0000000036a3b5cb is pointing into the stack for thread: 0x000000000f0aa800
R13=0x0000000036a3b700 is pointing into the stack for thread: 0x000000000f0aa800
R14=0x0000000000000000 is an unknown value
R15=0x0000000000000000 is an unknown value


Registers:
RAX=0x000007feab9905a2, RBX=0x0000000067c75a50, RCX=0x0000000067c75a50, RDX=0x0000000036a3b498
RSP=0x0000000036a3b410, RBP=0x0000000036a3b4e9, RSI=0x0000000036a3b498, RDI=0x00000000744fdd28
R8 =0x0000000036a3b498, R9 =0x0000000000000000, R10=0x0000000067c75a50, R11=0x000007feab580000
R12=0x0000000036a3b5cb, R13=0x0000000036a3b700, R14=0x0000000000000000, R15=0x0000000000000000
RIP=0x000007feab6a8129, EFLAGS=0x0000000000010202

Top of Stack: (sp=0x0000000036a3b410)
0x0000000036a3b410:   00000007072442f8 0000000717e26e90
0x0000000036a3b420:   0000000067c75a50 00000000e0010ce3
0x0000000036a3b430:   0000000000000000 000007feab6aa3bb
0x0000000036a3b440:   0000000000000000 00000000744fdd28
0x0000000036a3b450:   000000070000022d 000000000000051c
0x0000000036a3b460:   0000000000000000 0000000000000001
0x0000000036a3b470:   0000000702210000 0000000000000000
0x0000000036a3b480:   0000000000000000 0000000067c75a50
0x0000000036a3b490:   fffffffffffffffe 0000000700646e61
0x0000000036a3b4a0:   00000000e0e48834 0000000000000003
0x0000000036a3b4b0:   000000000000000f 00000000003fb300
0x0000000036a3b4c0:   0000000000419bc0 0000000000000000
0x0000000036a3b4d0:   000000000000000f 00000007029f6a00
0x0000000036a3b4e0:   0000000000000000 00000007009be088
0x0000000036a3b4f0:   0000000077273128 0000000000000000
0x0000000036a3b500:   00008ea67accc34a 000007feab5f4f25 

Instructions: (pc=0x000007feab6a8129)
0x000007feab6a8109:   10 57 48 83 ec 20 49 8b f0 48 8b da 48 8b f9 0f
0x000007feab6a8119:   1f 84 00 00 00 00 00 48 8b 03 48 8b d6 48 8b cb
0x000007feab6a8129:   ff 50 30 48 85 c0 75 27 48 8b 03 48 8b cb ff 90
0x000007feab6a8139:   b8 00 00 00 84 c0 75 15 48 3b 5f 28 75 06 48 8b 



---------------  P R O C E S S  ---------------

Java Threads: ( => current thread )
  0x000000006d152000 JavaThread "Relaunch Simulation Thread" [_thread_blocked, id=10048, stack(0x0000000073110000,0x0000000073610000)]
  0x000000006d14c000 JavaThread "Monitor File Timestamp Swing Worker Thread" [_thread_blocked, id=7732, stack(0x000000005d020000,0x000000005d520000)]
  0x000000006d14e800 JavaThread "Timer-9" [_thread_blocked, id=9272, stack(0x000000005ca10000,0x000000005cf10000)]
  0x000000006d14d000 JavaThread "Update Runs Swing Worker Thread" [_thread_blocked, id=9576, stack(0x000000005f9a0000,0x000000005fea0000)]
  0x000000006d14f000 JavaThread "Refresh Filesets Swing Worker Thread" [_thread_blocked, id=7776, stack(0x0000000059230000,0x0000000059730000)]
  0x00000000393f9800 JavaThread "Swing-Shell" daemon [_thread_blocked, id=8944, stack(0x0000000058600000,0x0000000058b00000)]
  0x000000000ef3f000 JavaThread "SyntheticaAnimation 50" daemon [_thread_blocked, id=6356, stack(0x000000005b230000,0x000000005b730000)]
  0x00000000393f4000 JavaThread "Image Animator 3" daemon [_thread_blocked, id=5608, stack(0x0000000057030000,0x0000000057530000)]
  0x00000000393f3800 JavaThread "SyntheticaAnimation 50" daemon [_thread_blocked, id=9812, stack(0x0000000040f20000,0x0000000041420000)]
  0x000000000ef41800 JavaThread "hw_ila_monitor" [_thread_blocked, id=7936, stack(0x0000000051d40000,0x0000000052240000)]
  0x000000000ef40000 JavaThread "SyntheticaAnimation 70" daemon [_thread_blocked, id=5660, stack(0x0000000041480000,0x0000000041980000)]
  0x000000000ef3d800 JavaThread "SyntheticaAnimation 25" daemon [_thread_blocked, id=7588, stack(0x0000000040170000,0x0000000040670000)]
  0x000000000ef3b800 JavaThread "SyntheticaAnimation 50" daemon [_thread_blocked, id=8472, stack(0x000000003fb50000,0x0000000040050000)]
  0x000000000ef3d000 JavaThread "Monitor HEventQueue Thread" [_thread_blocked, id=6792, stack(0x000000003f590000,0x000000003fa90000)]
  0x000000000ef3c000 JavaThread "SyntheticaCleanerThread" daemon [_thread_blocked, id=5968, stack(0x000000003abc0000,0x000000003b0c0000)]
  0x000000000ef3a800 JavaThread "Batik CleanerThread" daemon [_thread_blocked, id=9548, stack(0x0000000036e80000,0x0000000037380000)]
  0x000000000f16f000 JavaThread "Process Messages Thread" [_thread_blocked, id=2244, stack(0x00000000374d0000,0x00000000379d0000)]
  0x0000000032f35800 JavaThread "Thread-1" [_thread_in_native, id=6424, stack(0x00000000039e0000,0x0000000004de0000)]
=>0x000000000f0aa800 JavaThread "AWT-EventQueue-0" [_thread_in_native, id=10052, stack(0x0000000036540000,0x0000000036a40000)]
  0x000000000ed95000 JavaThread "AWT-Shutdown" [_thread_blocked, id=10028, stack(0x0000000035e80000,0x0000000036380000)]
  0x000000000e9c0000 JavaThread "TimerQueue" daemon [_thread_blocked, id=8960, stack(0x0000000035160000,0x0000000035660000)]
  0x000000000e830000 JavaThread "AWT-Windows" daemon [_thread_in_native, id=8520, stack(0x0000000034980000,0x0000000034e80000)]
  0x000000000e822000 JavaThread "Java2D Disposer" daemon [_thread_blocked, id=4384, stack(0x0000000033eb0000,0x00000000343b0000)]
  0x000000000df6c800 JavaThread "Service Thread" daemon [_thread_blocked, id=5480, stack(0x0000000032790000,0x0000000032c90000)]
  0x000000000df50800 JavaThread "Common-Cleaner" daemon [_thread_blocked, id=9132, stack(0x0000000032180000,0x0000000032680000)]
  0x000000000e338800 JavaThread "Sweeper thread" daemon [_thread_blocked, id=9304, stack(0x0000000031c00000,0x0000000032100000)]
  0x000000000e338000 JavaThread "C1 CompilerThread2" daemon [_thread_blocked, id=420, stack(0x000000001de40000,0x000000001df40000)]
  0x0000000006b82800 JavaThread "C2 CompilerThread1" daemon [_thread_blocked, id=9972, stack(0x0000000011e50000,0x0000000011f50000)]
  0x000000000e4a1000 JavaThread "C2 CompilerThread0" daemon [_thread_blocked, id=1472, stack(0x0000000011aa0000,0x0000000011ba0000)]
  0x0000000006a83800 JavaThread "Attach Listener" daemon [_thread_blocked, id=9292, stack(0x00000000315f0000,0x0000000031af0000)]
  0x000000000e4a0000 JavaThread "Signal Dispatcher" daemon [_thread_blocked, id=6180, stack(0x0000000030fe0000,0x00000000314e0000)]
  0x000000000ba46000 JavaThread "Finalizer" daemon [_thread_blocked, id=4820, stack(0x0000000030a50000,0x0000000030f50000)]
  0x000000000ba45000 JavaThread "Reference Handler" daemon [_thread_blocked, id=7744, stack(0x0000000030390000,0x0000000030890000)]
  0x000000000e421000 JavaThread "main" [_thread_blocked, id=5628, stack(0x0000000007020000,0x0000000007120000)]

Other Threads:
  0x000000000c529800 VMThread "VM Thread" [stack: 0x0000000011c60000,0x0000000011d60000] [id=9620]
  0x000000000e54e000 WatcherThread [stack: 0x0000000032cf0000,0x0000000032df0000] [id=8416]
  0x000000000e4da000 GCTaskThread "GC Thread#0" [stack: 0x000000000a230000,0x000000000a330000] [id=10140]
  0x000000000e5f8800 GCTaskThread "GC Thread#1" [stack: 0x000000000a4d0000,0x000000000a5d0000] [id=6408]
  0x000000000b7c0800 GCTaskThread "GC Thread#2" [stack: 0x000000000a370000,0x000000000a470000] [id=6440]
  0x000000000b7c1000 GCTaskThread "GC Thread#3" [stack: 0x000000000c640000,0x000000000c740000] [id=8876]
  0x000000000ddbf000 ConcurrentGCThread "G1 Main Marker" [stack: 0x0000000010ce0000,0x0000000010de0000] [id=3528]
  0x000000000ddbf800 ConcurrentGCThread "G1 Marker#0" [stack: 0x0000000010f60000,0x0000000011060000] [id=5060]
  0x000000000debe000 ConcurrentGCThread "G1 Refine#0" [stack: 0x000000000cef0000,0x000000000cff0000] [id=5564]
  0x000000000c154800 ConcurrentGCThread "G1 Refine#1" [stack: 0x000000000d050000,0x000000000d150000] [id=3240]
  0x000000000c153800 ConcurrentGCThread "G1 Refine#2" [stack: 0x000000000cd60000,0x000000000ce60000] [id=9080]
  0x000000000de92800 ConcurrentGCThread "G1 Refine#3" [stack: 0x000000000cbf0000,0x000000000ccf0000] [id=3920]
  0x000000000c61e800 ConcurrentGCThread "G1 Young RemSet Sampling" [stack: 0x000000000f300000,0x000000000f400000] [id=9744]

Threads with active compile tasks:

VM state:not at safepoint (normal execution)

VM Mutex/Monitor currently owned by a thread: None

Heap address: 0x0000000700000000, size: 3072 MB, Compressed Oops mode: Zero based, Oop shift amount: 3
Narrow klass base: 0x0000000000000000, Narrow klass shift: 3
Compressed class space size: 1073741824 Address: 0x00000007c0000000

Heap:
 garbage-first heap   total 397312K, used 138581K [0x0000000700000000, 0x0000000700100c20, 0x00000007c0000000)
  region size 1024K, 8 young (8192K), 2 survivors (2048K)
 Metaspace       used 94212K, capacity 96169K, committed 103164K, reserved 1138688K
  class space    used 12664K, capacity 13089K, committed 14588K, reserved 1048576K
Heap Regions: E=young(eden), S=young(survivor), O=old, HS=humongous(starts), HC=humongous(continues), CS=collection set, F=free, A=archive, TS=gc time stamp, AC=allocation context, TAMS=top-at-mark-start (previous, next)
|   0|0x0000000700000000, 0x00000007000f8f60, 0x0000000700100000| 97%| O|  |TS  0|AC  0|TAMS 0x0000000700000000, 0x0000000700000000|
|   1|0x0000000700100000, 0x00000007001df388, 0x0000000700200000| 87%| O|  |TS  0|AC  0|TAMS 0x0000000700100000, 0x0000000700100000|
|   2|0x0000000700200000, 0x00000007002df3f0, 0x0000000700300000| 87%| O|  |TS  0|AC  0|TAMS 0x0000000700200000, 0x0000000700200000|
|   3|0x0000000700300000, 0x00000007003fe7e8, 0x0000000700400000| 99%| O|  |TS  0|AC  0|TAMS 0x0000000700300000, 0x0000000700300000|
|   4|0x0000000700400000, 0x0000000700500000, 0x0000000700500000|100%|HS|  |TS  0|AC  0|TAMS 0x0000000700400000, 0x0000000700400000|
|   5|0x0000000700500000, 0x0000000700600000, 0x0000000700600000|100%|HC|  |TS  0|AC  0|TAMS 0x0000000700500000, 0x0000000700500000|
|   6|0x0000000700600000, 0x0000000700700000, 0x0000000700700000|100%|HS|  |TS  0|AC  0|TAMS 0x0000000700600000, 0x0000000700600000|
|   7|0x0000000700700000, 0x00000007007f96d8, 0x0000000700800000| 97%| O|  |TS  0|AC  0|TAMS 0x0000000700700000, 0x0000000700700000|
|   8|0x0000000700800000, 0x00000007008d1f50, 0x0000000700900000| 82%| O|  |TS  0|AC  0|TAMS 0x0000000700800000, 0x0000000700800000|
|   9|0x0000000700900000, 0x00000007009fffe8, 0x0000000700a00000| 99%| O|  |TS  0|AC  0|TAMS 0x0000000700900000, 0x0000000700900000|
|  10|0x0000000700a00000, 0x0000000700affff8, 0x0000000700b00000| 99%| O|  |TS  0|AC  0|TAMS 0x0000000700a00000, 0x0000000700a00000|
|  11|0x0000000700b00000, 0x0000000700bfffd8, 0x0000000700c00000| 99%| O|  |TS  0|AC  0|TAMS 0x0000000700b00000, 0x0000000700b00000|
|  12|0x0000000700c00000, 0x0000000700cffd68, 0x0000000700d00000| 99%| O|  |TS  0|AC  0|TAMS 0x0000000700c00000, 0x0000000700c00000|
|  13|0x0000000700d00000, 0x0000000700dd9160, 0x0000000700e00000| 84%| O|  |TS  0|AC  0|TAMS 0x0000000700d00000, 0x0000000700d00000|
|  14|0x0000000700e00000, 0x0000000700ef3758, 0x0000000700f00000| 95%| O|  |TS  0|AC  0|TAMS 0x0000000700e00000, 0x0000000700e00000|
|  15|0x0000000700f00000, 0x0000000700ff9ca8, 0x0000000701000000| 97%| O|  |TS  0|AC  0|TAMS 0x0000000700f00000, 0x0000000700f00000|
|  16|0x0000000701000000, 0x00000007010fffe8, 0x0000000701100000| 99%| O|  |TS  0|AC  0|TAMS 0x0000000701000000, 0x0000000701000000|
|  17|0x0000000701100000, 0x00000007011fffb8, 0x0000000701200000| 99%| O|  |TS  0|AC  0|TAMS 0x0000000701100000, 0x0000000701100000|
|  18|0x0000000701200000, 0x00000007012ffff8, 0x0000000701300000| 99%| O|  |TS  0|AC  0|TAMS 0x0000000701200000, 0x0000000701200000|
|  19|0x0000000701300000, 0x00000007013fe5e0, 0x0000000701400000| 99%| O|  |TS  0|AC  0|TAMS 0x0000000701300000, 0x0000000701300000|
|  20|0x0000000701400000, 0x0000000701500000, 0x0000000701500000|100%| O|  |TS  0|AC  0|TAMS 0x0000000701400000, 0x0000000701400000|
|  21|0x0000000701500000, 0x00000007015ffff8, 0x0000000701600000| 99%| O|  |TS  0|AC  0|TAMS 0x0000000701500000, 0x0000000701500000|
|  22|0x0000000701600000, 0x0000000701700000, 0x0000000701700000|100%| O|  |TS  0|AC  0|TAMS 0x0000000701600000, 0x0000000701600000|
|  23|0x0000000701700000, 0x00000007017fdf58, 0x0000000701800000| 99%| O|  |TS  0|AC  0|TAMS 0x0000000701700000, 0x0000000701700000|
|  24|0x0000000701800000, 0x0000000701900000, 0x0000000701900000|100%| O|  |TS  0|AC  0|TAMS 0x0000000701800000, 0x0000000701800000|
|  25|0x0000000701900000, 0x00000007019ffff0, 0x0000000701a00000| 99%| O|  |TS  0|AC  0|TAMS 0x0000000701900000, 0x0000000701900000|
|  26|0x0000000701a00000, 0x0000000701afffe8, 0x0000000701b00000| 99%| O|  |TS  0|AC  0|TAMS 0x0000000701a00000, 0x0000000701a00000|
|  27|0x0000000701b00000, 0x0000000701bffff8, 0x0000000701c00000| 99%| O|  |TS  0|AC  0|TAMS 0x0000000701b00000, 0x0000000701b00000|
|  28|0x0000000701c00000, 0x0000000701cfffd8, 0x0000000701d00000| 99%| O|  |TS  0|AC  0|TAMS 0x0000000701c00000, 0x0000000701c00000|
|  29|0x0000000701d00000, 0x0000000701dffff8, 0x0000000701e00000| 99%| O|  |TS  0|AC  0|TAMS 0x0000000701d00000, 0x0000000701d00000|
|  30|0x0000000701e00000, 0x0000000701f00000, 0x0000000701f00000|100%| O|  |TS  0|AC  0|TAMS 0x0000000701e00000, 0x0000000701e00000|
|  31|0x0000000701f00000, 0x0000000701fffff0, 0x0000000702000000| 99%| O|  |TS  0|AC  0|TAMS 0x0000000701f00000, 0x0000000701f00000|
|  32|0x0000000702000000, 0x00000007020fffe8, 0x0000000702100000| 99%| O|  |TS  0|AC  0|TAMS 0x0000000702000000, 0x0000000702000000|
|  33|0x0000000702100000, 0x00000007021ffff0, 0x0000000702200000| 99%| O|  |TS  0|AC  0|TAMS 0x0000000702100000, 0x0000000702100000|
|  34|0x0000000702200000, 0x00000007022ffff8, 0x0000000702300000| 99%| O|  |TS  0|AC  0|TAMS 0x0000000702200000, 0x0000000702200000|
|  35|0x0000000702300000, 0x00000007023ffff8, 0x0000000702400000| 99%| O|  |TS  0|AC  0|TAMS 0x0000000702300000, 0x0000000702300000|
|  36|0x0000000702400000, 0x00000007024ffff8, 0x0000000702500000| 99%| O|  |TS  0|AC  0|TAMS 0x0000000702400000, 0x0000000702400000|
|  37|0x0000000702500000, 0x00000007025ff9f0, 0x0000000702600000| 99%| O|  |TS  0|AC  0|TAMS 0x0000000702500000, 0x0000000702500000|
|  38|0x0000000702600000, 0x00000007026fff70, 0x0000000702700000| 99%| O|  |TS  0|AC  0|TAMS 0x0000000702600000, 0x0000000702600000|
|  39|0x0000000702700000, 0x00000007027fffe8, 0x0000000702800000| 99%| O|  |TS  0|AC  0|TAMS 0x0000000702700000, 0x0000000702700000|
|  40|0x0000000702800000, 0x00000007028fffe8, 0x0000000702900000| 99%| O|  |TS  0|AC  0|TAMS 0x0000000702800000, 0x0000000702800000|
|  41|0x0000000702900000, 0x00000007029ffd38, 0x0000000702a00000| 99%| O|  |TS  0|AC  0|TAMS 0x0000000702900000, 0x0000000702900000|
|  42|0x0000000702a00000, 0x0000000702afffe8, 0x0000000702b00000| 99%| O|  |TS  0|AC  0|TAMS 0x0000000702a00000, 0x0000000702a00000|
|  43|0x0000000702b00000, 0x0000000702bffff0, 0x0000000702c00000| 99%| O|  |TS  0|AC  0|TAMS 0x0000000702b00000, 0x0000000702b00000|
|  44|0x0000000702c00000, 0x0000000702cffff8, 0x0000000702d00000| 99%| O|  |TS  0|AC  0|TAMS 0x0000000702c00000, 0x0000000702c00000|
|  45|0x0000000702d00000, 0x0000000702dfffb0, 0x0000000702e00000| 99%| O|  |TS  0|AC  0|TAMS 0x0000000702d00000, 0x0000000702d00000|
|  46|0x0000000702e00000, 0x0000000702effff8, 0x0000000702f00000| 99%| O|  |TS  0|AC  0|TAMS 0x0000000702e00000, 0x0000000702e00000|
|  47|0x0000000702f00000, 0x0000000703000000, 0x0000000703000000|100%|HS|  |TS  0|AC  0|TAMS 0x0000000702f00000, 0x0000000702f00000|
|  48|0x0000000703000000, 0x0000000703100000, 0x0000000703100000|100%|HC|  |TS  0|AC  0|TAMS 0x0000000703000000, 0x0000000703000000|
|  49|0x0000000703100000, 0x0000000703200000, 0x0000000703200000|100%|HC|  |TS  0|AC  0|TAMS 0x0000000703100000, 0x0000000703100000|
|  50|0x0000000703200000, 0x0000000703300000, 0x0000000703300000|100%|HC|  |TS  0|AC  0|TAMS 0x0000000703200000, 0x0000000703200000|
|  51|0x0000000703300000, 0x00000007033ffe98, 0x0000000703400000| 99%| O|  |TS  0|AC  0|TAMS 0x0000000703300000, 0x0000000703300000|
|  52|0x0000000703400000, 0x0000000703500000, 0x0000000703500000|100%| O|  |TS  0|AC  0|TAMS 0x0000000703400000, 0x0000000703400000|
|  53|0x0000000703500000, 0x00000007035fe908, 0x0000000703600000| 99%| O|  |TS  0|AC  0|TAMS 0x0000000703500000, 0x0000000703500000|
|  54|0x0000000703600000, 0x0000000703700000, 0x0000000703700000|100%| O|  |TS  0|AC  0|TAMS 0x0000000703600000, 0x0000000703600000|
|  55|0x0000000703700000, 0x00000007037ffff0, 0x0000000703800000| 99%| O|  |TS  0|AC  0|TAMS 0x0000000703700000, 0x0000000703700000|
|  56|0x0000000703800000, 0x00000007038ffff8, 0x0000000703900000| 99%| O|  |TS  0|AC  0|TAMS 0x0000000703800000, 0x0000000703800000|
|  57|0x0000000703900000, 0x0000000703a00000, 0x0000000703a00000|100%| O|  |TS  0|AC  0|TAMS 0x0000000703900000, 0x0000000703900000|
|  58|0x0000000703a00000, 0x0000000703affff8, 0x0000000703b00000| 99%| O|  |TS  0|AC  0|TAMS 0x0000000703a00000, 0x0000000703a00000|
|  59|0x0000000703b00000, 0x0000000703bfffe0, 0x0000000703c00000| 99%| O|  |TS  0|AC  0|TAMS 0x0000000703b00000, 0x0000000703b00000|
|  60|0x0000000703c00000, 0x0000000703cffff8, 0x0000000703d00000| 99%| O|  |TS  0|AC  0|TAMS 0x0000000703c00000, 0x0000000703c00000|
|  61|0x0000000703d00000, 0x0000000703dfec60, 0x0000000703e00000| 99%| O|  |TS  0|AC  0|TAMS 0x0000000703d00000, 0x0000000703d00000|
|  62|0x0000000703e00000, 0x0000000703effff0, 0x0000000703f00000| 99%| O|  |TS  0|AC  0|TAMS 0x0000000703e00000, 0x0000000703e00000|
|  63|0x0000000703f00000, 0x0000000703fffa38, 0x0000000704000000| 99%| O|  |TS  0|AC  0|TAMS 0x0000000703f00000, 0x0000000703f00000|
|  64|0x0000000704000000, 0x00000007040fffe8, 0x0000000704100000| 99%| O|  |TS  0|AC  0|TAMS 0x0000000704000000, 0x0000000704000000|
|  65|0x0000000704100000, 0x00000007041ffff0, 0x0000000704200000| 99%| O|  |TS  0|AC  0|TAMS 0x0000000704100000, 0x0000000704100000|
|  66|0x0000000704200000, 0x00000007042ffff0, 0x0000000704300000| 99%| O|  |TS  0|AC  0|TAMS 0x0000000704200000, 0x0000000704200000|
|  67|0x0000000704300000, 0x0000000704400000, 0x0000000704400000|100%|HS|  |TS  0|AC  0|TAMS 0x0000000704300000, 0x0000000704300000|
|  68|0x0000000704400000, 0x00000007044fed10, 0x0000000704500000| 99%| O|  |TS  0|AC  0|TAMS 0x0000000704400000, 0x0000000704400000|
|  69|0x0000000704500000, 0x00000007045ffff0, 0x0000000704600000| 99%| O|  |TS  0|AC  0|TAMS 0x0000000704500000, 0x0000000704500000|
|  70|0x0000000704600000, 0x00000007046ffff0, 0x0000000704700000| 99%| O|  |TS  0|AC  0|TAMS 0x0000000704600000, 0x0000000704600000|
|  71|0x0000000704700000, 0x00000007047ffff8, 0x0000000704800000| 99%| O|  |TS  0|AC  0|TAMS 0x0000000704700000, 0x0000000704700000|
|  72|0x0000000704800000, 0x00000007048fffe8, 0x0000000704900000| 99%| O|  |TS  0|AC  0|TAMS 0x0000000704800000, 0x0000000704800000|
|  73|0x0000000704900000, 0x00000007049ffff8, 0x0000000704a00000| 99%| O|  |TS  0|AC  0|TAMS 0x0000000704900000, 0x0000000704900000|
|  74|0x0000000704a00000, 0x0000000704b00000, 0x0000000704b00000|100%| O|  |TS  0|AC  0|TAMS 0x0000000704a00000, 0x0000000704a00000|
|  75|0x0000000704b00000, 0x0000000704c00000, 0x0000000704c00000|100%| O|  |TS  0|AC  0|TAMS 0x0000000704b00000, 0x0000000704b00000|
|  76|0x0000000704c00000, 0x0000000704d00000, 0x0000000704d00000|100%|HS|  |TS  0|AC  0|TAMS 0x0000000704c00000, 0x0000000704c00000|
|  77|0x0000000704d00000, 0x0000000704e00000, 0x0000000704e00000|100%|HC|  |TS  0|AC  0|TAMS 0x0000000704d00000, 0x0000000704d00000|
|  78|0x0000000704e00000, 0x0000000704f00000, 0x0000000704f00000|100%|HC|  |TS  0|AC  0|TAMS 0x0000000704e00000, 0x0000000704e00000|
|  79|0x0000000704f00000, 0x0000000705000000, 0x0000000705000000|100%|HC|  |TS  0|AC  0|TAMS 0x0000000704f00000, 0x0000000704f00000|
|  80|0x0000000705000000, 0x0000000705100000, 0x0000000705100000|100%|HC|  |TS  0|AC  0|TAMS 0x0000000705000000, 0x0000000705000000|
|  81|0x0000000705100000, 0x00000007051ffe78, 0x0000000705200000| 99%| O|  |TS  0|AC  0|TAMS 0x0000000705100000, 0x0000000705100000|
|  82|0x0000000705200000, 0x0000000705300000, 0x0000000705300000|100%| O|  |TS  0|AC  0|TAMS 0x0000000705200000, 0x0000000705200000|
|  83|0x0000000705300000, 0x00000007053fffe8, 0x0000000705400000| 99%| O|  |TS  0|AC  0|TAMS 0x0000000705300000, 0x0000000705300000|
|  84|0x0000000705400000, 0x00000007054fffb0, 0x0000000705500000| 99%| O|  |TS  0|AC  0|TAMS 0x0000000705400000, 0x0000000705400000|
|  85|0x0000000705500000, 0x00000007055ff228, 0x0000000705600000| 99%| O|  |TS  0|AC  0|TAMS 0x0000000705500000, 0x0000000705500000|
|  86|0x0000000705600000, 0x00000007056fff28, 0x0000000705700000| 99%| O|  |TS  0|AC  0|TAMS 0x0000000705600000, 0x0000000705600000|
|  87|0x0000000705700000, 0x00000007057fffe8, 0x0000000705800000| 99%| O|  |TS  0|AC  0|TAMS 0x0000000705700000, 0x0000000705700000|
|  88|0x0000000705800000, 0x0000000705900000, 0x0000000705900000|100%|HS|  |TS  0|AC  0|TAMS 0x0000000705800000, 0x0000000705800000|
|  89|0x0000000705900000, 0x0000000705a00000, 0x0000000705a00000|100%|HC|  |TS  0|AC  0|TAMS 0x0000000705900000, 0x0000000705900000|
|  90|0x0000000705a00000, 0x0000000705b00000, 0x0000000705b00000|100%|HC|  |TS  0|AC  0|TAMS 0x0000000705a00000, 0x0000000705a00000|
|  91|0x0000000705b00000, 0x0000000705bfffe8, 0x0000000705c00000| 99%| O|  |TS  0|AC  0|TAMS 0x0000000705b00000, 0x0000000705b00000|
|  92|0x0000000705c00000, 0x0000000705cffff8, 0x0000000705d00000| 99%| O|  |TS  0|AC  0|TAMS 0x0000000705c00000, 0x0000000705c00000|
|  93|0x0000000705d00000, 0x0000000705dff0a8, 0x0000000705e00000| 99%| O|  |TS  0|AC  0|TAMS 0x0000000705d00000, 0x0000000705d00000|
|  94|0x0000000705e00000, 0x0000000705efffe8, 0x0000000705f00000| 99%| O|  |TS  0|AC  0|TAMS 0x0000000705e00000, 0x0000000705e00000|
|  95|0x0000000705f00000, 0x0000000705ffffe0, 0x0000000706000000| 99%| O|  |TS  0|AC  0|TAMS 0x0000000705f00000, 0x0000000705f00000|
|  96|0x0000000706000000, 0x00000007060ff6e0, 0x0000000706100000| 99%| O|  |TS  0|AC  0|TAMS 0x0000000706000000, 0x0000000706000000|
|  97|0x0000000706100000, 0x00000007061ff318, 0x0000000706200000| 99%| O|  |TS  0|AC  0|TAMS 0x0000000706100000, 0x0000000706100000|
|  98|0x0000000706200000, 0x00000007062ffff0, 0x0000000706300000| 99%| O|  |TS  0|AC  0|TAMS 0x0000000706200000, 0x0000000706200000|
|  99|0x0000000706300000, 0x0000000706400000, 0x0000000706400000|100%| O|  |TS  0|AC  0|TAMS 0x0000000706300000, 0x0000000706300000|
| 100|0x0000000706400000, 0x00000007064ffff8, 0x0000000706500000| 99%| O|  |TS  0|AC  0|TAMS 0x0000000706400000, 0x0000000706400000|
| 101|0x0000000706500000, 0x00000007065feb00, 0x0000000706600000| 99%| O|  |TS  0|AC  0|TAMS 0x0000000706500000, 0x0000000706500000|
| 102|0x0000000706600000, 0x00000007066ffff8, 0x0000000706700000| 99%| O|  |TS  0|AC  0|TAMS 0x0000000706600000, 0x0000000706600000|
| 103|0x0000000706700000, 0x00000007067ffff8, 0x0000000706800000| 99%| O|  |TS  0|AC  0|TAMS 0x0000000706700000, 0x0000000706700000|
| 104|0x0000000706800000, 0x00000007068fff98, 0x0000000706900000| 99%| O|  |TS  0|AC  0|TAMS 0x0000000706800000, 0x0000000706800000|
| 105|0x0000000706900000, 0x00000007069fffe0, 0x0000000706a00000| 99%| O|  |TS  0|AC  0|TAMS 0x0000000706900000, 0x0000000706900000|
| 106|0x0000000706a00000, 0x0000000706affe70, 0x0000000706b00000| 99%| O|  |TS  0|AC  0|TAMS 0x0000000706a00000, 0x0000000706a00000|
| 107|0x0000000706b00000, 0x0000000706bfffe8, 0x0000000706c00000| 99%| O|  |TS  0|AC  0|TAMS 0x0000000706b00000, 0x0000000706b00000|
| 108|0x0000000706c00000, 0x0000000706cffff8, 0x0000000706d00000| 99%| O|  |TS  0|AC  0|TAMS 0x0000000706c00000, 0x0000000706c00000|
| 109|0x0000000706d00000, 0x0000000706e00000, 0x0000000706e00000|100%| O|  |TS  0|AC  0|TAMS 0x0000000706d00000, 0x0000000706d00000|
| 110|0x0000000706e00000, 0x0000000706efff60, 0x0000000706f00000| 99%| O|  |TS  0|AC  0|TAMS 0x0000000706e00000, 0x0000000706e00000|
| 111|0x0000000706f00000, 0x0000000707000000, 0x0000000707000000|100%| O|  |TS  0|AC  0|TAMS 0x0000000706f00000, 0x0000000706f00000|
| 112|0x0000000707000000, 0x00000007070ffb28, 0x0000000707100000| 99%| O|  |TS  0|AC  0|TAMS 0x0000000707000000, 0x0000000707000000|
| 113|0x0000000707100000, 0x00000007071fe1b0, 0x0000000707200000| 99%| O|  |TS  0|AC  0|TAMS 0x0000000707100000, 0x0000000707100000|
| 114|0x0000000707200000, 0x0000000707300000, 0x0000000707300000|100%| O|  |TS  0|AC  0|TAMS 0x0000000707200000, 0x0000000707200000|
| 115|0x0000000707300000, 0x0000000707400000, 0x0000000707400000|100%|HS|  |TS  0|AC  0|TAMS 0x0000000707300000, 0x0000000707300000|
| 116|0x0000000707400000, 0x0000000707500000, 0x0000000707500000|100%|HC|  |TS  0|AC  0|TAMS 0x0000000707400000, 0x0000000707400000|
| 117|0x0000000707500000, 0x0000000707600000, 0x0000000707600000|100%|HC|  |TS  0|AC  0|TAMS 0x0000000707500000, 0x0000000707500000|
| 118|0x0000000707600000, 0x0000000707700000, 0x0000000707700000|100%|HC|  |TS  0|AC  0|TAMS 0x0000000707600000, 0x0000000707600000|
| 119|0x0000000707700000, 0x0000000707800000, 0x0000000707800000|100%|HC|  |TS  0|AC  0|TAMS 0x0000000707700000, 0x0000000707700000|
| 120|0x0000000707800000, 0x000000070789ca08, 0x0000000707900000| 61%| O|  |TS  0|AC  0|TAMS 0x0000000707800000, 0x0000000707800000|
| 121|0x0000000707900000, 0x0000000707a00000, 0x0000000707a00000|100%|HS|  |TS  0|AC  0|TAMS 0x0000000707900000, 0x0000000707900000|
| 122|0x0000000707a00000, 0x0000000707b00000, 0x0000000707b00000|100%|HC|  |TS  0|AC  0|TAMS 0x0000000707a00000, 0x0000000707a00000|
| 123|0x0000000707b00000, 0x0000000707c00000, 0x0000000707c00000|100%|HS|  |TS  0|AC  0|TAMS 0x0000000707b00000, 0x0000000707b00000|
| 124|0x0000000707c00000, 0x0000000707d00000, 0x0000000707d00000|100%|HS|  |TS  0|AC  0|TAMS 0x0000000707c00000, 0x0000000707c00000|
| 125|0x0000000707d00000, 0x0000000707e00000, 0x0000000707e00000|100%|HC|  |TS  0|AC  0|TAMS 0x0000000707d00000, 0x0000000707d00000|
| 126|0x0000000707e00000, 0x0000000707e00000, 0x0000000707f00000|  0%| F|  |TS  0|AC  0|TAMS 0x0000000707e00000, 0x0000000707e00000|
| 127|0x0000000707f00000, 0x0000000707f00000, 0x0000000708000000|  0%| F|  |TS  0|AC  0|TAMS 0x0000000707f00000, 0x0000000707f00000|
| 128|0x0000000708000000, 0x0000000708000000, 0x0000000708100000|  0%| F|  |TS  0|AC  0|TAMS 0x0000000708000000, 0x0000000708000000|
| 129|0x0000000708100000, 0x0000000708100000, 0x0000000708200000|  0%| F|  |TS  0|AC  0|TAMS 0x0000000708100000, 0x0000000708100000|
| 130|0x0000000708200000, 0x0000000708200000, 0x0000000708300000|  0%| F|  |TS  0|AC  0|TAMS 0x0000000708200000, 0x0000000708200000|
| 131|0x0000000708300000, 0x0000000708300000, 0x0000000708400000|  0%| F|  |TS  0|AC  0|TAMS 0x0000000708300000, 0x0000000708300000|
| 132|0x0000000708400000, 0x0000000708400000, 0x0000000708500000|  0%| F|  |TS  0|AC  0|TAMS 0x0000000708400000, 0x0000000708400000|
| 133|0x0000000708500000, 0x0000000708500000, 0x0000000708600000|  0%| F|  |TS  0|AC  0|TAMS 0x0000000708500000, 0x0000000708500000|
| 134|0x0000000708600000, 0x0000000708600000, 0x0000000708700000|  0%| F|  |TS  0|AC  0|TAMS 0x0000000708600000, 0x0000000708600000|
| 135|0x0000000708700000, 0x0000000708700000, 0x0000000708800000|  0%| F|  |TS  0|AC  0|TAMS 0x0000000708700000, 0x0000000708700000|
| 136|0x0000000708800000, 0x0000000708800000, 0x0000000708900000|  0%| F|  |TS  0|AC  0|TAMS 0x0000000708800000, 0x0000000708800000|
| 137|0x0000000708900000, 0x0000000708900000, 0x0000000708a00000|  0%| F|  |TS  0|AC  0|TAMS 0x0000000708900000, 0x0000000708900000|
| 138|0x0000000708a00000, 0x0000000708a00000, 0x0000000708b00000|  0%| F|  |TS  0|AC  0|TAMS 0x0000000708a00000, 0x0000000708a00000|
| 139|0x0000000708b00000, 0x0000000708b00000, 0x0000000708c00000|  0%| F|  |TS  0|AC  0|TAMS 0x0000000708b00000, 0x0000000708b00000|
| 140|0x0000000708c00000, 0x0000000708c00000, 0x0000000708d00000|  0%| F|  |TS  0|AC  0|TAMS 0x0000000708c00000, 0x0000000708c00000|
| 141|0x0000000708d00000, 0x0000000708e00000, 0x0000000708e00000|100%|HS|  |TS  0|AC  0|TAMS 0x0000000708d00000, 0x0000000708d00000|
| 142|0x0000000708e00000, 0x0000000708f00000, 0x0000000708f00000|100%|HC|  |TS  0|AC  0|TAMS 0x0000000708e00000, 0x0000000708e00000|
| 143|0x0000000708f00000, 0x0000000709000000, 0x0000000709000000|100%|HC|  |TS  0|AC  0|TAMS 0x0000000708f00000, 0x0000000708f00000|
| 144|0x0000000709000000, 0x0000000709100000, 0x0000000709100000|100%|HC|  |TS  0|AC  0|TAMS 0x0000000709000000, 0x0000000709000000|
| 145|0x0000000709100000, 0x0000000709100000, 0x0000000709200000|  0%| F|  |TS  0|AC  0|TAMS 0x0000000709100000, 0x0000000709100000|
| 146|0x0000000709200000, 0x0000000709200000, 0x0000000709300000|  0%| F|  |TS  0|AC  0|TAMS 0x0000000709200000, 0x0000000709200000|
| 147|0x0000000709300000, 0x0000000709300000, 0x0000000709400000|  0%| F|  |TS  0|AC  0|TAMS 0x0000000709300000, 0x0000000709300000|
| 148|0x0000000709400000, 0x0000000709400000, 0x0000000709500000|  0%| F|  |TS  0|AC  0|TAMS 0x0000000709400000, 0x0000000709400000|
| 149|0x0000000709500000, 0x0000000709500000, 0x0000000709600000|  0%| F|  |TS  0|AC  0|TAMS 0x0000000709500000, 0x0000000709500000|
| 150|0x0000000709600000, 0x0000000709600000, 0x0000000709700000|  0%| F|  |TS  0|AC  0|TAMS 0x0000000709600000, 0x0000000709600000|
| 151|0x0000000709700000, 0x0000000709700000, 0x0000000709800000|  0%| F|  |TS  0|AC  0|TAMS 0x0000000709700000, 0x0000000709700000|
| 152|0x0000000709800000, 0x0000000709800000, 0x0000000709900000|  0%| F|  |TS  0|AC  0|TAMS 0x0000000709800000, 0x0000000709800000|
| 153|0x0000000709900000, 0x0000000709900000, 0x0000000709a00000|  0%| F|  |TS  0|AC  0|TAMS 0x0000000709900000, 0x0000000709900000|
| 154|0x0000000709a00000, 0x0000000709a00000, 0x0000000709b00000|  0%| F|  |TS  0|AC  0|TAMS 0x0000000709a00000, 0x0000000709a00000|
| 155|0x0000000709b00000, 0x0000000709b00000, 0x0000000709c00000|  0%| F|  |TS  0|AC  0|TAMS 0x0000000709b00000, 0x0000000709b00000|
| 156|0x0000000709c00000, 0x0000000709c00000, 0x0000000709d00000|  0%| F|  |TS  0|AC  0|TAMS 0x0000000709c00000, 0x0000000709c00000|
| 157|0x0000000709d00000, 0x0000000709d00000, 0x0000000709e00000|  0%| F|  |TS  0|AC  0|TAMS 0x0000000709d00000, 0x0000000709d00000|
| 158|0x0000000709e00000, 0x0000000709e00000, 0x0000000709f00000|  0%| F|  |TS  0|AC  0|TAMS 0x0000000709e00000, 0x0000000709e00000|
| 159|0x0000000709f00000, 0x0000000709f00000, 0x000000070a000000|  0%| F|  |TS  0|AC  0|TAMS 0x0000000709f00000, 0x0000000709f00000|
| 160|0x000000070a000000, 0x000000070a000000, 0x000000070a100000|  0%| F|  |TS  0|AC  0|TAMS 0x000000070a000000, 0x000000070a000000|
| 161|0x000000070a100000, 0x000000070a100000, 0x000000070a200000|  0%| F|  |TS  0|AC  0|TAMS 0x000000070a100000, 0x000000070a100000|
| 162|0x000000070a200000, 0x000000070a200000, 0x000000070a300000|  0%| F|  |TS  0|AC  0|TAMS 0x000000070a200000, 0x000000070a200000|
| 163|0x000000070a300000, 0x000000070a300000, 0x000000070a400000|  0%| F|  |TS  0|AC  0|TAMS 0x000000070a300000, 0x000000070a300000|
| 164|0x000000070a400000, 0x000000070a400000, 0x000000070a500000|  0%| F|  |TS  0|AC  0|TAMS 0x000000070a400000, 0x000000070a400000|
| 165|0x000000070a500000, 0x000000070a500000, 0x000000070a600000|  0%| F|  |TS  0|AC  0|TAMS 0x000000070a500000, 0x000000070a500000|
| 166|0x000000070a600000, 0x000000070a600000, 0x000000070a700000|  0%| F|  |TS  0|AC  0|TAMS 0x000000070a600000, 0x000000070a600000|
| 167|0x000000070a700000, 0x000000070a700000, 0x000000070a800000|  0%| F|  |TS  0|AC  0|TAMS 0x000000070a700000, 0x000000070a700000|
| 168|0x000000070a800000, 0x000000070a800000, 0x000000070a900000|  0%| F|  |TS  0|AC  0|TAMS 0x000000070a800000, 0x000000070a800000|
| 169|0x000000070a900000, 0x000000070a900000, 0x000000070aa00000|  0%| F|  |TS  0|AC  0|TAMS 0x000000070a900000, 0x000000070a900000|
| 170|0x000000070aa00000, 0x000000070aa00000, 0x000000070ab00000|  0%| F|  |TS  0|AC  0|TAMS 0x000000070aa00000, 0x000000070aa00000|
| 171|0x000000070ab00000, 0x000000070ab00000, 0x000000070ac00000|  0%| F|  |TS  0|AC  0|TAMS 0x000000070ab00000, 0x000000070ab00000|
| 172|0x000000070ac00000, 0x000000070ac00000, 0x000000070ad00000|  0%| F|  |TS  0|AC  0|TAMS 0x000000070ac00000, 0x000000070ac00000|
| 173|0x000000070ad00000, 0x000000070ad00000, 0x000000070ae00000|  0%| F|  |TS  0|AC  0|TAMS 0x000000070ad00000, 0x000000070ad00000|
| 174|0x000000070ae00000, 0x000000070ae00000, 0x000000070af00000|  0%| F|  |TS  0|AC  0|TAMS 0x000000070ae00000, 0x000000070ae00000|
| 175|0x000000070af00000, 0x000000070af00000, 0x000000070b000000|  0%| F|  |TS  0|AC  0|TAMS 0x000000070af00000, 0x000000070af00000|
| 176|0x000000070b000000, 0x000000070b000000, 0x000000070b100000|  0%| F|  |TS  0|AC  0|TAMS 0x000000070b000000, 0x000000070b000000|
| 177|0x000000070b100000, 0x000000070b100000, 0x000000070b200000|  0%| F|  |TS  0|AC  0|TAMS 0x000000070b100000, 0x000000070b100000|
| 178|0x000000070b200000, 0x000000070b200000, 0x000000070b300000|  0%| F|  |TS  0|AC  0|TAMS 0x000000070b200000, 0x000000070b200000|
| 179|0x000000070b300000, 0x000000070b300000, 0x000000070b400000|  0%| F|  |TS  0|AC  0|TAMS 0x000000070b300000, 0x000000070b300000|
| 180|0x000000070b400000, 0x000000070b400000, 0x000000070b500000|  0%| F|  |TS  0|AC  0|TAMS 0x000000070b400000, 0x000000070b400000|
| 181|0x000000070b500000, 0x000000070b500000, 0x000000070b600000|  0%| F|  |TS  0|AC  0|TAMS 0x000000070b500000, 0x000000070b500000|
| 182|0x000000070b600000, 0x000000070b600000, 0x000000070b700000|  0%| F|  |TS  0|AC  0|TAMS 0x000000070b600000, 0x000000070b600000|
| 183|0x000000070b700000, 0x000000070b700000, 0x000000070b800000|  0%| F|  |TS  0|AC  0|TAMS 0x000000070b700000, 0x000000070b700000|
| 184|0x000000070b800000, 0x000000070b800000, 0x000000070b900000|  0%| F|  |TS  0|AC  0|TAMS 0x000000070b800000, 0x000000070b800000|
| 185|0x000000070b900000, 0x000000070b900000, 0x000000070ba00000|  0%| F|  |TS  0|AC  0|TAMS 0x000000070b900000, 0x000000070b900000|
| 186|0x000000070ba00000, 0x000000070ba00000, 0x000000070bb00000|  0%| F|  |TS  0|AC  0|TAMS 0x000000070ba00000, 0x000000070ba00000|
| 187|0x000000070bb00000, 0x000000070bb00000, 0x000000070bc00000|  0%| F|  |TS  0|AC  0|TAMS 0x000000070bb00000, 0x000000070bb00000|
| 188|0x000000070bc00000, 0x000000070bc00000, 0x000000070bd00000|  0%| F|  |TS  0|AC  0|TAMS 0x000000070bc00000, 0x000000070bc00000|
| 189|0x000000070bd00000, 0x000000070bd00000, 0x000000070be00000|  0%| F|  |TS  0|AC  0|TAMS 0x000000070bd00000, 0x000000070bd00000|
| 190|0x000000070be00000, 0x000000070be00000, 0x000000070bf00000|  0%| F|  |TS  0|AC  0|TAMS 0x000000070be00000, 0x000000070be00000|
| 191|0x000000070bf00000, 0x000000070bf00000, 0x000000070c000000|  0%| F|  |TS  0|AC  0|TAMS 0x000000070bf00000, 0x000000070bf00000|
| 192|0x000000070c000000, 0x000000070c000000, 0x000000070c100000|  0%| F|  |TS  0|AC  0|TAMS 0x000000070c000000, 0x000000070c000000|
| 193|0x000000070c100000, 0x000000070c100000, 0x000000070c200000|  0%| F|  |TS  0|AC  0|TAMS 0x000000070c100000, 0x000000070c100000|
| 194|0x000000070c200000, 0x000000070c200000, 0x000000070c300000|  0%| F|  |TS  0|AC  0|TAMS 0x000000070c200000, 0x000000070c200000|
| 195|0x000000070c300000, 0x000000070c300000, 0x000000070c400000|  0%| F|  |TS  0|AC  0|TAMS 0x000000070c300000, 0x000000070c300000|
| 196|0x000000070c400000, 0x000000070c400000, 0x000000070c500000|  0%| F|  |TS  0|AC  0|TAMS 0x000000070c400000, 0x000000070c400000|
| 197|0x000000070c500000, 0x000000070c500000, 0x000000070c600000|  0%| F|  |TS  0|AC  0|TAMS 0x000000070c500000, 0x000000070c500000|
| 198|0x000000070c600000, 0x000000070c600000, 0x000000070c700000|  0%| F|  |TS  0|AC  0|TAMS 0x000000070c600000, 0x000000070c600000|
| 199|0x000000070c700000, 0x000000070c700000, 0x000000070c800000|  0%| F|  |TS  0|AC  0|TAMS 0x000000070c700000, 0x000000070c700000|
| 200|0x000000070c800000, 0x000000070c800000, 0x000000070c900000|  0%| F|  |TS  0|AC  0|TAMS 0x000000070c800000, 0x000000070c800000|
| 201|0x000000070c900000, 0x000000070c900000, 0x000000070ca00000|  0%| F|  |TS  0|AC  0|TAMS 0x000000070c900000, 0x000000070c900000|
| 202|0x000000070ca00000, 0x000000070ca00000, 0x000000070cb00000|  0%| F|  |TS  0|AC  0|TAMS 0x000000070ca00000, 0x000000070ca00000|
| 203|0x000000070cb00000, 0x000000070cb00000, 0x000000070cc00000|  0%| F|  |TS  0|AC  0|TAMS 0x000000070cb00000, 0x000000070cb00000|
| 204|0x000000070cc00000, 0x000000070cc00000, 0x000000070cd00000|  0%| F|  |TS  0|AC  0|TAMS 0x000000070cc00000, 0x000000070cc00000|
| 205|0x000000070cd00000, 0x000000070cd00000, 0x000000070ce00000|  0%| F|  |TS  0|AC  0|TAMS 0x000000070cd00000, 0x000000070cd00000|
| 206|0x000000070ce00000, 0x000000070ce00000, 0x000000070cf00000|  0%| F|  |TS  0|AC  0|TAMS 0x000000070ce00000, 0x000000070ce00000|
| 207|0x000000070cf00000, 0x000000070cf00000, 0x000000070d000000|  0%| F|  |TS  0|AC  0|TAMS 0x000000070cf00000, 0x000000070cf00000|
| 208|0x000000070d000000, 0x000000070d000000, 0x000000070d100000|  0%| F|  |TS  0|AC  0|TAMS 0x000000070d000000, 0x000000070d000000|
| 209|0x000000070d100000, 0x000000070d100000, 0x000000070d200000|  0%| F|  |TS  0|AC  0|TAMS 0x000000070d100000, 0x000000070d100000|
| 210|0x000000070d200000, 0x000000070d200000, 0x000000070d300000|  0%| F|  |TS  0|AC  0|TAMS 0x000000070d200000, 0x000000070d200000|
| 211|0x000000070d300000, 0x000000070d300000, 0x000000070d400000|  0%| F|  |TS  0|AC  0|TAMS 0x000000070d300000, 0x000000070d300000|
| 212|0x000000070d400000, 0x000000070d400000, 0x000000070d500000|  0%| F|  |TS  0|AC  0|TAMS 0x000000070d400000, 0x000000070d400000|
| 213|0x000000070d500000, 0x000000070d500000, 0x000000070d600000|  0%| F|  |TS  0|AC  0|TAMS 0x000000070d500000, 0x000000070d500000|
| 214|0x000000070d600000, 0x000000070d600000, 0x000000070d700000|  0%| F|  |TS  0|AC  0|TAMS 0x000000070d600000, 0x000000070d600000|
| 215|0x000000070d700000, 0x000000070d700000, 0x000000070d800000|  0%| F|  |TS  0|AC  0|TAMS 0x000000070d700000, 0x000000070d700000|
| 216|0x000000070d800000, 0x000000070d800000, 0x000000070d900000|  0%| F|  |TS  0|AC  0|TAMS 0x000000070d800000, 0x000000070d800000|
| 217|0x000000070d900000, 0x000000070d900000, 0x000000070da00000|  0%| F|  |TS  0|AC  0|TAMS 0x000000070d900000, 0x000000070d900000|
| 218|0x000000070da00000, 0x000000070da00000, 0x000000070db00000|  0%| F|  |TS  0|AC  0|TAMS 0x000000070da00000, 0x000000070da00000|
| 219|0x000000070db00000, 0x000000070db00000, 0x000000070dc00000|  0%| F|  |TS  0|AC  0|TAMS 0x000000070db00000, 0x000000070db00000|
| 220|0x000000070dc00000, 0x000000070dc00000, 0x000000070dd00000|  0%| F|  |TS  0|AC  0|TAMS 0x000000070dc00000, 0x000000070dc00000|
| 221|0x000000070dd00000, 0x000000070dd00000, 0x000000070de00000|  0%| F|  |TS  0|AC  0|TAMS 0x000000070dd00000, 0x000000070dd00000|
| 222|0x000000070de00000, 0x000000070de00000, 0x000000070df00000|  0%| F|  |TS  0|AC  0|TAMS 0x000000070de00000, 0x000000070de00000|
| 223|0x000000070df00000, 0x000000070df00000, 0x000000070e000000|  0%| F|  |TS  0|AC  0|TAMS 0x000000070df00000, 0x000000070df00000|
| 224|0x000000070e000000, 0x000000070e000000, 0x000000070e100000|  0%| F|  |TS  0|AC  0|TAMS 0x000000070e000000, 0x000000070e000000|
| 225|0x000000070e100000, 0x000000070e100000, 0x000000070e200000|  0%| F|  |TS  0|AC  0|TAMS 0x000000070e100000, 0x000000070e100000|
| 226|0x000000070e200000, 0x000000070e200000, 0x000000070e300000|  0%| F|  |TS  0|AC  0|TAMS 0x000000070e200000, 0x000000070e200000|
| 227|0x000000070e300000, 0x000000070e300000, 0x000000070e400000|  0%| F|  |TS  0|AC  0|TAMS 0x000000070e300000, 0x000000070e300000|
| 228|0x000000070e400000, 0x000000070e400000, 0x000000070e500000|  0%| F|  |TS  0|AC  0|TAMS 0x000000070e400000, 0x000000070e400000|
| 229|0x000000070e500000, 0x000000070e500000, 0x000000070e600000|  0%| F|  |TS  0|AC  0|TAMS 0x000000070e500000, 0x000000070e500000|
| 230|0x000000070e600000, 0x000000070e600000, 0x000000070e700000|  0%| F|  |TS  0|AC  0|TAMS 0x000000070e600000, 0x000000070e600000|
| 231|0x000000070e700000, 0x000000070e700000, 0x000000070e800000|  0%| F|  |TS  0|AC  0|TAMS 0x000000070e700000, 0x000000070e700000|
| 232|0x000000070e800000, 0x000000070e800000, 0x000000070e900000|  0%| F|  |TS  0|AC  0|TAMS 0x000000070e800000, 0x000000070e800000|
| 233|0x000000070e900000, 0x000000070e900000, 0x000000070ea00000|  0%| F|  |TS  0|AC  0|TAMS 0x000000070e900000, 0x000000070e900000|
| 234|0x000000070ea00000, 0x000000070ea00000, 0x000000070eb00000|  0%| F|  |TS  0|AC  0|TAMS 0x000000070ea00000, 0x000000070ea00000|
| 235|0x000000070eb00000, 0x000000070eb00000, 0x000000070ec00000|  0%| F|  |TS  0|AC  0|TAMS 0x000000070eb00000, 0x000000070eb00000|
| 236|0x000000070ec00000, 0x000000070ec00000, 0x000000070ed00000|  0%| F|  |TS  0|AC  0|TAMS 0x000000070ec00000, 0x000000070ec00000|
| 237|0x000000070ed00000, 0x000000070ed00000, 0x000000070ee00000|  0%| F|  |TS  0|AC  0|TAMS 0x000000070ed00000, 0x000000070ed00000|
| 238|0x000000070ee00000, 0x000000070ee00000, 0x000000070ef00000|  0%| F|  |TS  0|AC  0|TAMS 0x000000070ee00000, 0x000000070ee00000|
| 239|0x000000070ef00000, 0x000000070ef00000, 0x000000070f000000|  0%| F|  |TS  0|AC  0|TAMS 0x000000070ef00000, 0x000000070ef00000|
| 240|0x000000070f000000, 0x000000070f000000, 0x000000070f100000|  0%| F|  |TS  0|AC  0|TAMS 0x000000070f000000, 0x000000070f000000|
| 241|0x000000070f100000, 0x000000070f100000, 0x000000070f200000|  0%| F|  |TS  0|AC  0|TAMS 0x000000070f100000, 0x000000070f100000|
| 242|0x000000070f200000, 0x000000070f200000, 0x000000070f300000|  0%| F|  |TS  0|AC  0|TAMS 0x000000070f200000, 0x000000070f200000|
| 243|0x000000070f300000, 0x000000070f300000, 0x000000070f400000|  0%| F|  |TS  0|AC  0|TAMS 0x000000070f300000, 0x000000070f300000|
| 244|0x000000070f400000, 0x000000070f400000, 0x000000070f500000|  0%| F|  |TS  0|AC  0|TAMS 0x000000070f400000, 0x000000070f400000|
| 245|0x000000070f500000, 0x000000070f500000, 0x000000070f600000|  0%| F|  |TS  0|AC  0|TAMS 0x000000070f500000, 0x000000070f500000|
| 246|0x000000070f600000, 0x000000070f600000, 0x000000070f700000|  0%| F|  |TS  0|AC  0|TAMS 0x000000070f600000, 0x000000070f600000|
| 247|0x000000070f700000, 0x000000070f700000, 0x000000070f800000|  0%| F|  |TS  0|AC  0|TAMS 0x000000070f700000, 0x000000070f700000|
| 248|0x000000070f800000, 0x000000070f800000, 0x000000070f900000|  0%| F|  |TS  0|AC  0|TAMS 0x000000070f800000, 0x000000070f800000|
| 249|0x000000070f900000, 0x000000070f900000, 0x000000070fa00000|  0%| F|  |TS  0|AC  0|TAMS 0x000000070f900000, 0x000000070f900000|
| 250|0x000000070fa00000, 0x000000070fa00000, 0x000000070fb00000|  0%| F|  |TS  0|AC  0|TAMS 0x000000070fa00000, 0x000000070fa00000|
| 251|0x000000070fb00000, 0x000000070fb00000, 0x000000070fc00000|  0%| F|  |TS  0|AC  0|TAMS 0x000000070fb00000, 0x000000070fb00000|
| 252|0x000000070fc00000, 0x000000070fc00000, 0x000000070fd00000|  0%| F|  |TS  0|AC  0|TAMS 0x000000070fc00000, 0x000000070fc00000|
| 253|0x000000070fd00000, 0x000000070fd00000, 0x000000070fe00000|  0%| F|  |TS  0|AC  0|TAMS 0x000000070fd00000, 0x000000070fd00000|
| 254|0x000000070fe00000, 0x000000070fe00000, 0x000000070ff00000|  0%| F|  |TS  0|AC  0|TAMS 0x000000070fe00000, 0x000000070fe00000|
| 255|0x000000070ff00000, 0x000000070ff00000, 0x0000000710000000|  0%| F|  |TS  0|AC  0|TAMS 0x000000070ff00000, 0x000000070ff00000|
| 256|0x0000000710000000, 0x0000000710000000, 0x0000000710100000|  0%| F|  |TS  0|AC  0|TAMS 0x0000000710000000, 0x0000000710000000|
| 257|0x0000000710100000, 0x0000000710100000, 0x0000000710200000|  0%| F|  |TS  0|AC  0|TAMS 0x0000000710100000, 0x0000000710100000|
| 258|0x0000000710200000, 0x0000000710200000, 0x0000000710300000|  0%| F|  |TS  0|AC  0|TAMS 0x0000000710200000, 0x0000000710200000|
| 259|0x0000000710300000, 0x0000000710300000, 0x0000000710400000|  0%| F|  |TS  0|AC  0|TAMS 0x0000000710300000, 0x0000000710300000|
| 260|0x0000000710400000, 0x0000000710400000, 0x0000000710500000|  0%| F|  |TS  0|AC  0|TAMS 0x0000000710400000, 0x0000000710400000|
| 261|0x0000000710500000, 0x0000000710500000, 0x0000000710600000|  0%| F|  |TS  0|AC  0|TAMS 0x0000000710500000, 0x0000000710500000|
| 262|0x0000000710600000, 0x0000000710600000, 0x0000000710700000|  0%| F|  |TS  0|AC  0|TAMS 0x0000000710600000, 0x0000000710600000|
| 263|0x0000000710700000, 0x0000000710700000, 0x0000000710800000|  0%| F|  |TS  0|AC  0|TAMS 0x0000000710700000, 0x0000000710700000|
| 264|0x0000000710800000, 0x0000000710800000, 0x0000000710900000|  0%| F|  |TS  0|AC  0|TAMS 0x0000000710800000, 0x0000000710800000|
| 265|0x0000000710900000, 0x0000000710900000, 0x0000000710a00000|  0%| F|  |TS  0|AC  0|TAMS 0x0000000710900000, 0x0000000710900000|
| 266|0x0000000710a00000, 0x0000000710a00000, 0x0000000710b00000|  0%| F|  |TS  0|AC  0|TAMS 0x0000000710a00000, 0x0000000710a00000|
| 267|0x0000000710b00000, 0x0000000710b00000, 0x0000000710c00000|  0%| F|  |TS  0|AC  0|TAMS 0x0000000710b00000, 0x0000000710b00000|
| 268|0x0000000710c00000, 0x0000000710c00000, 0x0000000710d00000|  0%| F|  |TS  0|AC  0|TAMS 0x0000000710c00000, 0x0000000710c00000|
| 269|0x0000000710d00000, 0x0000000710d00000, 0x0000000710e00000|  0%| F|  |TS  0|AC  0|TAMS 0x0000000710d00000, 0x0000000710d00000|
| 270|0x0000000710e00000, 0x0000000710e00000, 0x0000000710f00000|  0%| F|  |TS  0|AC  0|TAMS 0x0000000710e00000, 0x0000000710e00000|
| 271|0x0000000710f00000, 0x0000000710f00000, 0x0000000711000000|  0%| F|  |TS  0|AC  0|TAMS 0x0000000710f00000, 0x0000000710f00000|
| 272|0x0000000711000000, 0x0000000711000000, 0x0000000711100000|  0%| F|  |TS  0|AC  0|TAMS 0x0000000711000000, 0x0000000711000000|
| 273|0x0000000711100000, 0x0000000711100000, 0x0000000711200000|  0%| F|  |TS  0|AC  0|TAMS 0x0000000711100000, 0x0000000711100000|
| 274|0x0000000711200000, 0x0000000711200000, 0x0000000711300000|  0%| F|  |TS  0|AC  0|TAMS 0x0000000711200000, 0x0000000711200000|
| 275|0x0000000711300000, 0x0000000711300000, 0x0000000711400000|  0%| F|  |TS  0|AC  0|TAMS 0x0000000711300000, 0x0000000711300000|
| 276|0x0000000711400000, 0x0000000711400000, 0x0000000711500000|  0%| F|  |TS  0|AC  0|TAMS 0x0000000711400000, 0x0000000711400000|
| 277|0x0000000711500000, 0x0000000711500000, 0x0000000711600000|  0%| F|  |TS  0|AC  0|TAMS 0x0000000711500000, 0x0000000711500000|
| 278|0x0000000711600000, 0x0000000711600000, 0x0000000711700000|  0%| F|  |TS  0|AC  0|TAMS 0x0000000711600000, 0x0000000711600000|
| 279|0x0000000711700000, 0x0000000711700000, 0x0000000711800000|  0%| F|  |TS  0|AC  0|TAMS 0x0000000711700000, 0x0000000711700000|
| 280|0x0000000711800000, 0x0000000711800000, 0x0000000711900000|  0%| F|  |TS  0|AC  0|TAMS 0x0000000711800000, 0x0000000711800000|
| 281|0x0000000711900000, 0x0000000711900000, 0x0000000711a00000|  0%| F|  |TS  0|AC  0|TAMS 0x0000000711900000, 0x0000000711900000|
| 282|0x0000000711a00000, 0x0000000711a00000, 0x0000000711b00000|  0%| F|  |TS  0|AC  0|TAMS 0x0000000711a00000, 0x0000000711a00000|
| 283|0x0000000711b00000, 0x0000000711b00000, 0x0000000711c00000|  0%| F|  |TS  0|AC  0|TAMS 0x0000000711b00000, 0x0000000711b00000|
| 284|0x0000000711c00000, 0x0000000711c00000, 0x0000000711d00000|  0%| F|  |TS  0|AC  0|TAMS 0x0000000711c00000, 0x0000000711c00000|
| 285|0x0000000711d00000, 0x0000000711d00000, 0x0000000711e00000|  0%| F|  |TS  0|AC  0|TAMS 0x0000000711d00000, 0x0000000711d00000|
| 286|0x0000000711e00000, 0x0000000711e00000, 0x0000000711f00000|  0%| F|  |TS  0|AC  0|TAMS 0x0000000711e00000, 0x0000000711e00000|
| 287|0x0000000711f00000, 0x0000000711f00000, 0x0000000712000000|  0%| F|  |TS  0|AC  0|TAMS 0x0000000711f00000, 0x0000000711f00000|
| 288|0x0000000712000000, 0x0000000712000000, 0x0000000712100000|  0%| F|  |TS  0|AC  0|TAMS 0x0000000712000000, 0x0000000712000000|
| 289|0x0000000712100000, 0x0000000712100000, 0x0000000712200000|  0%| F|  |TS  0|AC  0|TAMS 0x0000000712100000, 0x0000000712100000|
| 290|0x0000000712200000, 0x0000000712200000, 0x0000000712300000|  0%| F|  |TS  0|AC  0|TAMS 0x0000000712200000, 0x0000000712200000|
| 291|0x0000000712300000, 0x0000000712300000, 0x0000000712400000|  0%| F|  |TS  0|AC  0|TAMS 0x0000000712300000, 0x0000000712300000|
| 292|0x0000000712400000, 0x0000000712400000, 0x0000000712500000|  0%| F|  |TS  0|AC  0|TAMS 0x0000000712400000, 0x0000000712400000|
| 293|0x0000000712500000, 0x0000000712500000, 0x0000000712600000|  0%| F|  |TS  0|AC  0|TAMS 0x0000000712500000, 0x0000000712500000|
| 294|0x0000000712600000, 0x0000000712600000, 0x0000000712700000|  0%| F|  |TS  0|AC  0|TAMS 0x0000000712600000, 0x0000000712600000|
| 295|0x0000000712700000, 0x0000000712700000, 0x0000000712800000|  0%| F|  |TS  0|AC  0|TAMS 0x0000000712700000, 0x0000000712700000|
| 296|0x0000000712800000, 0x0000000712800000, 0x0000000712900000|  0%| F|  |TS  0|AC  0|TAMS 0x0000000712800000, 0x0000000712800000|
| 297|0x0000000712900000, 0x0000000712900000, 0x0000000712a00000|  0%| F|  |TS  0|AC  0|TAMS 0x0000000712900000, 0x0000000712900000|
| 298|0x0000000712a00000, 0x0000000712a00000, 0x0000000712b00000|  0%| F|  |TS  0|AC  0|TAMS 0x0000000712a00000, 0x0000000712a00000|
| 299|0x0000000712b00000, 0x0000000712b00000, 0x0000000712c00000|  0%| F|  |TS  0|AC  0|TAMS 0x0000000712b00000, 0x0000000712b00000|
| 300|0x0000000712c00000, 0x0000000712c00000, 0x0000000712d00000|  0%| F|  |TS  0|AC  0|TAMS 0x0000000712c00000, 0x0000000712c00000|
| 301|0x0000000712d00000, 0x0000000712d00000, 0x0000000712e00000|  0%| F|  |TS  0|AC  0|TAMS 0x0000000712d00000, 0x0000000712d00000|
| 302|0x0000000712e00000, 0x0000000712e00000, 0x0000000712f00000|  0%| F|  |TS  0|AC  0|TAMS 0x0000000712e00000, 0x0000000712e00000|
| 303|0x0000000712f00000, 0x0000000712f00000, 0x0000000713000000|  0%| F|  |TS  0|AC  0|TAMS 0x0000000712f00000, 0x0000000712f00000|
| 304|0x0000000713000000, 0x0000000713000000, 0x0000000713100000|  0%| F|  |TS  0|AC  0|TAMS 0x0000000713000000, 0x0000000713000000|
| 305|0x0000000713100000, 0x0000000713100000, 0x0000000713200000|  0%| F|  |TS  0|AC  0|TAMS 0x0000000713100000, 0x0000000713100000|
| 306|0x0000000713200000, 0x0000000713200000, 0x0000000713300000|  0%| F|  |TS  0|AC  0|TAMS 0x0000000713200000, 0x0000000713200000|
| 307|0x0000000713300000, 0x0000000713300000, 0x0000000713400000|  0%| F|  |TS  0|AC  0|TAMS 0x0000000713300000, 0x0000000713300000|
| 308|0x0000000713400000, 0x0000000713400000, 0x0000000713500000|  0%| F|  |TS  0|AC  0|TAMS 0x0000000713400000, 0x0000000713400000|
| 309|0x0000000713500000, 0x0000000713500000, 0x0000000713600000|  0%| F|  |TS  0|AC  0|TAMS 0x0000000713500000, 0x0000000713500000|
| 310|0x0000000713600000, 0x0000000713600000, 0x0000000713700000|  0%| F|  |TS  0|AC  0|TAMS 0x0000000713600000, 0x0000000713600000|
| 311|0x0000000713700000, 0x0000000713700000, 0x0000000713800000|  0%| F|  |TS  0|AC  0|TAMS 0x0000000713700000, 0x0000000713700000|
| 312|0x0000000713800000, 0x0000000713800000, 0x0000000713900000|  0%| F|  |TS  0|AC  0|TAMS 0x0000000713800000, 0x0000000713800000|
| 313|0x0000000713900000, 0x0000000713900000, 0x0000000713a00000|  0%| F|  |TS  0|AC  0|TAMS 0x0000000713900000, 0x0000000713900000|
| 314|0x0000000713a00000, 0x0000000713a00000, 0x0000000713b00000|  0%| F|  |TS  0|AC  0|TAMS 0x0000000713a00000, 0x0000000713a00000|
| 315|0x0000000713b00000, 0x0000000713b00000, 0x0000000713c00000|  0%| F|  |TS  0|AC  0|TAMS 0x0000000713b00000, 0x0000000713b00000|
| 316|0x0000000713c00000, 0x0000000713c00000, 0x0000000713d00000|  0%| F|  |TS  0|AC  0|TAMS 0x0000000713c00000, 0x0000000713c00000|
| 317|0x0000000713d00000, 0x0000000713d00000, 0x0000000713e00000|  0%| F|  |TS  0|AC  0|TAMS 0x0000000713d00000, 0x0000000713d00000|
| 318|0x0000000713e00000, 0x0000000713e00000, 0x0000000713f00000|  0%| F|  |TS  0|AC  0|TAMS 0x0000000713e00000, 0x0000000713e00000|
| 319|0x0000000713f00000, 0x0000000713f00000, 0x0000000714000000|  0%| F|  |TS  0|AC  0|TAMS 0x0000000713f00000, 0x0000000713f00000|
| 320|0x0000000714000000, 0x0000000714000000, 0x0000000714100000|  0%| F|  |TS  0|AC  0|TAMS 0x0000000714000000, 0x0000000714000000|
| 321|0x0000000714100000, 0x0000000714100000, 0x0000000714200000|  0%| F|  |TS  0|AC  0|TAMS 0x0000000714100000, 0x0000000714100000|
| 322|0x0000000714200000, 0x0000000714200000, 0x0000000714300000|  0%| F|  |TS  0|AC  0|TAMS 0x0000000714200000, 0x0000000714200000|
| 323|0x0000000714300000, 0x0000000714300000, 0x0000000714400000|  0%| F|  |TS  0|AC  0|TAMS 0x0000000714300000, 0x0000000714300000|
| 324|0x0000000714400000, 0x0000000714400000, 0x0000000714500000|  0%| F|  |TS  0|AC  0|TAMS 0x0000000714400000, 0x0000000714400000|
| 325|0x0000000714500000, 0x0000000714500000, 0x0000000714600000|  0%| F|  |TS  0|AC  0|TAMS 0x0000000714500000, 0x0000000714500000|
| 326|0x0000000714600000, 0x0000000714600000, 0x0000000714700000|  0%| F|  |TS  9|AC  0|TAMS 0x0000000714600000, 0x0000000714600000|
| 327|0x0000000714700000, 0x0000000714781100, 0x0000000714800000| 50%| S|CS|TS  9|AC  0|TAMS 0x0000000714700000, 0x0000000714700000|
| 328|0x0000000714800000, 0x0000000714800000, 0x0000000714900000|  0%| F|  |TS  9|AC  0|TAMS 0x0000000714800000, 0x0000000714800000|
| 329|0x0000000714900000, 0x0000000714a00000, 0x0000000714a00000|100%| S|CS|TS  9|AC  0|TAMS 0x0000000714900000, 0x0000000714900000|
| 330|0x0000000714a00000, 0x0000000714a00000, 0x0000000714b00000|  0%| F|  |TS  9|AC  0|TAMS 0x0000000714a00000, 0x0000000714a00000|
| 331|0x0000000714b00000, 0x0000000714b00000, 0x0000000714c00000|  0%| F|  |TS  9|AC  0|TAMS 0x0000000714b00000, 0x0000000714b00000|
| 332|0x0000000714c00000, 0x0000000714c00000, 0x0000000714d00000|  0%| F|  |TS  9|AC  0|TAMS 0x0000000714c00000, 0x0000000714c00000|
| 333|0x0000000714d00000, 0x0000000714d00000, 0x0000000714e00000|  0%| F|  |TS  9|AC  0|TAMS 0x0000000714d00000, 0x0000000714d00000|
| 334|0x0000000714e00000, 0x0000000714e00000, 0x0000000714f00000|  0%| F|  |TS  9|AC  0|TAMS 0x0000000714e00000, 0x0000000714e00000|
| 335|0x0000000714f00000, 0x0000000714f00000, 0x0000000715000000|  0%| F|  |TS  9|AC  0|TAMS 0x0000000714f00000, 0x0000000714f00000|
| 336|0x0000000715000000, 0x0000000715000000, 0x0000000715100000|  0%| F|  |TS  9|AC  0|TAMS 0x0000000715000000, 0x0000000715000000|
| 337|0x0000000715100000, 0x0000000715100000, 0x0000000715200000|  0%| F|  |TS  9|AC  0|TAMS 0x0000000715100000, 0x0000000715100000|
| 338|0x0000000715200000, 0x0000000715200000, 0x0000000715300000|  0%| F|  |TS  9|AC  0|TAMS 0x0000000715200000, 0x0000000715200000|
| 339|0x0000000715300000, 0x0000000715300000, 0x0000000715400000|  0%| F|  |TS  9|AC  0|TAMS 0x0000000715300000, 0x0000000715300000|
| 340|0x0000000715400000, 0x0000000715400000, 0x0000000715500000|  0%| F|  |TS  9|AC  0|TAMS 0x0000000715400000, 0x0000000715400000|
| 341|0x0000000715500000, 0x0000000715500000, 0x0000000715600000|  0%| F|  |TS  9|AC  0|TAMS 0x0000000715500000, 0x0000000715500000|
| 342|0x0000000715600000, 0x0000000715600000, 0x0000000715700000|  0%| F|  |TS  9|AC  0|TAMS 0x0000000715600000, 0x0000000715600000|
| 343|0x0000000715700000, 0x0000000715700000, 0x0000000715800000|  0%| F|  |TS  9|AC  0|TAMS 0x0000000715700000, 0x0000000715700000|
| 344|0x0000000715800000, 0x0000000715800000, 0x0000000715900000|  0%| F|  |TS  9|AC  0|TAMS 0x0000000715800000, 0x0000000715800000|
| 345|0x0000000715900000, 0x0000000715900000, 0x0000000715a00000|  0%| F|  |TS  9|AC  0|TAMS 0x0000000715900000, 0x0000000715900000|
| 346|0x0000000715a00000, 0x0000000715a00000, 0x0000000715b00000|  0%| F|  |TS  9|AC  0|TAMS 0x0000000715a00000, 0x0000000715a00000|
| 347|0x0000000715b00000, 0x0000000715b00000, 0x0000000715c00000|  0%| F|  |TS  9|AC  0|TAMS 0x0000000715b00000, 0x0000000715b00000|
| 348|0x0000000715c00000, 0x0000000715c00000, 0x0000000715d00000|  0%| F|  |TS  9|AC  0|TAMS 0x0000000715c00000, 0x0000000715c00000|
| 349|0x0000000715d00000, 0x0000000715d00000, 0x0000000715e00000|  0%| F|  |TS  9|AC  0|TAMS 0x0000000715d00000, 0x0000000715d00000|
| 350|0x0000000715e00000, 0x0000000715e00000, 0x0000000715f00000|  0%| F|  |TS  9|AC  0|TAMS 0x0000000715e00000, 0x0000000715e00000|
| 351|0x0000000715f00000, 0x0000000715f00000, 0x0000000716000000|  0%| F|  |TS  9|AC  0|TAMS 0x0000000715f00000, 0x0000000715f00000|
| 352|0x0000000716000000, 0x0000000716000000, 0x0000000716100000|  0%| F|  |TS  9|AC  0|TAMS 0x0000000716000000, 0x0000000716000000|
| 353|0x0000000716100000, 0x0000000716100000, 0x0000000716200000|  0%| F|  |TS  9|AC  0|TAMS 0x0000000716100000, 0x0000000716100000|
| 354|0x0000000716200000, 0x0000000716200000, 0x0000000716300000|  0%| F|  |TS  9|AC  0|TAMS 0x0000000716200000, 0x0000000716200000|
| 355|0x0000000716300000, 0x0000000716300000, 0x0000000716400000|  0%| F|  |TS  9|AC  0|TAMS 0x0000000716300000, 0x0000000716300000|
| 356|0x0000000716400000, 0x0000000716400000, 0x0000000716500000|  0%| F|  |TS  9|AC  0|TAMS 0x0000000716400000, 0x0000000716400000|
| 357|0x0000000716500000, 0x0000000716500000, 0x0000000716600000|  0%| F|  |TS  9|AC  0|TAMS 0x0000000716500000, 0x0000000716500000|
| 358|0x0000000716600000, 0x0000000716600000, 0x0000000716700000|  0%| F|  |TS  9|AC  0|TAMS 0x0000000716600000, 0x0000000716600000|
| 359|0x0000000716700000, 0x0000000716700000, 0x0000000716800000|  0%| F|  |TS  9|AC  0|TAMS 0x0000000716700000, 0x0000000716700000|
| 360|0x0000000716800000, 0x0000000716800000, 0x0000000716900000|  0%| F|  |TS  9|AC  0|TAMS 0x0000000716800000, 0x0000000716800000|
| 361|0x0000000716900000, 0x0000000716900000, 0x0000000716a00000|  0%| F|  |TS  9|AC  0|TAMS 0x0000000716900000, 0x0000000716900000|
| 362|0x0000000716a00000, 0x0000000716a00000, 0x0000000716b00000|  0%| F|  |TS  9|AC  0|TAMS 0x0000000716a00000, 0x0000000716a00000|
| 363|0x0000000716b00000, 0x0000000716b00000, 0x0000000716c00000|  0%| F|  |TS  9|AC  0|TAMS 0x0000000716b00000, 0x0000000716b00000|
| 364|0x0000000716c00000, 0x0000000716c00000, 0x0000000716d00000|  0%| F|  |TS  9|AC  0|TAMS 0x0000000716c00000, 0x0000000716c00000|
| 365|0x0000000716d00000, 0x0000000716d00000, 0x0000000716e00000|  0%| F|  |TS  9|AC  0|TAMS 0x0000000716d00000, 0x0000000716d00000|
| 366|0x0000000716e00000, 0x0000000716e00000, 0x0000000716f00000|  0%| F|  |TS  9|AC  0|TAMS 0x0000000716e00000, 0x0000000716e00000|
| 367|0x0000000716f00000, 0x0000000716f00000, 0x0000000717000000|  0%| F|  |TS  9|AC  0|TAMS 0x0000000716f00000, 0x0000000716f00000|
| 368|0x0000000717000000, 0x0000000717000000, 0x0000000717100000|  0%| F|  |TS  9|AC  0|TAMS 0x0000000717000000, 0x0000000717000000|
| 369|0x0000000717100000, 0x0000000717100000, 0x0000000717200000|  0%| F|  |TS  9|AC  0|TAMS 0x0000000717100000, 0x0000000717100000|
| 370|0x0000000717200000, 0x0000000717200000, 0x0000000717300000|  0%| F|  |TS  9|AC  0|TAMS 0x0000000717200000, 0x0000000717200000|
| 371|0x0000000717300000, 0x0000000717300000, 0x0000000717400000|  0%| F|  |TS  9|AC  0|TAMS 0x0000000717300000, 0x0000000717300000|
| 372|0x0000000717400000, 0x0000000717400000, 0x0000000717500000|  0%| F|  |TS  9|AC  0|TAMS 0x0000000717400000, 0x0000000717400000|
| 373|0x0000000717500000, 0x0000000717500000, 0x0000000717600000|  0%| F|  |TS  9|AC  0|TAMS 0x0000000717500000, 0x0000000717500000|
| 374|0x0000000717600000, 0x0000000717600000, 0x0000000717700000|  0%| F|  |TS  9|AC  0|TAMS 0x0000000717600000, 0x0000000717600000|
| 375|0x0000000717700000, 0x0000000717700000, 0x0000000717800000|  0%| F|  |TS  9|AC  0|TAMS 0x0000000717700000, 0x0000000717700000|
| 376|0x0000000717800000, 0x0000000717800000, 0x0000000717900000|  0%| F|  |TS  9|AC  0|TAMS 0x0000000717800000, 0x0000000717800000|
| 377|0x0000000717900000, 0x0000000717900000, 0x0000000717a00000|  0%| F|  |TS  9|AC  0|TAMS 0x0000000717900000, 0x0000000717900000|
| 378|0x0000000717a00000, 0x0000000717a00000, 0x0000000717b00000|  0%| F|  |TS  9|AC  0|TAMS 0x0000000717a00000, 0x0000000717a00000|
| 379|0x0000000717b00000, 0x0000000717b00000, 0x0000000717c00000|  0%| F|  |TS  9|AC  0|TAMS 0x0000000717b00000, 0x0000000717b00000|
| 380|0x0000000717c00000, 0x0000000717c00000, 0x0000000717d00000|  0%| F|  |TS  9|AC  0|TAMS 0x0000000717c00000, 0x0000000717c00000|
| 381|0x0000000717d00000, 0x0000000717d00000, 0x0000000717e00000|  0%| F|  |TS  9|AC  0|TAMS 0x0000000717d00000, 0x0000000717d00000|
| 382|0x0000000717e00000, 0x0000000717efb898, 0x0000000717f00000| 98%| E|  |TS  9|AC  0|TAMS 0x0000000717e00000, 0x0000000717e00000|
| 383|0x0000000717f00000, 0x0000000718000000, 0x0000000718000000|100%| E|CS|TS  9|AC  0|TAMS 0x0000000717f00000, 0x0000000717f00000|
| 384|0x0000000718000000, 0x0000000718100000, 0x0000000718100000|100%| E|CS|TS  9|AC  0|TAMS 0x0000000718000000, 0x0000000718000000|
| 385|0x0000000718100000, 0x0000000718200000, 0x0000000718200000|100%| E|CS|TS  9|AC  0|TAMS 0x0000000718100000, 0x0000000718100000|
| 386|0x0000000718200000, 0x0000000718300000, 0x0000000718300000|100%| E|CS|TS  9|AC  0|TAMS 0x0000000718200000, 0x0000000718200000|
| 387|0x0000000718300000, 0x0000000718400000, 0x0000000718400000|100%| E|CS|TS  9|AC  0|TAMS 0x0000000718300000, 0x0000000718300000|

Card table byte_map: [0x0000000010000000,0x0000000010600000] byte_map_base: 0x000000000c800000

Marking Bits (Prev, Next): (CMBitMap*) 0x000000000df255b8, (CMBitMap*) 0x000000000df25580
 Prev Bits: [0x000000002d2f0000, 0x00000000302f0000)
 Next Bits: [0x0000000018db0000, 0x000000001bdb0000)

Polling page: 0x0000000000140000

CodeHeap 'non-profiled nmethods': size=120064Kb used=31712Kb max_used=31712Kb free=88351Kb
 bounds [0x0000000025db0000, 0x0000000027cc0000, 0x000000002d2f0000]
CodeHeap 'profiled nmethods': size=120000Kb used=50761Kb max_used=52396Kb free=69238Kb
 bounds [0x000000001e880000, 0x0000000021c30000, 0x0000000025db0000]
CodeHeap 'non-nmethods': size=5696Kb used=1826Kb max_used=1905Kb free=3869Kb
 bounds [0x000000001e2f0000, 0x000000001e560000, 0x000000001e880000]
 total_blobs=46783 nmethods=22776 adapters=1196
 compilation: enabled

Compilation events (10 events):
Event: 17479.109 Thread 0x0000000006b82800 31529       4       com.sun.org.apache.xml.internal.serializer.ToStream$CharacterBuffer::clear (10 bytes)
Event: 17479.111 Thread 0x0000000006b82800 nmethod 31529 0x0000000027cae210 code [0x0000000027cae3a0, 0x0000000027cae4d8]
Event: 17479.111 Thread 0x000000000e338000 31528       3       java.io.StringWriter::<init> (24 bytes)
Event: 17479.111 Thread 0x000000000e338000 nmethod 31528 0x00000000205bde10 code [0x00000000205bdfe0, 0x00000000205be428]
Event: 17479.175 Thread 0x000000000e338000 31530       3       ui.utils.D::<init> (32 bytes)
Event: 17479.175 Thread 0x000000000e338000 nmethod 31530 0x00000000205bd490 code [0x00000000205bd680, 0x00000000205bdbc8]
Event: 17480.821 Thread 0x0000000006b82800 31531       4       java.lang.Throwable$WrappedPrintWriter::println (9 bytes)
Event: 17480.822 Thread 0x000000000e338000 31532       3       ui.data.common.J::ei (9 bytes)
Event: 17480.823 Thread 0x000000000e338000 nmethod 31532 0x00000000204e5390 code [0x00000000204e5540, 0x00000000204e56c8]
Event: 17480.859 Thread 0x0000000006b82800 nmethod 31531 0x0000000027caea10 code [0x0000000027caec00, 0x0000000027cafbc8]

GC Heap History (10 events):
Event: 17437.585 GC heap before
{Heap before GC invocations=1521 (full 551):
 garbage-first heap   total 397312K, used 193361K [0x0000000700000000, 0x0000000700100c20, 0x00000007c0000000)
  region size 1024K, 60 young (61440K), 0 survivors (0K)
 Metaspace       used 94185K, capacity 96169K, committed 103164K, reserved 1138688K
  class space    used 12664K, capacity 13089K, committed 14588K, reserved 1048576K
}
Event: 17437.591 GC heap after
{Heap after GC invocations=1522 (full 551):
 garbage-first heap   total 397312K, used 132809K [0x0000000700000000, 0x0000000700100c20, 0x00000007c0000000)
  region size 1024K, 1 young (1024K), 1 survivors (1024K)
 Metaspace       used 94185K, capacity 96169K, committed 103164K, reserved 1138688K
  class space    used 12664K, capacity 13089K, committed 14588K, reserved 1048576K
}
Event: 17438.409 GC heap before
{Heap before GC invocations=1522 (full 551):
 garbage-first heap   total 397312K, used 193225K [0x0000000700000000, 0x0000000700100c20, 0x00000007c0000000)
  region size 1024K, 60 young (61440K), 1 survivors (1024K)
 Metaspace       used 94186K, capacity 96169K, committed 103164K, reserved 1138688K
  class space    used 12664K, capacity 13089K, committed 14588K, reserved 1048576K
}
Event: 17438.415 GC heap after
{Heap after GC invocations=1523 (full 551):
 garbage-first heap   total 397312K, used 132865K [0x0000000700000000, 0x0000000700100c20, 0x00000007c0000000)
  region size 1024K, 1 young (1024K), 1 survivors (1024K)
 Metaspace       used 94186K, capacity 96169K, committed 103164K, reserved 1138688K
  class space    used 12664K, capacity 13089K, committed 14588K, reserved 1048576K
}
Event: 17469.540 GC heap before
{Heap before GC invocations=1523 (full 551):
 garbage-first heap   total 397312K, used 193281K [0x0000000700000000, 0x0000000700100c20, 0x00000007c0000000)
  region size 1024K, 60 young (61440K), 1 survivors (1024K)
 Metaspace       used 94186K, capacity 96169K, committed 103164K, reserved 1138688K
  class space    used 12664K, capacity 13089K, committed 14588K, reserved 1048576K
}
Event: 17469.551 GC heap after
{Heap after GC invocations=1524 (full 551):
 garbage-first heap   total 397312K, used 132890K [0x0000000700000000, 0x0000000700100c20, 0x00000007c0000000)
  region size 1024K, 1 young (1024K), 1 survivors (1024K)
 Metaspace       used 94186K, capacity 96169K, committed 103164K, reserved 1138688K
  class space    used 12664K, capacity 13089K, committed 14588K, reserved 1048576K
}
Event: 17479.141 GC heap before
{Heap before GC invocations=1524 (full 551):
 garbage-first heap   total 397312K, used 193306K [0x0000000700000000, 0x0000000700100c20, 0x00000007c0000000)
  region size 1024K, 60 young (61440K), 1 survivors (1024K)
 Metaspace       used 94211K, capacity 96169K, committed 103164K, reserved 1138688K
  class space    used 12664K, capacity 13089K, committed 14588K, reserved 1048576K
}
Event: 17479.148 GC heap after
{Heap after GC invocations=1525 (full 551):
 garbage-first heap   total 397312K, used 133229K [0x0000000700000000, 0x0000000700100c20, 0x00000007c0000000)
  region size 1024K, 2 young (2048K), 2 survivors (2048K)
 Metaspace       used 94211K, capacity 96169K, committed 103164K, reserved 1138688K
  class space    used 12664K, capacity 13089K, committed 14588K, reserved 1048576K
}
Event: 17481.973 GC heap before
{Heap before GC invocations=1525 (full 551):
 garbage-first heap   total 397312K, used 192621K [0x0000000700000000, 0x0000000700100c20, 0x00000007c0000000)
  region size 1024K, 60 young (61440K), 2 survivors (2048K)
 Metaspace       used 94212K, capacity 96169K, committed 103164K, reserved 1138688K
  class space    used 12664K, capacity 13089K, committed 14588K, reserved 1048576K
}
Event: 17481.981 GC heap after
{Heap after GC invocations=1526 (full 551):
 garbage-first heap   total 397312K, used 133461K [0x0000000700000000, 0x0000000700100c20, 0x00000007c0000000)
  region size 1024K, 2 young (2048K), 2 survivors (2048K)
 Metaspace       used 94212K, capacity 96169K, committed 103164K, reserved 1138688K
  class space    used 12664K, capacity 13089K, committed 14588K, reserved 1048576K
}

Deoptimization events (10 events):
Event: 17249.548 Thread 0x000000000f0aa800 Uncommon trap: reason=unstable_if action=reinterpret pc=0x0000000027be3de8 method=javax.swing.DefaultBoundedRangeModel.setRangeProperties(IIIIZ)V @ 12 c2
Event: 17249.551 Thread 0x000000000f0aa800 Uncommon trap: reason=unstable_if action=reinterpret pc=0x0000000026d5fd00 method=com.jidesoft.editor.CodeEditor.offsetToModelPosition(I)Lcom/jidesoft/editor/caret/CaretPosition; @ 39 c2
Event: 17320.762 Thread 0x000000000f0aa800 Uncommon trap: reason=unstable_if action=reinterpret pc=0x000000002621bec0 method=com.jidesoft.swing.JideTabbedPane.isTabShown()Z @ 19 c2
Event: 17320.762 Thread 0x000000000f0aa800 Uncommon trap: reason=unstable_if action=reinterpret pc=0x00000000278a2e54 method=java.awt.GridBagLayout.GetLayoutInfo(Ljava/awt/Container;I)Ljava/awt/GridBagLayoutInfo; @ 1960 c2
Event: 17320.765 Thread 0x000000000f0aa800 Uncommon trap: reason=unstable_if action=reinterpret pc=0x0000000026d3e72c method=javax.swing.ScrollPaneLayout.minimumLayoutSize(Ljava/awt/Container;)Ljava/awt/Dimension; @ 199 c2
Event: 17320.765 Thread 0x000000000f0aa800 Uncommon trap: reason=unstable_if action=reinterpret pc=0x0000000027aa8c58 method=javax.swing.ScrollPaneLayout.preferredLayoutSize(Ljava/awt/Container;)Ljava/awt/Dimension; @ 232 c2
Event: 17320.765 Thread 0x000000000f0aa800 Uncommon trap: reason=unstable_if action=reinterpret pc=0x00000000279eb1d4 method=javax.swing.ScrollPaneLayout.layoutContainer(Ljava/awt/Container;)V @ 136 c2
Event: 17320.766 Thread 0x000000000f0aa800 Uncommon trap: reason=unstable_if action=reinterpret pc=0x0000000026565000 method=sun.swing.table.DefaultTableCellHeaderRenderer.getTableCellRendererComponent(Ljavax/swing/JTable;Ljava/lang/Object;ZZII)Ljava/awt/Component; @ 117 c2
Event: 17320.766 Thread 0x000000000f0aa800 Uncommon trap: reason=null_assert_or_unreached0 action=make_not_entrant pc=0x00000000266694f8 method=javax.swing.JTable.getRowSorter()Ljavax/swing/RowSorter; @ 4 c2
Event: 17480.137 Thread 0x000000000f0aa800 Uncommon trap: reason=class_check action=maybe_recompile pc=0x0000000026811730 method=java.awt.Component.processMouseEvent(Ljava/awt/event/MouseEvent;)V @ 74 c2

Classes redefined (0 events):
No events

Internal exceptions (10 events):
Event: 17249.521 Thread 0x000000006d433800 Exception <a 'java/lang/InterruptedException'{0x00000007184dcd98}: sleep interrupted> (0x00000007184dcd98) thrown at [t:/workspace/hotspot/src/share/vm/prims/jvm.cpp, line 3023]
Event: 17298.024 Thread 0x000000000f0aa800 Exception <a 'java/io/FileNotFoundException'{0x00000007181c24a8}> (0x00000007181c24a8) thrown at [t:/workspace/hotspot/src/share/vm/prims/jni.cpp, line 604]
Event: 17298.078 Thread 0x000000000f0aa800 Exception <a 'java/io/FileNotFoundException'{0x0000000717e5d1a8}> (0x0000000717e5d1a8) thrown at [t:/workspace/hotspot/src/share/vm/prims/jni.cpp, line 604]
Event: 17298.122 Thread 0x000000000f0aa800 Exception <a 'java/io/FileNotFoundException'{0x0000000717cf7a80}> (0x0000000717cf7a80) thrown at [t:/workspace/hotspot/src/share/vm/prims/jni.cpp, line 604]
Event: 17298.208 Thread 0x000000000f0aa800 Exception <a 'java/io/FileNotFoundException'{0x00000007178ae018}> (0x00000007178ae018) thrown at [t:/workspace/hotspot/src/share/vm/prims/jni.cpp, line 604]
Event: 17298.209 Thread 0x000000000f0aa800 Exception <a 'java/io/FileNotFoundException'{0x00000007178b3198}> (0x00000007178b3198) thrown at [t:/workspace/hotspot/src/share/vm/prims/jni.cpp, line 604]
Event: 17298.252 Thread 0x000000000f0aa800 Exception <a 'java/io/FileNotFoundException'{0x00000007176a6a90}> (0x00000007176a6a90) thrown at [t:/workspace/hotspot/src/share/vm/prims/jni.cpp, line 604]
Event: 17298.253 Thread 0x000000000f0aa800 Exception <a 'java/io/FileNotFoundException'{0x00000007176abd50}> (0x00000007176abd50) thrown at [t:/workspace/hotspot/src/share/vm/prims/jni.cpp, line 604]
Event: 17302.620 Thread 0x000000006d14e800 Exception <a 'java/lang/InterruptedException'{0x000000071629e450}: sleep interrupted> (0x000000071629e450) thrown at [t:/workspace/hotspot/src/share/vm/prims/jvm.cpp, line 2984]
Event: 17478.790 Thread 0x000000006d151800 Exception <a 'java/lang/InterruptedException'{0x0000000716036748}: sleep interrupted> (0x0000000716036748) thrown at [t:/workspace/hotspot/src/share/vm/prims/jvm.cpp, line 3023]

Events (10 events):
Event: 17480.452 Thread 0x000000006d151800 Thread exited: 0x000000006d151800
Event: 17480.823 Thread 0x000000006d152000 Thread added: 0x000000006d152000
Event: 17480.827 Executing VM operation: RevokeBias
Event: 17480.840 Executing VM operation: RevokeBias done
Event: 17480.842 Executing VM operation: RevokeBias
Event: 17480.842 Executing VM operation: RevokeBias done
Event: 17481.447 Thread 0x000000006d150800 Thread added: 0x000000006d150800
Event: 17481.453 Thread 0x000000006d150800 Thread exited: 0x000000006d150800
Event: 17481.973 Executing VM operation: G1IncCollectionPause
Event: 17481.981 Executing VM operation: G1IncCollectionPause done


Dynamic libraries:
0x000000013f360000 - 0x000000013f390000 	C:\Xilinx\Vivado\2019.2\bin\unwrapped\win64.o\vivado.exe
0x0000000077270000 - 0x000000007740f000 	C:\Windows\SYSTEM32\ntdll.dll
0x0000000077050000 - 0x000000007716f000 	C:\Windows\system32\kernel32.dll
0x000007fefcfe0000 - 0x000007fefd047000 	C:\Windows\system32\KERNELBASE.dll
0x000007fef9c90000 - 0x000007fef9ca4000 	C:\Xilinx\Vivado\2019.2\lib\win64.o\libboost_signals.dll
0x000007fed7430000 - 0x000007fed74cb000 	C:\Windows\system32\MSVCP140.dll
0x000007fedc9a0000 - 0x000007fedc9b6000 	C:\Windows\system32\VCRUNTIME140.dll
0x000007fef1b60000 - 0x000007fef1b64000 	C:\Windows\system32\api-ms-win-crt-runtime-l1-1-0.dll
0x000007fed76f0000 - 0x000007fed77e4000 	C:\Windows\system32\ucrtbase.DLL
0x000007fef4cf0000 - 0x000007fef4cf3000 	C:\Windows\system32\api-ms-win-core-timezone-l1-1-0.dll
0x000007fedeae0000 - 0x000007fedeae3000 	C:\Windows\system32\api-ms-win-core-file-l2-1-0.dll
0x000007fedead0000 - 0x000007fedead3000 	C:\Windows\system32\api-ms-win-core-localization-l1-2-0.dll
0x000007fef9680000 - 0x000007fef9683000 	C:\Windows\system32\api-ms-win-core-synch-l1-2-0.dll
0x000007fedcd40000 - 0x000007fedcd43000 	C:\Windows\system32\api-ms-win-core-processthreads-l1-1-1.dll
0x000007fedc9f0000 - 0x000007fedc9f3000 	C:\Windows\system32\api-ms-win-core-file-l1-2-0.dll
0x000007fedbb60000 - 0x000007fedbb64000 	C:\Windows\system32\api-ms-win-crt-string-l1-1-0.dll
0x000007fedbba0000 - 0x000007fedbba3000 	C:\Windows\system32\api-ms-win-crt-heap-l1-1-0.dll
0x000007fedacd0000 - 0x000007fedacd4000 	C:\Windows\system32\api-ms-win-crt-stdio-l1-1-0.dll
0x000007fedba00000 - 0x000007fedba04000 	C:\Windows\system32\api-ms-win-crt-convert-l1-1-0.dll
0x000007feda610000 - 0x000007feda613000 	C:\Windows\system32\api-ms-win-crt-locale-l1-1-0.dll
0x000007fedacc0000 - 0x000007fedacc5000 	C:\Windows\system32\api-ms-win-crt-math-l1-1-0.dll
0x000007feda2f0000 - 0x000007feda2f3000 	C:\Windows\system32\api-ms-win-crt-time-l1-1-0.dll
0x000007feda600000 - 0x000007feda603000 	C:\Windows\system32\api-ms-win-crt-filesystem-l1-1-0.dll
0x000007feda250000 - 0x000007feda253000 	C:\Windows\system32\api-ms-win-crt-environment-l1-1-0.dll
0x000007feda260000 - 0x000007feda263000 	C:\Windows\system32\api-ms-win-crt-utility-l1-1-0.dll
0x000007fee2840000 - 0x000007fee3783000 	C:\Xilinx\Vivado\2019.2\lib\win64.o\librdi_common.dll
0x000007fef9920000 - 0x000007fef9c8e000 	C:\Xilinx\Vivado\2019.2\lib\win64.o\libCOIN-all.dll
0x000007fefa390000 - 0x000007fefa3a4000 	C:\Xilinx\Vivado\2019.2\lib\win64.o\libboost_date_time.dll
0x000007fef98c0000 - 0x000007fef98e6000 	C:\Xilinx\Vivado\2019.2\lib\win64.o\libboost_filesystem.dll
0x000007fefa380000 - 0x000007fefa38b000 	C:\Xilinx\Vivado\2019.2\lib\win64.o\libboost_system.dll
0x000007feff320000 - 0x000007feff3fb000 	C:\Windows\system32\ADVAPI32.dll
0x000007fefd180000 - 0x000007fefd21f000 	C:\Windows\system32\msvcrt.dll
0x000007fefd3a0000 - 0x000007fefd3bf000 	C:\Windows\SYSTEM32\sechost.dll
0x000007feff1f0000 - 0x000007feff31c000 	C:\Windows\system32\RPCRT4.dll
0x000007fef9840000 - 0x000007fef98bf000 	C:\Xilinx\Vivado\2019.2\lib\win64.o\libboost_program_options.dll
0x000007feeb2d0000 - 0x000007feeb3e4000 	C:\Xilinx\Vivado\2019.2\lib\win64.o\libboost_regex.dll
0x0000000077170000 - 0x000000007726a000 	C:\Windows\system32\USER32.dll
0x000007fefd5c0000 - 0x000007fefd627000 	C:\Windows\system32\GDI32.dll
0x000007fefef90000 - 0x000007fefef9e000 	C:\Windows\system32\LPK.dll
0x000007fefd910000 - 0x000007fefd9db000 	C:\Windows\system32\USP10.dll
0x000007fef98f0000 - 0x000007fef9911000 	C:\Xilinx\Vivado\2019.2\lib\win64.o\libboost_thread.dll
0x000007fefa3d0000 - 0x000007fefa3dd000 	C:\Xilinx\Vivado\2019.2\lib\win64.o\libboost_chrono.dll
0x000007fefa340000 - 0x000007fefa34f000 	C:\Xilinx\Vivado\2019.2\lib\win64.o\libboost_xilinx.dll
0x000007fef97b0000 - 0x000007fef9832000 	C:\Xilinx\Vivado\2019.2\lib\win64.o\libhdlpsolve.dll
0x000007feeb020000 - 0x000007feeb0c5000 	C:\Xilinx\Vivado\2019.2\lib\win64.o\libhdxml.dll
0x000007fee8dd0000 - 0x000007fee99cc200 	C:\Xilinx\Vivado\2019.2\lib\win64.o\libisl_iostreams.dll
0x000007fef9790000 - 0x000007fef97ab000 	C:\Xilinx\Vivado\2019.2\lib\win64.o\libboost_iostreams.dll
0x000007fef9760000 - 0x000007fef9781000 	C:\Xilinx\Vivado\2019.2\lib\win64.o\librdizlib.dll
0x000007fef9730000 - 0x000007fef9755000 	C:\Xilinx\Vivado\2019.2\lib\win64.o\libisl_iosutils.dll
0x000007fef96a0000 - 0x000007fef96ba000 	C:\Xilinx\Vivado\2019.2\lib\win64.o\pthreadVC2.dll
0x000007fef45d0000 - 0x000007fef45d9000 	C:\Windows\system32\WSOCK32.dll
0x000007feff510000 - 0x000007feff55d000 	C:\Windows\system32\WS2_32.dll
0x000007fefd900000 - 0x000007fefd908000 	C:\Windows\system32\NSI.dll
0x000007fefc700000 - 0x000007fefc722000 	C:\Windows\system32\bcrypt.dll
0x000007fef5620000 - 0x000007fef564e000 	C:\Xilinx\Vivado\2019.2\lib\win64.o\libisl_sysinfo.dll
0x000007feef4b0000 - 0x000007feef515000 	C:\Xilinx\Vivado\2019.2\lib\win64.o\liblmx6.0.dll
0x000007fee8c20000 - 0x000007fee8dc1000 	C:\Xilinx\Vivado\2019.2\lib\win64.o\librdi_commonxillic.dll
0x000007fee8940000 - 0x000007fee8c1b000 	C:\Xilinx\Vivado\2019.2\lib\win64.o\libXil_lmgr11.dll
0x000007fefad60000 - 0x000007fefad76000 	C:\Windows\system32\NETAPI32.dll
0x000007fefad50000 - 0x000007fefad5c000 	C:\Windows\system32\netutils.dll
0x000007fefc920000 - 0x000007fefc943000 	C:\Windows\system32\srvcli.dll
0x000007fefad30000 - 0x000007fefad45000 	C:\Windows\system32\wkscli.dll
0x000007feff150000 - 0x000007feff1e7000 	C:\Windows\system32\COMDLG32.dll
0x000007fefda60000 - 0x000007fefdad1000 	C:\Windows\system32\SHLWAPI.dll
0x000007fef4d20000 - 0x000007fef4dc0000 	C:\Windows\WinSxS\amd64_microsoft.windows.common-controls_6595b64144ccf1df_5.82.7601.18837_none_a4d981ff711297b6\COMCTL32.dll
0x000007fefdcf0000 - 0x000007fefea7b000 	C:\Windows\system32\SHELL32.dll
0x000007fefd2c0000 - 0x000007fefd39b000 	C:\Windows\system32\OLEAUT32.dll
0x000007fefd3c0000 - 0x000007fefd5bf000 	C:\Windows\system32\ole32.dll
0x000007fef7ce0000 - 0x000007fef7cf8000 	C:\Windows\system32\dhcpcsvc.DLL
0x000007fefa360000 - 0x000007fefa363000 	C:\Windows\system32\api-ms-win-crt-conio-l1-1-0.dll
0x000007fefcfa0000 - 0x000007fefcfdb000 	C:\Windows\system32\WINTRUST.dll
0x000007fefce10000 - 0x000007fefcf7d000 	C:\Windows\system32\CRYPT32.dll
0x000007fefcdd0000 - 0x000007fefcddf000 	C:\Windows\system32\MSASN1.dll
0x000007fef7cc0000 - 0x000007fef7cdc000 	C:\Xilinx\Vivado\2019.2\lib\win64.o\librdiconfig.dll
0x0000000061f30000 - 0x000000006205b000 	C:\Xilinx\Vivado\2019.2\lib\win64.o\tcl85t.dll
0x0000000012000000 - 0x0000000012270000 	C:\Xilinx\Vivado\2019.2\lib\win64.o\xerces-c_3_1.dll
0x000007fefeae0000 - 0x000007fefef8c000 	C:\Windows\system32\WININET.dll
0x000007fefd170000 - 0x000007fefd174000 	C:\Windows\system32\api-ms-win-downlevel-user32-l1-1-0.dll
0x000007fefd050000 - 0x000007fefd054000 	C:\Windows\system32\api-ms-win-downlevel-shlwapi-l1-1-0.dll
0x000007fefcde0000 - 0x000007fefcde4000 	C:\Windows\system32\api-ms-win-downlevel-version-l1-1-0.dll
0x000007fefccf0000 - 0x000007fefccfc000 	C:\Windows\system32\version.DLL
0x000007fefcdf0000 - 0x000007fefcdf3000 	C:\Windows\system32\api-ms-win-downlevel-normaliz-l1-1-0.dll
0x0000000077410000 - 0x0000000077413000 	C:\Windows\system32\normaliz.DLL
0x000007fefd630000 - 0x000007fefd8fc000 	C:\Windows\system32\iertutil.dll
0x000007fefce00000 - 0x000007fefce05000 	C:\Windows\system32\api-ms-win-downlevel-advapi32-l1-1-0.dll
0x000007fefcf80000 - 0x000007fefcf9f000 	C:\Windows\system32\USERENV.dll
0x000007fefcdc0000 - 0x000007fefcdcf000 	C:\Windows\system32\profapi.dll
0x000007fefa810000 - 0x000007fefa881000 	C:\Windows\system32\WINHTTP.dll
0x000007fefa6f0000 - 0x000007fefa755000 	C:\Windows\system32\webio.dll
0x000007fefefc0000 - 0x000007feff14a000 	C:\Windows\system32\urlmon.dll
0x000007fefd080000 - 0x000007fefd084000 	C:\Windows\system32\api-ms-win-downlevel-ole32-l1-1-0.dll
0x000007fee09b0000 - 0x000007fee1841000 	C:\Xilinx\Vivado\2019.2\lib\win64.o\gurobi65.dll
0x000007fef0240000 - 0x000007fef0268000 	C:\Windows\system32\VCOMP140.DLL
0x000007fef4c80000 - 0x000007fef4c96000 	C:\Xilinx\Vivado\2019.2\lib\win64.o\librdi_commonmain.dll
0x000007fefa180000 - 0x000007fefa18a000 	C:\Xilinx\Vivado\2019.2\lib\win64.o\librdi_commonversion.dll
0x000007fefdcc0000 - 0x000007fefdcee000 	C:\Windows\system32\IMM32.DLL
0x000007feff400000 - 0x000007feff50b000 	C:\Windows\system32\MSCTF.dll
0x000007fefcd00000 - 0x000007fefcd30000 	C:\Windows\system32\nvinitx.dll
0x0000000073700000 - 0x0000000073706000 	C:\Program Files\NVIDIA Corporation\CoProcManager\detoured.dll
0x000007fef8c90000 - 0x000007fef8cc8000 	C:\Program Files\NVIDIA Corporation\CoProcManager\nvd3d9wrapx.dll
0x000007fefdae0000 - 0x000007fefdcb7000 	C:\Windows\system32\SETUPAPI.dll
0x000007fefd090000 - 0x000007fefd0c6000 	C:\Windows\system32\CFGMGR32.dll
0x000007fefd060000 - 0x000007fefd07a000 	C:\Windows\system32\DEVOBJ.dll
0x000007fef8a20000 - 0x000007fef8a44000 	C:\Program Files\NVIDIA Corporation\CoProcManager\nvdxgiwrapx.dll
0x000007fee2320000 - 0x000007fee2837000 	C:\Xilinx\Vivado\2019.2\lib\win64.o\librdi_commontasks.dll
0x0000000060810000 - 0x0000000061235000 	C:\Xilinx\Vivado\2019.2\tps\win64\jre9.0.4\bin\server\jvm.dll
0x000007fef65f0000 - 0x000007fef662b000 	C:\Windows\system32\WINMM.dll
0x0000000077420000 - 0x0000000077427000 	C:\Windows\system32\PSAPI.DLL
0x000007feeaec0000 - 0x000007feeafaf000 	C:\Windows\system32\MSVCR120.dll
0x000007fee8650000 - 0x000007fee8933000 	C:\Xilinx\Vivado\2019.2\lib\win64.o\librdi_sio.dll
0x000007fef9610000 - 0x000007fef9637000 	C:\Windows\system32\IPHLPAPI.DLL
0x000007fef9600000 - 0x000007fef960b000 	C:\Windows\system32\WINNSI.DLL
0x000007fefc500000 - 0x000007fefc555000 	C:\Windows\system32\MSWSOCK.DLL
0x000007fecb680000 - 0x000007fecddc5000 	C:\Xilinx\Vivado\2019.2\lib\win64.o\librdi_tcltasks.dll
0x000007fee1e60000 - 0x000007fee2314000 	C:\Xilinx\Vivado\2019.2\lib\win64.o\librdi_bitstream.dll
0x000007feb6ad0000 - 0x000007fecb67b000 	C:\Xilinx\Vivado\2019.2\lib\win64.o\librdi_device.dll
0x000007feec020000 - 0x000007feec06c000 	C:\Xilinx\Vivado\2019.2\lib\win64.o\libboost_serialization.dll
0x000007fecf9d0000 - 0x000007fed0517000 	C:\Xilinx\Vivado\2019.2\lib\win64.o\libverific.dll
0x000007fee84b0000 - 0x000007fee864d000 	C:\Xilinx\Vivado\2019.2\lib\win64.o\librdi_board.dll
0x000007feeae40000 - 0x000007feeaebb000 	C:\Xilinx\Vivado\2019.2\lib\win64.o\librdi_boarddep.dll
0x000007feea7d0000 - 0x000007feea922000 	C:\Xilinx\Vivado\2019.2\lib\win64.o\librdi_cd_client.dll
0x000007fee1cc0000 - 0x000007fee1e60000 	C:\Xilinx\Vivado\2019.2\lib\win64.o\librdi_cd_protocol.dll
0x000007feead50000 - 0x000007feeae3f000 	C:\Xilinx\Vivado\2019.2\lib\win64.o\librdi_chipscope.dll
0x000007fee0800000 - 0x000007fee09a1000 	C:\Xilinx\Vivado\2019.2\lib\win64.o\librdi_advchipscopeimpl.dll
0x000007fecdef0000 - 0x000007fecf9ca000 	C:\Xilinx\Vivado\2019.2\lib\win64.o\librdi_constraints.dll
0x000007feb6460000 - 0x000007feb6acb000 	C:\Xilinx\Vivado\2019.2\lib\win64.o\librdi_filemgmt.dll
0x000007fee05e0000 - 0x000007fee0800000 	C:\Xilinx\Vivado\2019.2\lib\win64.o\librdi_hip_devdesign.dll
0x000007fee0500000 - 0x000007fee05d7000 	C:\Xilinx\Vivado\2019.2\lib\win64.o\librdi_ipconfig_readwrite.dll

VM Arguments:
jvm_args: -Dsun.java2d.pmoffscreen=false -Dsun.java2d.xrender=false -Dsun.java2d.d3d=false -Dsun.awt.nopixfmt=true -Dsun.java2d.dpiaware=true -Dsun.java2d.uiScale.enabled=false -Xverify:none -Dswing.aatext=true -XX:-UsePerfData -Djdk.map.althashing.threshold=512 -XX:StringTableSize=4072 --add-opens=java.base/java.nio=ALL-UNNAMED --add-opens=java.desktop/sun.swing=ALL-UNNAMED --add-opens=java.desktop/javax.swing=ALL-UNNAMED --add-opens=java.desktop/javax.swing.tree=ALL-UNNAMED --add-opens=java.desktop/javax.swing.plaf.basic=ALL-UNNAMED --add-opens=java.desktop/javax.swing.plaf.synth=ALL-UNNAMED --add-opens=java.desktop/com.sun.awt=ALL-UNNAMED -XX:NewSize=60m -XX:MaxNewSize=60m -Xms128m -Xmx3072m -Xss5m 
java_command: <unknown>
java_class_path (initial): C:/Xilinx/Vivado/2019.2\lib\classes\alloy.jar;C:/Xilinx/Vivado/2019.2\lib\classes\autoesl-common.jar;C:/Xilinx/Vivado/2019.2\lib\classes\autoesl-models.jar;C:/Xilinx/Vivado/2019.2\lib\classes\autoesl-report.jar;C:/Xilinx/Vivado/2019.2\lib\classes\autopilot.scelaborator.jar;C:/Xilinx/Vivado/2019.2\lib\classes\autopilot.sourceprocessor.jar;C:/Xilinx/Vivado/2019.2\lib\classes\autopilot.tbprocessor.jar;C:/Xilinx/Vivado/2019.2\lib\classes\batik-anim.jar;C:/Xilinx/Vivado/2019.2\lib\classes\batik-awt-util.jar;C:/Xilinx/Vivado/2019.2\lib\classes\batik-bridge.jar;C:/Xilinx/Vivado/2019.2\lib\classes\batik-codec.jar;C:/Xilinx/Vivado/2019.2\lib\classes\batik-css.jar;C:/Xilinx/Vivado/2019.2\lib\classes\batik-dom.jar;C:/Xilinx/Vivado/2019.2\lib\classes\batik-ext.jar;C:/Xilinx/Vivado/2019.2\lib\classes\batik-gui-util.jar;C:/Xilinx/Vivado/2019.2\lib\classes\batik-gvt.jar;C:/Xilinx/Vivado/2019.2\lib\classes\batik-parser.jar;C:/Xilinx/Vivado/2019.2\lib\classes\batik-script.jar;C:/Xilinx/Vivado/2019.2\lib\classes\batik-svg-dom.jar;C:/Xilinx/Vivado/2019.2\lib\classes\batik-swing.jar;C:/Xilinx/Vivado/2019.2\lib\classes\batik-transcoder.jar;C:/Xilinx/Vivado/2019.2\lib\classes\batik-util.jar;C:/Xilinx/Vivado/2019.2\lib\classes\batik-xml.jar;C:/Xilinx/Vivado/2019.2\lib\classes\com.google.gson_2.7.0.v20170129-0911.jar;C:/Xilinx/Vivado/2019.2\lib\classes\com.google.guava_21.0.0.v20170206-1425.jar;C:/Xilinx/Vivado/2019.2\lib\classes\com.ibm.icu_4.4.2.v20110208.jar;C:/Xilinx/Vivado/2019.2\lib\classes\com.sigasi.hdt.connection_4.5.0.201909241521.jar;C:/Xilinx/Vivado/2019.2\lib\classes\com.sigasi.hdt.epl_4.5.0.201909241521.jar;C:/Xilinx/Vivado/2019.2\lib\classes\com.sigasi.hdt.project_4.5.0.201909241521.jar;C:/Xilinx/Vivado/2019.2\lib\classes\com.sigasi.hdt.readonlyfilesystem_4.5.0.201909241521.jar;C:/Xilinx/Vivado/2019.2\lib\classes\com.sigasi.lcm_4.5.0.201909241521.jar;C:/Xilinx/Vivado/2019.2\lib\classes\com.sigasi.sdk.client_4.5.0.201909241521.jar;C:/Xilinx/Vivado
Launcher Type: generic

Logging:
Log output configuration:
#0: stdout all=warning uptime,level,tags
#1: stderr all=off uptime,level,tags

Environment Variables:
PATH=C:/Xilinx/Vivado/2019.2\gnuwin\bin;C:/Xilinx/Vivado/2019.2\gnu\microblaze\nt\bin;C:/Xilinx/Vivado/2019.2/bin;C:/Xilinx/Vivado/2019.2/lib/win64.o;C:/Xilinx/Vivado/2019.2/tps/win64/jre9.0.4/bin/server;C:/Xilinx/Vivado/2019.2/tps/win64/jre9.0.4/bin;C:/Xilinx/Vivado/2019.2/ids_lite/ISE/bin/nt64;C:/Xilinx/Vivado/2019.2/ids_lite/ISE/lib/nt64;C:\Program Files (x86)\Common Files\Oracle\Java\javapath;C:\Program Files\Common Files\Microsoft Shared\Windows Live;C:\ProgramData\Oracle\Java\javapath;C:\Windows\system32;C:\Windows;C:\Windows\System32\Wbem;C:\Windows\System32\WindowsPowerShell\v1.0\;C:\Program Files (x86)\NVIDIA Corporation\PhysX\Common;C:\Program Files\Git\cmd;C:\Program Files\Nordic Semiconductor\nrf5x\bin\;C:\Users\Engineer\AppData\Local\atom\bin;C:\Python27;C:\Python27\Scripts; C:\MinGW\bin;C:\MinGW\msys\1.0\bin;C:\Program Files (x86)\SEGGER\JLink_V640;;C:/Xilinx/Vivado/2019.2\tps\mingw\6.2.0\win64.o\nt\bin;C:/Xilinx/Vivado/2019.2\tps\mingw\6.2.0\win64.o\nt\libexec\gcc\x86_64-w64-mingw32\6.2.0;C:/Xilinx/Vivado/2019.2\tps\win64\python-2.7.5;C:/Xilinx/Vivado/2019.2\tps\win64\python-2.7.5\bin;C:/Xilinx/Vivado/2019.2\tps\win64\python-2.7.5\lib;C:/Xilinx/Vivado/2019.2\tps\win64\python-2.7.5\Lib\lib-tk;C:/Xilinx/Vivado/2019.2\tps\win64\python-2.7.5\lib\site-packages
USERNAME=Engineer
OS=Windows_NT
PROCESSOR_IDENTIFIER=Intel64 Family 6 Model 42 Stepping 7, GenuineIntel



---------------  S Y S T E M  ---------------

OS: Windows 7 , 64 bit Build 7601 (6.1.7601.24540)

CPU:total 4 (initial active 4) (2 cores per cpu, 2 threads per core) family 6 model 42 stepping 7, cmov, cx8, fxsr, mmx, sse, sse2, sse3, ssse3, sse4.1, sse4.2, popcnt, avx, clmul, ht, tsc, tscinvbit

Memory: 4k page, physical 8298348k(2673620k free), swap 16594796k(9908224k free)

vm_info: Java HotSpot(TM) 64-Bit Server VM (9.0.4+11) for windows-amd64 JRE (9.0.4+11), built on Dec 20 2017 02:18:54 by "mach5one" with MS VC++ 12.0 (VS2013)

END.
