#
# A fatal error has been detected by the Java Runtime Environment:
#
#  EXCEPTION_ACCESS_VIOLATION (0xc0000005) at pc=0x000007feb4fa8129, pid=5308, tid=6016
#
# JRE version: Java(TM) SE Runtime Environment (9.0+11) (build 9.0.4+11)
# Java VM: Java HotSpot(TM) 64-Bit Server VM (9.0.4+11, mixed mode, tiered, compressed oops, g1 gc, windows-amd64)
# Problematic frame:
# C  0x000007feb4fa8129
#
# No core dump will be written. Minidumps are not enabled by default on client versions of Windows
#
# If you would like to submit a bug report, please visit:
#   http://bugreport.java.com/bugreport/crash.jsp
# The crash happened outside the Java Virtual Machine in native code.
# See problematic frame for where to report the bug.
#

---------------  S U M M A R Y ------------

Command Line: -Dsun.java2d.pmoffscreen=false -Dsun.java2d.xrender=false -Dsun.java2d.d3d=false -Dsun.awt.nopixfmt=true -Dsun.java2d.dpiaware=true -Dsun.java2d.uiScale.enabled=false -Xverify:none -Dswing.aatext=true -XX:-UsePerfData -Djdk.map.althashing.threshold=512 -XX:StringTableSize=4072 --add-opens=java.base/java.nio=ALL-UNNAMED --add-opens=java.desktop/sun.swing=ALL-UNNAMED --add-opens=java.desktop/javax.swing=ALL-UNNAMED --add-opens=java.desktop/javax.swing.tree=ALL-UNNAMED --add-opens=java.desktop/javax.swing.plaf.basic=ALL-UNNAMED --add-opens=java.desktop/javax.swing.plaf.synth=ALL-UNNAMED --add-opens=java.desktop/com.sun.awt=ALL-UNNAMED -XX:NewSize=60m -XX:MaxNewSize=60m -Xms128m -Xmx3072m -Xss5m 

Host: Intel(R) Core(TM) i5-2410M CPU @ 2.30GHz, 4 cores, 7G,  Windows 7 , 64 bit Build 7601 (6.1.7601.24540)
Time: Tue Dec 31 02:17:20 2019 Hora estándar romance elapsed time: 44675 seconds (0d 12h 24m 35s)

---------------  T H R E A D  ---------------

Current thread (0x0000000032ff0800):  JavaThread "AWT-EventQueue-1" [_thread_in_native, id=6016, stack(0x0000000037e10000,0x0000000038310000)]

Stack: [0x0000000037e10000,0x0000000038310000],  sp=0x000000003830aff0,  free space=5099k
Native frames: (J=compiled Java code, j=interpreted, Vv=VM code, C=native code)
C  0x000007feb4fa8129
C  0x000007feb4faa3bb
C  0x000007feb4faab26
C  0x000007feb4fc61c4
C  0x000007feb54ce83a
C  0x000007feb54e72e7
C  0x000007feb5538b0c
C  0x0000000026da9245

Java frames: (J=compiled Java code, j=interpreted, Vv=VM code)
J 19022  ui.views.simulator.executive.simulationi.SimulationExecutive_getCodeTooltipValue(JLjava/lang/String;IZ)Ljava/lang/String; (0 bytes) @ 0x0000000026da91bf [0x0000000026da9160+0x000000000000005f]
J 22326 c2 ui.views.O.d.mouseMoved(Ljava/awt/event/MouseEvent;)V (13 bytes) @ 0x0000000026350e5c [0x00000000263509e0+0x000000000000047c]
J 18625 c2 java.awt.AWTEventMulticaster.mouseMoved(Ljava/awt/event/MouseEvent;)V java.desktop@9.0.4 (27 bytes) @ 0x0000000026d08874 [0x0000000026d087c0+0x00000000000000b4]
J 18625 c2 java.awt.AWTEventMulticaster.mouseMoved(Ljava/awt/event/MouseEvent;)V java.desktop@9.0.4 (27 bytes) @ 0x0000000026d08834 [0x0000000026d087c0+0x0000000000000074]
J 22327 c2 javax.swing.JComponent.processMouseMotionEvent(Ljava/awt/event/MouseEvent;)V java.desktop@9.0.4 (46 bytes) @ 0x0000000025fb63fc [0x0000000025fb6340+0x00000000000000bc]
J 27413 c2 java.awt.Container.processEvent(Ljava/awt/AWTEvent;)V java.desktop@9.0.4 (22 bytes) @ 0x00000000272686e4 [0x0000000027268560+0x0000000000000184]
J 27412 c2 java.awt.Component.dispatchEventImpl(Ljava/awt/AWTEvent;)V java.desktop@9.0.4 (739 bytes) @ 0x00000000275cb5a4 [0x00000000275caaa0+0x0000000000000b04]
J 26959 c2 java.awt.Container.dispatchEventImpl(Ljava/awt/AWTEvent;)V java.desktop@9.0.4 (129 bytes) @ 0x0000000027645f48 [0x0000000027645c40+0x0000000000000308]
J 26944 c2 java.awt.LightweightDispatcher.retargetMouseEvent(Ljava/awt/Component;ILjava/awt/event/MouseEvent;)V java.desktop@9.0.4 (350 bytes) @ 0x000000002763cd9c [0x000000002763c980+0x000000000000041c]
J 26959 c2 java.awt.Container.dispatchEventImpl(Ljava/awt/AWTEvent;)V java.desktop@9.0.4 (129 bytes) @ 0x0000000027646670 [0x0000000027645c40+0x0000000000000a30]
J 19548 c2 java.awt.Window.dispatchEventImpl(Ljava/awt/AWTEvent;)V java.desktop@9.0.4 (23 bytes) @ 0x0000000026e8680c [0x0000000026e867c0+0x000000000000004c]
J 15511 c2 java.awt.EventQueue$3.run()Ljava/lang/Object; java.desktop@9.0.4 (5 bytes) @ 0x0000000026a98ba8 [0x0000000026a98a00+0x00000000000001a8]
v  ~StubRoutines::call_stub
J 4336  java.security.AccessController.doPrivileged(Ljava/security/PrivilegedAction;Ljava/security/AccessControlContext;)Ljava/lang/Object; java.base@9.0.4 (0 bytes) @ 0x0000000025fea246 [0x0000000025fea1e0+0x0000000000000066]
J 17413 c2 java.awt.EventQueue$4.run()Ljava/lang/Object; java.desktop@9.0.4 (5 bytes) @ 0x00000000266577a8 [0x0000000026657560+0x0000000000000248]
v  ~StubRoutines::call_stub
J 4336  java.security.AccessController.doPrivileged(Ljava/security/PrivilegedAction;Ljava/security/AccessControlContext;)Ljava/lang/Object; java.base@9.0.4 (0 bytes) @ 0x0000000025fea246 [0x0000000025fea1e0+0x0000000000000066]
J 18167 c2 ui.frmwork.b.d.dispatchEvent(Ljava/awt/AWTEvent;)V (34 bytes) @ 0x0000000026a91df4 [0x0000000026a917e0+0x0000000000000614]
J 26948 c2 java.awt.EventDispatchThread.pumpOneEventForFilters(I)V java.desktop@9.0.4 (218 bytes) @ 0x000000002764294c [0x0000000027642520+0x000000000000042c]
J 16929% c2 java.awt.EventDispatchThread.pumpEventsForFilter(ILjava/awt/Conditional;Ljava/awt/EventFilter;)V java.desktop@9.0.4 (47 bytes) @ 0x0000000025f21c40 [0x0000000025f21b40+0x0000000000000100]
j  java.awt.EventDispatchThread.pumpEventsForHierarchy(ILjava/awt/Conditional;Ljava/awt/Component;)V+11 java.desktop@9.0.4
j  java.awt.EventDispatchThread.pumpEvents(ILjava/awt/Conditional;)V+4 java.desktop@9.0.4
j  java.awt.EventDispatchThread.pumpEvents(Ljava/awt/Conditional;)V+3 java.desktop@9.0.4
j  java.awt.EventDispatchThread.run()V+9 java.desktop@9.0.4
v  ~StubRoutines::call_stub

siginfo: EXCEPTION_ACCESS_VIOLATION (0xc0000005), reading address 0xffffffffffffffff


Register to memory mapping:

RIP=0x000007feb4fa8129 is an unknown value
RAX=0x000007feb5290292 is an unknown value
RBX=0x000000004a22c0a0 is an unknown value
RCX=0x000000004a22c0a0 is an unknown value
RDX=0x000000003830b078 is pointing into the stack for thread: 0x0000000032ff0800
RSP=0x000000003830aff0 is pointing into the stack for thread: 0x0000000032ff0800
RBP=0x000000003830b0c9 is pointing into the stack for thread: 0x0000000032ff0800
RSI=0x000000003830b078 is pointing into the stack for thread: 0x0000000032ff0800
RDI=0x000000004f450ab8 is an unknown value
R8 =0x000000003830b078 is pointing into the stack for thread: 0x0000000032ff0800
R9 =0x0000000000000000 is an unknown value
R10=0x000000004a22c0a0 is an unknown value
R11=0x000007feb4e80000 is an unknown value
R12=0x000000003830b1b3 is pointing into the stack for thread: 0x0000000032ff0800
R13=0x000000003830b300 is pointing into the stack for thread: 0x0000000032ff0800
R14=0x0000000000000000 is an unknown value
R15=0x0000000000000000 is an unknown value


Registers:
RAX=0x000007feb5290292, RBX=0x000000004a22c0a0, RCX=0x000000004a22c0a0, RDX=0x000000003830b078
RSP=0x000000003830aff0, RBP=0x000000003830b0c9, RSI=0x000000003830b078, RDI=0x000000004f450ab8
R8 =0x000000003830b078, R9 =0x0000000000000000, R10=0x000000004a22c0a0, R11=0x000007feb4e80000
R12=0x000000003830b1b3, R13=0x000000003830b300, R14=0x0000000000000000, R15=0x0000000000000000
RIP=0x000007feb4fa8129, EFLAGS=0x0000000000010206

Top of Stack: (sp=0x000000003830aff0)
0x000000003830aff0:   00000007028cead8 000000070004b438
0x000000003830b000:   0000000000000003 0000000000000006
0x000000003830b010:   0000000000000000 000007feb4faa3bb
0x000000003830b020:   0000000000000000 000000004f450ab8
0x000000003830b030:   000000000000022d 0000000000000439
0x000000003830b040:   0000000000000000 0000000711a8b2d8
0x000000003830b050:   ffffffffffff0000 0000000000000000
0x000000003830b060:   0000000000000000 000000004a22c0a0
0x000000003830b070:   fffffffffffffffe 414d445f555f4254
0x000000003830b080:   000000070051525f 000000000000000b
0x000000003830b090:   000000000000000f 000000000045b300
0x000000003830b0a0:   000000000045b7d0 0000000000000000
0x000000003830b0b0:   000000000000000f 0000000711a8b2d8
0x000000003830b0c0:   0000000000000008 000007fee000968e
0x000000003830b0d0:   0000000077083128 0000000000000000
0x000000003830b0e0:   000048924470f9ac 000007feb4ef4f25 

Instructions: (pc=0x000007feb4fa8129)
0x000007feb4fa8109:   10 57 48 83 ec 20 49 8b f0 48 8b da 48 8b f9 0f
0x000007feb4fa8119:   1f 84 00 00 00 00 00 48 8b 03 48 8b d6 48 8b cb
0x000007feb4fa8129:   ff 50 30 48 85 c0 75 27 48 8b 03 48 8b cb ff 90
0x000007feb4fa8139:   b8 00 00 00 84 c0 75 15 48 3b 5f 28 75 06 48 8b 



---------------  P R O C E S S  ---------------

Java Threads: ( => current thread )
  0x0000000050676000 JavaThread "Relaunch Simulation Thread" [_thread_blocked, id=4836, stack(0x000000005a4d0000,0x000000005a9d0000)]
  0x000000000f2b5800 JavaThread "Update Runs Swing Worker Thread" [_thread_blocked, id=7760, stack(0x000000005fd30000,0x0000000060230000)]
  0x0000000050674800 JavaThread "Refresh Filesets Swing Worker Thread" [_thread_blocked, id=7780, stack(0x0000000055cd0000,0x00000000561d0000)]
  0x0000000050679000 JavaThread "SyntheticaAnimation 50" daemon [_thread_blocked, id=7112, stack(0x0000000058880000,0x0000000058d80000)]
  0x0000000050679800 JavaThread "Image Animator 3" daemon [_thread_blocked, id=5816, stack(0x000000005ae60000,0x000000005b360000)]
  0x0000000050677800 JavaThread "SyntheticaAnimation 50" daemon [_thread_blocked, id=5608, stack(0x0000000057320000,0x0000000057820000)]
  0x0000000050673800 JavaThread "Image Animator 3" daemon [_thread_blocked, id=2520, stack(0x00000000521f0000,0x00000000526f0000)]
  0x000000000f65a000 JavaThread "hw_ila_monitor" [_thread_blocked, id=1132, stack(0x0000000050b90000,0x0000000051090000)]
  0x000000000f658800 JavaThread "SyntheticaAnimation 70" daemon [_thread_blocked, id=1928, stack(0x000000003ef30000,0x000000003f430000)]
  0x000000000f658000 JavaThread "Swing-Shell" daemon [_thread_blocked, id=1652, stack(0x000000003e3b0000,0x000000003e8b0000)]
  0x000000000f657000 JavaThread "SyntheticaAnimation 25" daemon [_thread_blocked, id=3000, stack(0x000000003c5d0000,0x000000003cad0000)]
  0x000000000f655000 JavaThread "SyntheticaAnimation 50" daemon [_thread_blocked, id=6072, stack(0x000000003c080000,0x000000003c580000)]
  0x000000000f656800 JavaThread "Monitor HEventQueue Thread" [_thread_blocked, id=2628, stack(0x000000003b920000,0x000000003be20000)]
  0x000000000f655800 JavaThread "SyntheticaCleanerThread" daemon [_thread_blocked, id=5228, stack(0x00000000399c0000,0x0000000039ec0000)]
  0x000000000f653800 JavaThread "Batik CleanerThread" daemon [_thread_blocked, id=4744, stack(0x0000000038580000,0x0000000038a80000)]
=>0x0000000032ff0800 JavaThread "AWT-EventQueue-1" [_thread_in_native, id=6016, stack(0x0000000037e10000,0x0000000038310000)]
  0x0000000033b90800 JavaThread "AWT-Shutdown" [_thread_blocked, id=4748, stack(0x0000000037780000,0x0000000037c80000)]
  0x0000000033b90000 JavaThread "Process Messages Thread" [_thread_blocked, id=4404, stack(0x00000000342f0000,0x00000000347f0000)]
  0x000000000f3d5800 JavaThread "Thread-1" [_thread_in_native, id=1968, stack(0x0000000003890000,0x0000000004c90000)]
  0x0000000032f33800 JavaThread "TimerQueue" daemon [_thread_blocked, id=6104, stack(0x0000000036080000,0x0000000036580000)]
  0x000000000f5f6800 JavaThread "AWT-Windows" daemon [_thread_in_native, id=6044, stack(0x0000000034850000,0x0000000034d50000)]
  0x000000000f314000 JavaThread "Java2D Disposer" daemon [_thread_blocked, id=2080, stack(0x0000000033cb0000,0x00000000341b0000)]
  0x000000000f051000 JavaThread "Service Thread" daemon [_thread_blocked, id=5784, stack(0x0000000032740000,0x0000000032c40000)]
  0x0000000006b3b000 JavaThread "Common-Cleaner" daemon [_thread_blocked, id=2256, stack(0x0000000032220000,0x0000000032720000)]
  0x000000000e9a9800 JavaThread "Sweeper thread" daemon [_thread_blocked, id=4036, stack(0x0000000031bd0000,0x00000000320d0000)]
  0x000000000e9a8800 JavaThread "C1 CompilerThread2" daemon [_thread_blocked, id=4940, stack(0x0000000011b80000,0x0000000011c80000)]
  0x000000000698e800 JavaThread "C2 CompilerThread1" daemon [_thread_blocked, id=2280, stack(0x00000000118c0000,0x00000000119c0000)]
  0x000000000698d800 JavaThread "C2 CompilerThread0" daemon [_thread_blocked, id=4900, stack(0x0000000011ca0000,0x0000000011da0000)]
  0x0000000006c3a800 JavaThread "Attach Listener" daemon [_thread_blocked, id=1816, stack(0x00000000314e0000,0x00000000319e0000)]
  0x000000000698d000 JavaThread "Signal Dispatcher" daemon [_thread_blocked, id=5764, stack(0x0000000030f00000,0x0000000031400000)]
  0x0000000006ab6000 JavaThread "Finalizer" daemon [_thread_blocked, id=4928, stack(0x0000000030a00000,0x0000000030f00000)]
  0x0000000006ab5000 JavaThread "Reference Handler" daemon [_thread_blocked, id=6032, stack(0x0000000030400000,0x0000000030900000)]
  0x000000000a80b000 JavaThread "main" [_thread_blocked, id=5596, stack(0x0000000006e70000,0x0000000006f70000)]

Other Threads:
  0x000000000aff6800 VMThread "VM Thread" [stack: 0x0000000011a30000,0x0000000011b30000] [id=4840]
  0x000000000f10c800 WatcherThread [stack: 0x0000000011e40000,0x0000000011f40000] [id=2664]
  0x000000000e850800 GCTaskThread "GC Thread#0" [stack: 0x000000000a0f0000,0x000000000a1f0000] [id=5204]
  0x000000000ddd5000 GCTaskThread "GC Thread#1" [stack: 0x000000000a200000,0x000000000a300000] [id=3504]
  0x000000000ddd6000 GCTaskThread "GC Thread#2" [stack: 0x000000000b570000,0x000000000b670000] [id=3932]
  0x000000000ddd6800 GCTaskThread "GC Thread#3" [stack: 0x000000000a340000,0x000000000a440000] [id=2108]
  0x000000000dbe5000 ConcurrentGCThread "G1 Main Marker" [stack: 0x000000000d3f0000,0x000000000d4f0000] [id=5832]
  0x000000000ddd7000 ConcurrentGCThread "G1 Marker#0" [stack: 0x000000000d570000,0x000000000d670000] [id=6080]
  0x00000000093ba000 ConcurrentGCThread "G1 Refine#0" [stack: 0x000000000d110000,0x000000000d210000] [id=1732]
  0x00000000093b9000 ConcurrentGCThread "G1 Refine#1" [stack: 0x000000000bd60000,0x000000000be60000] [id=5292]
  0x000000000a70d800 ConcurrentGCThread "G1 Refine#2" [stack: 0x000000000bc30000,0x000000000bd30000] [id=5884]
  0x000000000a80b800 ConcurrentGCThread "G1 Refine#3" [stack: 0x000000000bb10000,0x000000000bc10000] [id=6096]
  0x0000000006d8e800 ConcurrentGCThread "G1 Young RemSet Sampling" [stack: 0x000000000d2d0000,0x000000000d3d0000] [id=1124]

Threads with active compile tasks:

VM state:not at safepoint (normal execution)

VM Mutex/Monitor currently owned by a thread: None

Heap address: 0x0000000700000000, size: 3072 MB, Compressed Oops mode: Zero based, Oop shift amount: 3
Narrow klass base: 0x0000000000000000, Narrow klass shift: 3
Compressed class space size: 1073741824 Address: 0x00000007c0000000

Heap:
 garbage-first heap   total 308224K, used 112747K [0x0000000700000000, 0x0000000700100968, 0x00000007c0000000)
  region size 1024K, 21 young (21504K), 1 survivors (1024K)
 Metaspace       used 92057K, capacity 94261K, committed 99920K, reserved 1134592K
  class space    used 12539K, capacity 13011K, committed 14204K, reserved 1048576K
Heap Regions: E=young(eden), S=young(survivor), O=old, HS=humongous(starts), HC=humongous(continues), CS=collection set, F=free, A=archive, TS=gc time stamp, AC=allocation context, TAMS=top-at-mark-start (previous, next)
|   0|0x0000000700000000, 0x00000007000facf0, 0x0000000700100000| 97%| O|  |TS  0|AC  0|TAMS 0x0000000700000000, 0x0000000700000000|
|   1|0x0000000700100000, 0x00000007001f1bb0, 0x0000000700200000| 94%| O|  |TS  0|AC  0|TAMS 0x0000000700100000, 0x0000000700100000|
|   2|0x0000000700200000, 0x00000007002fe208, 0x0000000700300000| 99%| O|  |TS  0|AC  0|TAMS 0x0000000700200000, 0x0000000700200000|
|   3|0x0000000700300000, 0x00000007003feaf0, 0x0000000700400000| 99%| O|  |TS  0|AC  0|TAMS 0x0000000700300000, 0x0000000700300000|
|   4|0x0000000700400000, 0x0000000700500000, 0x0000000700500000|100%|HS|  |TS  0|AC  0|TAMS 0x0000000700400000, 0x0000000700400000|
|   5|0x0000000700500000, 0x0000000700600000, 0x0000000700600000|100%|HC|  |TS  0|AC  0|TAMS 0x0000000700500000, 0x0000000700500000|
|   6|0x0000000700600000, 0x0000000700700000, 0x0000000700700000|100%|HS|  |TS  0|AC  0|TAMS 0x0000000700600000, 0x0000000700600000|
|   7|0x0000000700700000, 0x00000007007f5f30, 0x0000000700800000| 96%| O|  |TS  0|AC  0|TAMS 0x0000000700700000, 0x0000000700700000|
|   8|0x0000000700800000, 0x00000007008ffff8, 0x0000000700900000| 99%| O|  |TS  0|AC  0|TAMS 0x0000000700800000, 0x0000000700800000|
|   9|0x0000000700900000, 0x00000007009ffff8, 0x0000000700a00000| 99%| O|  |TS  0|AC  0|TAMS 0x0000000700900000, 0x0000000700900000|
|  10|0x0000000700a00000, 0x0000000700affff0, 0x0000000700b00000| 99%| O|  |TS  0|AC  0|TAMS 0x0000000700a00000, 0x0000000700a00000|
|  11|0x0000000700b00000, 0x0000000700bffff8, 0x0000000700c00000| 99%| O|  |TS  0|AC  0|TAMS 0x0000000700b00000, 0x0000000700b00000|
|  12|0x0000000700c00000, 0x0000000700cfffe0, 0x0000000700d00000| 99%| O|  |TS  0|AC  0|TAMS 0x0000000700c00000, 0x0000000700c00000|
|  13|0x0000000700d00000, 0x0000000700dd4108, 0x0000000700e00000| 82%| O|  |TS  0|AC  0|TAMS 0x0000000700d00000, 0x0000000700d00000|
|  14|0x0000000700e00000, 0x0000000700f00000, 0x0000000700f00000|100%| O|  |TS  0|AC  0|TAMS 0x0000000700e00000, 0x0000000700e00000|
|  15|0x0000000700f00000, 0x0000000700fffff0, 0x0000000701000000| 99%| O|  |TS  0|AC  0|TAMS 0x0000000700f00000, 0x0000000700f00000|
|  16|0x0000000701000000, 0x00000007010fbe68, 0x0000000701100000| 98%| O|  |TS  0|AC  0|TAMS 0x0000000701000000, 0x0000000701000000|
|  17|0x0000000701100000, 0x00000007011fffe8, 0x0000000701200000| 99%| O|  |TS  0|AC  0|TAMS 0x0000000701100000, 0x0000000701100000|
|  18|0x0000000701200000, 0x00000007012ffff8, 0x0000000701300000| 99%| O|  |TS  0|AC  0|TAMS 0x0000000701200000, 0x0000000701200000|
|  19|0x0000000701300000, 0x00000007013ffff0, 0x0000000701400000| 99%| O|  |TS  0|AC  0|TAMS 0x0000000701300000, 0x0000000701300000|
|  20|0x0000000701400000, 0x00000007014ffff0, 0x0000000701500000| 99%| O|  |TS  0|AC  0|TAMS 0x0000000701400000, 0x0000000701400000|
|  21|0x0000000701500000, 0x00000007015fffe8, 0x0000000701600000| 99%| O|  |TS  0|AC  0|TAMS 0x0000000701500000, 0x0000000701500000|
|  22|0x0000000701600000, 0x00000007016fffe0, 0x0000000701700000| 99%| O|  |TS  0|AC  0|TAMS 0x0000000701600000, 0x0000000701600000|
|  23|0x0000000701700000, 0x00000007017fffe8, 0x0000000701800000| 99%| O|  |TS  0|AC  0|TAMS 0x0000000701700000, 0x0000000701700000|
|  24|0x0000000701800000, 0x00000007018f3980, 0x0000000701900000| 95%| O|  |TS  0|AC  0|TAMS 0x0000000701800000, 0x0000000701800000|
|  25|0x0000000701900000, 0x0000000701a00000, 0x0000000701a00000|100%| O|  |TS  0|AC  0|TAMS 0x0000000701900000, 0x0000000701900000|
|  26|0x0000000701a00000, 0x0000000701afffe0, 0x0000000701b00000| 99%| O|  |TS  0|AC  0|TAMS 0x0000000701a00000, 0x0000000701a00000|
|  27|0x0000000701b00000, 0x0000000701bfffe8, 0x0000000701c00000| 99%| O|  |TS  0|AC  0|TAMS 0x0000000701b00000, 0x0000000701b00000|
|  28|0x0000000701c00000, 0x0000000701d00000, 0x0000000701d00000|100%| O|  |TS  0|AC  0|TAMS 0x0000000701c00000, 0x0000000701c00000|
|  29|0x0000000701d00000, 0x0000000701dffef8, 0x0000000701e00000| 99%| O|  |TS  0|AC  0|TAMS 0x0000000701d00000, 0x0000000701d00000|
|  30|0x0000000701e00000, 0x0000000701efffc8, 0x0000000701f00000| 99%| O|  |TS  0|AC  0|TAMS 0x0000000701e00000, 0x0000000701e00000|
|  31|0x0000000701f00000, 0x0000000701fffff0, 0x0000000702000000| 99%| O|  |TS  0|AC  0|TAMS 0x0000000701f00000, 0x0000000701f00000|
|  32|0x0000000702000000, 0x00000007020ffff8, 0x0000000702100000| 99%| O|  |TS  0|AC  0|TAMS 0x0000000702000000, 0x0000000702000000|
|  33|0x0000000702100000, 0x00000007021d5f30, 0x0000000702200000| 83%| O|  |TS  0|AC  0|TAMS 0x0000000702100000, 0x0000000702100000|
|  34|0x0000000702200000, 0x00000007022ffff8, 0x0000000702300000| 99%| O|  |TS  0|AC  0|TAMS 0x0000000702200000, 0x0000000702200000|
|  35|0x0000000702300000, 0x00000007023fffe8, 0x0000000702400000| 99%| O|  |TS  0|AC  0|TAMS 0x0000000702300000, 0x0000000702300000|
|  36|0x0000000702400000, 0x0000000702500000, 0x0000000702500000|100%| O|  |TS  0|AC  0|TAMS 0x0000000702400000, 0x0000000702400000|
|  37|0x0000000702500000, 0x00000007025fffd0, 0x0000000702600000| 99%| O|  |TS  0|AC  0|TAMS 0x0000000702500000, 0x0000000702500000|
|  38|0x0000000702600000, 0x0000000702700000, 0x0000000702700000|100%| O|  |TS  0|AC  0|TAMS 0x0000000702600000, 0x0000000702600000|
|  39|0x0000000702700000, 0x00000007027fffd0, 0x0000000702800000| 99%| O|  |TS  0|AC  0|TAMS 0x0000000702700000, 0x0000000702700000|
|  40|0x0000000702800000, 0x00000007028f8198, 0x0000000702900000| 96%| O|  |TS  0|AC  0|TAMS 0x0000000702800000, 0x0000000702800000|
|  41|0x0000000702900000, 0x00000007029fffe8, 0x0000000702a00000| 99%| O|  |TS  0|AC  0|TAMS 0x0000000702900000, 0x0000000702900000|
|  42|0x0000000702a00000, 0x0000000702b00000, 0x0000000702b00000|100%| O|  |TS  0|AC  0|TAMS 0x0000000702a00000, 0x0000000702a00000|
|  43|0x0000000702b00000, 0x0000000702c00000, 0x0000000702c00000|100%| O|  |TS  0|AC  0|TAMS 0x0000000702b00000, 0x0000000702b00000|
|  44|0x0000000702c00000, 0x0000000702cfff18, 0x0000000702d00000| 99%| O|  |TS  0|AC  0|TAMS 0x0000000702c00000, 0x0000000702c00000|
|  45|0x0000000702d00000, 0x0000000702dfffe0, 0x0000000702e00000| 99%| O|  |TS  0|AC  0|TAMS 0x0000000702d00000, 0x0000000702d00000|
|  46|0x0000000702e00000, 0x0000000702f00000, 0x0000000702f00000|100%| O|  |TS  0|AC  0|TAMS 0x0000000702e00000, 0x0000000702e00000|
|  47|0x0000000702f00000, 0x0000000703000000, 0x0000000703000000|100%| O|  |TS  0|AC  0|TAMS 0x0000000702f00000, 0x0000000702f00000|
|  48|0x0000000703000000, 0x00000007030ffff8, 0x0000000703100000| 99%| O|  |TS  0|AC  0|TAMS 0x0000000703000000, 0x0000000703000000|
|  49|0x0000000703100000, 0x00000007031fffc8, 0x0000000703200000| 99%| O|  |TS  0|AC  0|TAMS 0x0000000703100000, 0x0000000703100000|
|  50|0x0000000703200000, 0x00000007032fffe8, 0x0000000703300000| 99%| O|  |TS  0|AC  0|TAMS 0x0000000703200000, 0x0000000703200000|
|  51|0x0000000703300000, 0x00000007033ffff0, 0x0000000703400000| 99%| O|  |TS  0|AC  0|TAMS 0x0000000703300000, 0x0000000703300000|
|  52|0x0000000703400000, 0x00000007034fff98, 0x0000000703500000| 99%| O|  |TS  0|AC  0|TAMS 0x0000000703400000, 0x0000000703400000|
|  53|0x0000000703500000, 0x0000000703600000, 0x0000000703600000|100%| O|  |TS  0|AC  0|TAMS 0x0000000703500000, 0x0000000703500000|
|  54|0x0000000703600000, 0x00000007036ffff8, 0x0000000703700000| 99%| O|  |TS  0|AC  0|TAMS 0x0000000703600000, 0x0000000703600000|
|  55|0x0000000703700000, 0x00000007037ffeb0, 0x0000000703800000| 99%| O|  |TS  0|AC  0|TAMS 0x0000000703700000, 0x0000000703700000|
|  56|0x0000000703800000, 0x00000007038fe1f0, 0x0000000703900000| 99%| O|  |TS  0|AC  0|TAMS 0x0000000703800000, 0x0000000703800000|
|  57|0x0000000703900000, 0x00000007039ffff0, 0x0000000703a00000| 99%| O|  |TS  0|AC  0|TAMS 0x0000000703900000, 0x0000000703900000|
|  58|0x0000000703a00000, 0x0000000703aff6f0, 0x0000000703b00000| 99%| O|  |TS  0|AC  0|TAMS 0x0000000703a00000, 0x0000000703a00000|
|  59|0x0000000703b00000, 0x0000000703c00000, 0x0000000703c00000|100%| O|  |TS  0|AC  0|TAMS 0x0000000703b00000, 0x0000000703b00000|
|  60|0x0000000703c00000, 0x0000000703cffff0, 0x0000000703d00000| 99%| O|  |TS  0|AC  0|TAMS 0x0000000703c00000, 0x0000000703c00000|
|  61|0x0000000703d00000, 0x0000000703dffff0, 0x0000000703e00000| 99%| O|  |TS  0|AC  0|TAMS 0x0000000703d00000, 0x0000000703d00000|
|  62|0x0000000703e00000, 0x0000000703efff70, 0x0000000703f00000| 99%| O|  |TS  0|AC  0|TAMS 0x0000000703e00000, 0x0000000703e00000|
|  63|0x0000000703f00000, 0x0000000703fffff8, 0x0000000704000000| 99%| O|  |TS  0|AC  0|TAMS 0x0000000703f00000, 0x0000000703f00000|
|  64|0x0000000704000000, 0x0000000704100000, 0x0000000704100000|100%| O|  |TS  0|AC  0|TAMS 0x0000000704000000, 0x0000000704000000|
|  65|0x0000000704100000, 0x00000007041ffff8, 0x0000000704200000| 99%| O|  |TS  0|AC  0|TAMS 0x0000000704100000, 0x0000000704100000|
|  66|0x0000000704200000, 0x0000000704300000, 0x0000000704300000|100%| O|  |TS  0|AC  0|TAMS 0x0000000704200000, 0x0000000704200000|
|  67|0x0000000704300000, 0x00000007043fffe8, 0x0000000704400000| 99%| O|  |TS  0|AC  0|TAMS 0x0000000704300000, 0x0000000704300000|
|  68|0x0000000704400000, 0x00000007044fffe8, 0x0000000704500000| 99%| O|  |TS  0|AC  0|TAMS 0x0000000704400000, 0x0000000704400000|
|  69|0x0000000704500000, 0x00000007045ffee0, 0x0000000704600000| 99%| O|  |TS  0|AC  0|TAMS 0x0000000704500000, 0x0000000704500000|
|  70|0x0000000704600000, 0x00000007046fffe8, 0x0000000704700000| 99%| O|  |TS  0|AC  0|TAMS 0x0000000704600000, 0x0000000704600000|
|  71|0x0000000704700000, 0x00000007047ffff8, 0x0000000704800000| 99%| O|  |TS  0|AC  0|TAMS 0x0000000704700000, 0x0000000704700000|
|  72|0x0000000704800000, 0x0000000704900000, 0x0000000704900000|100%|HS|  |TS  0|AC  0|TAMS 0x0000000704800000, 0x0000000704800000|
|  73|0x0000000704900000, 0x0000000704a00000, 0x0000000704a00000|100%|HC|  |TS  0|AC  0|TAMS 0x0000000704900000, 0x0000000704900000|
|  74|0x0000000704a00000, 0x0000000704b00000, 0x0000000704b00000|100%|HC|  |TS  0|AC  0|TAMS 0x0000000704a00000, 0x0000000704a00000|
|  75|0x0000000704b00000, 0x0000000704c00000, 0x0000000704c00000|100%|HC|  |TS  0|AC  0|TAMS 0x0000000704b00000, 0x0000000704b00000|
|  76|0x0000000704c00000, 0x0000000704d00000, 0x0000000704d00000|100%| O|  |TS  0|AC  0|TAMS 0x0000000704c00000, 0x0000000704c00000|
|  77|0x0000000704d00000, 0x0000000704dffe98, 0x0000000704e00000| 99%| O|  |TS  0|AC  0|TAMS 0x0000000704d00000, 0x0000000704d00000|
|  78|0x0000000704e00000, 0x0000000704eff9c8, 0x0000000704f00000| 99%| O|  |TS  0|AC  0|TAMS 0x0000000704e00000, 0x0000000704e00000|
|  79|0x0000000704f00000, 0x0000000704fffff0, 0x0000000705000000| 99%| O|  |TS  0|AC  0|TAMS 0x0000000704f00000, 0x0000000704f00000|
|  80|0x0000000705000000, 0x0000000705100000, 0x0000000705100000|100%|HS|  |TS  0|AC  0|TAMS 0x0000000705000000, 0x0000000705000000|
|  81|0x0000000705100000, 0x0000000705200000, 0x0000000705200000|100%|HC|  |TS  0|AC  0|TAMS 0x0000000705100000, 0x0000000705100000|
|  82|0x0000000705200000, 0x0000000705300000, 0x0000000705300000|100%|HC|  |TS  0|AC  0|TAMS 0x0000000705200000, 0x0000000705200000|
|  83|0x0000000705300000, 0x0000000705400000, 0x0000000705400000|100%|HC|  |TS  0|AC  0|TAMS 0x0000000705300000, 0x0000000705300000|
|  84|0x0000000705400000, 0x0000000705500000, 0x0000000705500000|100%|HC|  |TS  0|AC  0|TAMS 0x0000000705400000, 0x0000000705400000|
|  85|0x0000000705500000, 0x0000000705600000, 0x0000000705600000|100%|HC|  |TS  0|AC  0|TAMS 0x0000000705500000, 0x0000000705500000|
|  86|0x0000000705600000, 0x0000000705700000, 0x0000000705700000|100%|HC|  |TS  0|AC  0|TAMS 0x0000000705600000, 0x0000000705600000|
|  87|0x0000000705700000, 0x0000000705800000, 0x0000000705800000|100%|HC|  |TS  0|AC  0|TAMS 0x0000000705700000, 0x0000000705700000|
|  88|0x0000000705800000, 0x00000007058dcb38, 0x0000000705900000| 86%| O|  |TS  0|AC  0|TAMS 0x0000000705800000, 0x0000000705800000|
|  89|0x0000000705900000, 0x0000000705900000, 0x0000000705a00000|  0%| F|  |TS  0|AC  0|TAMS 0x0000000705900000, 0x0000000705900000|
|  90|0x0000000705a00000, 0x0000000705a00000, 0x0000000705b00000|  0%| F|  |TS  0|AC  0|TAMS 0x0000000705a00000, 0x0000000705a00000|
|  91|0x0000000705b00000, 0x0000000705b00000, 0x0000000705c00000|  0%| F|  |TS  0|AC  0|TAMS 0x0000000705b00000, 0x0000000705b00000|
|  92|0x0000000705c00000, 0x0000000705c00000, 0x0000000705d00000|  0%| F|  |TS  0|AC  0|TAMS 0x0000000705c00000, 0x0000000705c00000|
|  93|0x0000000705d00000, 0x0000000705d00000, 0x0000000705e00000|  0%| F|  |TS  0|AC  0|TAMS 0x0000000705d00000, 0x0000000705d00000|
|  94|0x0000000705e00000, 0x0000000705f00000, 0x0000000705f00000|100%|HS|  |TS  0|AC  0|TAMS 0x0000000705e00000, 0x0000000705e00000|
|  95|0x0000000705f00000, 0x0000000706000000, 0x0000000706000000|100%|HC|  |TS  0|AC  0|TAMS 0x0000000705f00000, 0x0000000705f00000|
|  96|0x0000000706000000, 0x0000000706000000, 0x0000000706100000|  0%| F|  |TS  0|AC  0|TAMS 0x0000000706000000, 0x0000000706000000|
|  97|0x0000000706100000, 0x0000000706100000, 0x0000000706200000|  0%| F|  |TS  0|AC  0|TAMS 0x0000000706100000, 0x0000000706100000|
|  98|0x0000000706200000, 0x0000000706200000, 0x0000000706300000|  0%| F|  |TS  0|AC  0|TAMS 0x0000000706200000, 0x0000000706200000|
|  99|0x0000000706300000, 0x0000000706300000, 0x0000000706400000|  0%| F|  |TS  0|AC  0|TAMS 0x0000000706300000, 0x0000000706300000|
| 100|0x0000000706400000, 0x0000000706400000, 0x0000000706500000|  0%| F|  |TS  0|AC  0|TAMS 0x0000000706400000, 0x0000000706400000|
| 101|0x0000000706500000, 0x0000000706500000, 0x0000000706600000|  0%| F|  |TS  0|AC  0|TAMS 0x0000000706500000, 0x0000000706500000|
| 102|0x0000000706600000, 0x0000000706600000, 0x0000000706700000|  0%| F|  |TS  0|AC  0|TAMS 0x0000000706600000, 0x0000000706600000|
| 103|0x0000000706700000, 0x0000000706700000, 0x0000000706800000|  0%| F|  |TS  0|AC  0|TAMS 0x0000000706700000, 0x0000000706700000|
| 104|0x0000000706800000, 0x0000000706800000, 0x0000000706900000|  0%| F|  |TS  0|AC  0|TAMS 0x0000000706800000, 0x0000000706800000|
| 105|0x0000000706900000, 0x0000000706900000, 0x0000000706a00000|  0%| F|  |TS  0|AC  0|TAMS 0x0000000706900000, 0x0000000706900000|
| 106|0x0000000706a00000, 0x0000000706a00000, 0x0000000706b00000|  0%| F|  |TS  0|AC  0|TAMS 0x0000000706a00000, 0x0000000706a00000|
| 107|0x0000000706b00000, 0x0000000706b00000, 0x0000000706c00000|  0%| F|  |TS  0|AC  0|TAMS 0x0000000706b00000, 0x0000000706b00000|
| 108|0x0000000706c00000, 0x0000000706c00000, 0x0000000706d00000|  0%| F|  |TS  0|AC  0|TAMS 0x0000000706c00000, 0x0000000706c00000|
| 109|0x0000000706d00000, 0x0000000706d00000, 0x0000000706e00000|  0%| F|  |TS  0|AC  0|TAMS 0x0000000706d00000, 0x0000000706d00000|
| 110|0x0000000706e00000, 0x0000000706e00000, 0x0000000706f00000|  0%| F|  |TS  0|AC  0|TAMS 0x0000000706e00000, 0x0000000706e00000|
| 111|0x0000000706f00000, 0x0000000706f00000, 0x0000000707000000|  0%| F|  |TS  0|AC  0|TAMS 0x0000000706f00000, 0x0000000706f00000|
| 112|0x0000000707000000, 0x0000000707000000, 0x0000000707100000|  0%| F|  |TS  0|AC  0|TAMS 0x0000000707000000, 0x0000000707000000|
| 113|0x0000000707100000, 0x0000000707100000, 0x0000000707200000|  0%| F|  |TS  0|AC  0|TAMS 0x0000000707100000, 0x0000000707100000|
| 114|0x0000000707200000, 0x0000000707200000, 0x0000000707300000|  0%| F|  |TS  0|AC  0|TAMS 0x0000000707200000, 0x0000000707200000|
| 115|0x0000000707300000, 0x0000000707300000, 0x0000000707400000|  0%| F|  |TS  0|AC  0|TAMS 0x0000000707300000, 0x0000000707300000|
| 116|0x0000000707400000, 0x0000000707400000, 0x0000000707500000|  0%| F|  |TS  0|AC  0|TAMS 0x0000000707400000, 0x0000000707400000|
| 117|0x0000000707500000, 0x0000000707500000, 0x0000000707600000|  0%| F|  |TS  0|AC  0|TAMS 0x0000000707500000, 0x0000000707500000|
| 118|0x0000000707600000, 0x0000000707600000, 0x0000000707700000|  0%| F|  |TS  0|AC  0|TAMS 0x0000000707600000, 0x0000000707600000|
| 119|0x0000000707700000, 0x0000000707700000, 0x0000000707800000|  0%| F|  |TS  0|AC  0|TAMS 0x0000000707700000, 0x0000000707700000|
| 120|0x0000000707800000, 0x0000000707800000, 0x0000000707900000|  0%| F|  |TS  0|AC  0|TAMS 0x0000000707800000, 0x0000000707800000|
| 121|0x0000000707900000, 0x0000000707900000, 0x0000000707a00000|  0%| F|  |TS  0|AC  0|TAMS 0x0000000707900000, 0x0000000707900000|
| 122|0x0000000707a00000, 0x0000000707a00000, 0x0000000707b00000|  0%| F|  |TS  0|AC  0|TAMS 0x0000000707a00000, 0x0000000707a00000|
| 123|0x0000000707b00000, 0x0000000707b00000, 0x0000000707c00000|  0%| F|  |TS  0|AC  0|TAMS 0x0000000707b00000, 0x0000000707b00000|
| 124|0x0000000707c00000, 0x0000000707c00000, 0x0000000707d00000|  0%| F|  |TS  0|AC  0|TAMS 0x0000000707c00000, 0x0000000707c00000|
| 125|0x0000000707d00000, 0x0000000707d00000, 0x0000000707e00000|  0%| F|  |TS  0|AC  0|TAMS 0x0000000707d00000, 0x0000000707d00000|
| 126|0x0000000707e00000, 0x0000000707e00000, 0x0000000707f00000|  0%| F|  |TS  0|AC  0|TAMS 0x0000000707e00000, 0x0000000707e00000|
| 127|0x0000000707f00000, 0x0000000707f00000, 0x0000000708000000|  0%| F|  |TS  0|AC  0|TAMS 0x0000000707f00000, 0x0000000707f00000|
| 128|0x0000000708000000, 0x0000000708000000, 0x0000000708100000|  0%| F|  |TS  0|AC  0|TAMS 0x0000000708000000, 0x0000000708000000|
| 129|0x0000000708100000, 0x0000000708100000, 0x0000000708200000|  0%| F|  |TS  0|AC  0|TAMS 0x0000000708100000, 0x0000000708100000|
| 130|0x0000000708200000, 0x0000000708200000, 0x0000000708300000|  0%| F|  |TS  0|AC  0|TAMS 0x0000000708200000, 0x0000000708200000|
| 131|0x0000000708300000, 0x0000000708300000, 0x0000000708400000|  0%| F|  |TS  0|AC  0|TAMS 0x0000000708300000, 0x0000000708300000|
| 132|0x0000000708400000, 0x0000000708400000, 0x0000000708500000|  0%| F|  |TS  0|AC  0|TAMS 0x0000000708400000, 0x0000000708400000|
| 133|0x0000000708500000, 0x0000000708500000, 0x0000000708600000|  0%| F|  |TS  0|AC  0|TAMS 0x0000000708500000, 0x0000000708500000|
| 134|0x0000000708600000, 0x0000000708600000, 0x0000000708700000|  0%| F|  |TS  0|AC  0|TAMS 0x0000000708600000, 0x0000000708600000|
| 135|0x0000000708700000, 0x0000000708700000, 0x0000000708800000|  0%| F|  |TS  0|AC  0|TAMS 0x0000000708700000, 0x0000000708700000|
| 136|0x0000000708800000, 0x0000000708800000, 0x0000000708900000|  0%| F|  |TS  0|AC  0|TAMS 0x0000000708800000, 0x0000000708800000|
| 137|0x0000000708900000, 0x0000000708900000, 0x0000000708a00000|  0%| F|  |TS  0|AC  0|TAMS 0x0000000708900000, 0x0000000708900000|
| 138|0x0000000708a00000, 0x0000000708a00000, 0x0000000708b00000|  0%| F|  |TS  0|AC  0|TAMS 0x0000000708a00000, 0x0000000708a00000|
| 139|0x0000000708b00000, 0x0000000708b00000, 0x0000000708c00000|  0%| F|  |TS  0|AC  0|TAMS 0x0000000708b00000, 0x0000000708b00000|
| 140|0x0000000708c00000, 0x0000000708c00000, 0x0000000708d00000|  0%| F|  |TS  0|AC  0|TAMS 0x0000000708c00000, 0x0000000708c00000|
| 141|0x0000000708d00000, 0x0000000708d00000, 0x0000000708e00000|  0%| F|  |TS  0|AC  0|TAMS 0x0000000708d00000, 0x0000000708d00000|
| 142|0x0000000708e00000, 0x0000000708e00000, 0x0000000708f00000|  0%| F|  |TS  0|AC  0|TAMS 0x0000000708e00000, 0x0000000708e00000|
| 143|0x0000000708f00000, 0x0000000708f00000, 0x0000000709000000|  0%| F|  |TS  0|AC  0|TAMS 0x0000000708f00000, 0x0000000708f00000|
| 144|0x0000000709000000, 0x0000000709000000, 0x0000000709100000|  0%| F|  |TS  0|AC  0|TAMS 0x0000000709000000, 0x0000000709000000|
| 145|0x0000000709100000, 0x0000000709100000, 0x0000000709200000|  0%| F|  |TS  0|AC  0|TAMS 0x0000000709100000, 0x0000000709100000|
| 146|0x0000000709200000, 0x0000000709200000, 0x0000000709300000|  0%| F|  |TS  0|AC  0|TAMS 0x0000000709200000, 0x0000000709200000|
| 147|0x0000000709300000, 0x0000000709300000, 0x0000000709400000|  0%| F|  |TS  0|AC  0|TAMS 0x0000000709300000, 0x0000000709300000|
| 148|0x0000000709400000, 0x0000000709400000, 0x0000000709500000|  0%| F|  |TS  0|AC  0|TAMS 0x0000000709400000, 0x0000000709400000|
| 149|0x0000000709500000, 0x0000000709500000, 0x0000000709600000|  0%| F|  |TS  0|AC  0|TAMS 0x0000000709500000, 0x0000000709500000|
| 150|0x0000000709600000, 0x0000000709600000, 0x0000000709700000|  0%| F|  |TS  0|AC  0|TAMS 0x0000000709600000, 0x0000000709600000|
| 151|0x0000000709700000, 0x0000000709700000, 0x0000000709800000|  0%| F|  |TS  0|AC  0|TAMS 0x0000000709700000, 0x0000000709700000|
| 152|0x0000000709800000, 0x0000000709800000, 0x0000000709900000|  0%| F|  |TS  0|AC  0|TAMS 0x0000000709800000, 0x0000000709800000|
| 153|0x0000000709900000, 0x0000000709900000, 0x0000000709a00000|  0%| F|  |TS  0|AC  0|TAMS 0x0000000709900000, 0x0000000709900000|
| 154|0x0000000709a00000, 0x0000000709a00000, 0x0000000709b00000|  0%| F|  |TS  0|AC  0|TAMS 0x0000000709a00000, 0x0000000709a00000|
| 155|0x0000000709b00000, 0x0000000709b00000, 0x0000000709c00000|  0%| F|  |TS  0|AC  0|TAMS 0x0000000709b00000, 0x0000000709b00000|
| 156|0x0000000709c00000, 0x0000000709c00000, 0x0000000709d00000|  0%| F|  |TS  0|AC  0|TAMS 0x0000000709c00000, 0x0000000709c00000|
| 157|0x0000000709d00000, 0x0000000709d00000, 0x0000000709e00000|  0%| F|  |TS  0|AC  0|TAMS 0x0000000709d00000, 0x0000000709d00000|
| 158|0x0000000709e00000, 0x0000000709e00000, 0x0000000709f00000|  0%| F|  |TS  0|AC  0|TAMS 0x0000000709e00000, 0x0000000709e00000|
| 159|0x0000000709f00000, 0x0000000709f00000, 0x000000070a000000|  0%| F|  |TS  0|AC  0|TAMS 0x0000000709f00000, 0x0000000709f00000|
| 160|0x000000070a000000, 0x000000070a000000, 0x000000070a100000|  0%| F|  |TS  0|AC  0|TAMS 0x000000070a000000, 0x000000070a000000|
| 161|0x000000070a100000, 0x000000070a100000, 0x000000070a200000|  0%| F|  |TS  0|AC  0|TAMS 0x000000070a100000, 0x000000070a100000|
| 162|0x000000070a200000, 0x000000070a200000, 0x000000070a300000|  0%| F|  |TS  0|AC  0|TAMS 0x000000070a200000, 0x000000070a200000|
| 163|0x000000070a300000, 0x000000070a300000, 0x000000070a400000|  0%| F|  |TS  0|AC  0|TAMS 0x000000070a300000, 0x000000070a300000|
| 164|0x000000070a400000, 0x000000070a400000, 0x000000070a500000|  0%| F|  |TS  0|AC  0|TAMS 0x000000070a400000, 0x000000070a400000|
| 165|0x000000070a500000, 0x000000070a500000, 0x000000070a600000|  0%| F|  |TS  0|AC  0|TAMS 0x000000070a500000, 0x000000070a500000|
| 166|0x000000070a600000, 0x000000070a600000, 0x000000070a700000|  0%| F|  |TS  0|AC  0|TAMS 0x000000070a600000, 0x000000070a600000|
| 167|0x000000070a700000, 0x000000070a700000, 0x000000070a800000|  0%| F|  |TS  0|AC  0|TAMS 0x000000070a700000, 0x000000070a700000|
| 168|0x000000070a800000, 0x000000070a800000, 0x000000070a900000|  0%| F|  |TS  0|AC  0|TAMS 0x000000070a800000, 0x000000070a800000|
| 169|0x000000070a900000, 0x000000070a900000, 0x000000070aa00000|  0%| F|  |TS  0|AC  0|TAMS 0x000000070a900000, 0x000000070a900000|
| 170|0x000000070aa00000, 0x000000070aa00000, 0x000000070ab00000|  0%| F|  |TS  0|AC  0|TAMS 0x000000070aa00000, 0x000000070aa00000|
| 171|0x000000070ab00000, 0x000000070ab00000, 0x000000070ac00000|  0%| F|  |TS  0|AC  0|TAMS 0x000000070ab00000, 0x000000070ab00000|
| 172|0x000000070ac00000, 0x000000070ac00000, 0x000000070ad00000|  0%| F|  |TS  0|AC  0|TAMS 0x000000070ac00000, 0x000000070ac00000|
| 173|0x000000070ad00000, 0x000000070ad00000, 0x000000070ae00000|  0%| F|  |TS  0|AC  0|TAMS 0x000000070ad00000, 0x000000070ad00000|
| 174|0x000000070ae00000, 0x000000070ae00000, 0x000000070af00000|  0%| F|  |TS  0|AC  0|TAMS 0x000000070ae00000, 0x000000070ae00000|
| 175|0x000000070af00000, 0x000000070af00000, 0x000000070b000000|  0%| F|  |TS  0|AC  0|TAMS 0x000000070af00000, 0x000000070af00000|
| 176|0x000000070b000000, 0x000000070b000000, 0x000000070b100000|  0%| F|  |TS  0|AC  0|TAMS 0x000000070b000000, 0x000000070b000000|
| 177|0x000000070b100000, 0x000000070b100000, 0x000000070b200000|  0%| F|  |TS  0|AC  0|TAMS 0x000000070b100000, 0x000000070b100000|
| 178|0x000000070b200000, 0x000000070b200000, 0x000000070b300000|  0%| F|  |TS  0|AC  0|TAMS 0x000000070b200000, 0x000000070b200000|
| 179|0x000000070b300000, 0x000000070b300000, 0x000000070b400000|  0%| F|  |TS  0|AC  0|TAMS 0x000000070b300000, 0x000000070b300000|
| 180|0x000000070b400000, 0x000000070b400000, 0x000000070b500000|  0%| F|  |TS  0|AC  0|TAMS 0x000000070b400000, 0x000000070b400000|
| 181|0x000000070b500000, 0x000000070b500000, 0x000000070b600000|  0%| F|  |TS  0|AC  0|TAMS 0x000000070b500000, 0x000000070b500000|
| 182|0x000000070b600000, 0x000000070b600000, 0x000000070b700000|  0%| F|  |TS  0|AC  0|TAMS 0x000000070b600000, 0x000000070b600000|
| 183|0x000000070b700000, 0x000000070b700000, 0x000000070b800000|  0%| F|  |TS  0|AC  0|TAMS 0x000000070b700000, 0x000000070b700000|
| 184|0x000000070b800000, 0x000000070b800000, 0x000000070b900000|  0%| F|  |TS  0|AC  0|TAMS 0x000000070b800000, 0x000000070b800000|
| 185|0x000000070b900000, 0x000000070b900000, 0x000000070ba00000|  0%| F|  |TS  0|AC  0|TAMS 0x000000070b900000, 0x000000070b900000|
| 186|0x000000070ba00000, 0x000000070ba00000, 0x000000070bb00000|  0%| F|  |TS  0|AC  0|TAMS 0x000000070ba00000, 0x000000070ba00000|
| 187|0x000000070bb00000, 0x000000070bb00000, 0x000000070bc00000|  0%| F|  |TS  0|AC  0|TAMS 0x000000070bb00000, 0x000000070bb00000|
| 188|0x000000070bc00000, 0x000000070bc00000, 0x000000070bd00000|  0%| F|  |TS  0|AC  0|TAMS 0x000000070bc00000, 0x000000070bc00000|
| 189|0x000000070bd00000, 0x000000070bd00000, 0x000000070be00000|  0%| F|  |TS  0|AC  0|TAMS 0x000000070bd00000, 0x000000070bd00000|
| 190|0x000000070be00000, 0x000000070be00000, 0x000000070bf00000|  0%| F|  |TS  0|AC  0|TAMS 0x000000070be00000, 0x000000070be00000|
| 191|0x000000070bf00000, 0x000000070bf00000, 0x000000070c000000|  0%| F|  |TS  0|AC  0|TAMS 0x000000070bf00000, 0x000000070bf00000|
| 192|0x000000070c000000, 0x000000070c000000, 0x000000070c100000|  0%| F|  |TS  0|AC  0|TAMS 0x000000070c000000, 0x000000070c000000|
| 193|0x000000070c100000, 0x000000070c100000, 0x000000070c200000|  0%| F|  |TS  0|AC  0|TAMS 0x000000070c100000, 0x000000070c100000|
| 194|0x000000070c200000, 0x000000070c200000, 0x000000070c300000|  0%| F|  |TS  0|AC  0|TAMS 0x000000070c200000, 0x000000070c200000|
| 195|0x000000070c300000, 0x000000070c300000, 0x000000070c400000|  0%| F|  |TS  0|AC  0|TAMS 0x000000070c300000, 0x000000070c300000|
| 196|0x000000070c400000, 0x000000070c400000, 0x000000070c500000|  0%| F|  |TS  0|AC  0|TAMS 0x000000070c400000, 0x000000070c400000|
| 197|0x000000070c500000, 0x000000070c500000, 0x000000070c600000|  0%| F|  |TS  0|AC  0|TAMS 0x000000070c500000, 0x000000070c500000|
| 198|0x000000070c600000, 0x000000070c600000, 0x000000070c700000|  0%| F|  |TS  0|AC  0|TAMS 0x000000070c600000, 0x000000070c600000|
| 199|0x000000070c700000, 0x000000070c700000, 0x000000070c800000|  0%| F|  |TS  0|AC  0|TAMS 0x000000070c700000, 0x000000070c700000|
| 200|0x000000070c800000, 0x000000070c800000, 0x000000070c900000|  0%| F|  |TS  0|AC  0|TAMS 0x000000070c800000, 0x000000070c800000|
| 201|0x000000070c900000, 0x000000070c900000, 0x000000070ca00000|  0%| F|  |TS  0|AC  0|TAMS 0x000000070c900000, 0x000000070c900000|
| 202|0x000000070ca00000, 0x000000070ca00000, 0x000000070cb00000|  0%| F|  |TS  0|AC  0|TAMS 0x000000070ca00000, 0x000000070ca00000|
| 203|0x000000070cb00000, 0x000000070cb00000, 0x000000070cc00000|  0%| F|  |TS  0|AC  0|TAMS 0x000000070cb00000, 0x000000070cb00000|
| 204|0x000000070cc00000, 0x000000070cc00000, 0x000000070cd00000|  0%| F|  |TS  0|AC  0|TAMS 0x000000070cc00000, 0x000000070cc00000|
| 205|0x000000070cd00000, 0x000000070cd00000, 0x000000070ce00000|  0%| F|  |TS  0|AC  0|TAMS 0x000000070cd00000, 0x000000070cd00000|
| 206|0x000000070ce00000, 0x000000070ce00000, 0x000000070cf00000|  0%| F|  |TS  0|AC  0|TAMS 0x000000070ce00000, 0x000000070ce00000|
| 207|0x000000070cf00000, 0x000000070cf00000, 0x000000070d000000|  0%| F|  |TS  0|AC  0|TAMS 0x000000070cf00000, 0x000000070cf00000|
| 208|0x000000070d000000, 0x000000070d000000, 0x000000070d100000|  0%| F|  |TS  0|AC  0|TAMS 0x000000070d000000, 0x000000070d000000|
| 209|0x000000070d100000, 0x000000070d100000, 0x000000070d200000|  0%| F|  |TS  0|AC  0|TAMS 0x000000070d100000, 0x000000070d100000|
| 210|0x000000070d200000, 0x000000070d200000, 0x000000070d300000|  0%| F|  |TS  0|AC  0|TAMS 0x000000070d200000, 0x000000070d200000|
| 211|0x000000070d300000, 0x000000070d300000, 0x000000070d400000|  0%| F|  |TS  0|AC  0|TAMS 0x000000070d300000, 0x000000070d300000|
| 212|0x000000070d400000, 0x000000070d400000, 0x000000070d500000|  0%| F|  |TS  0|AC  0|TAMS 0x000000070d400000, 0x000000070d400000|
| 213|0x000000070d500000, 0x000000070d500000, 0x000000070d600000|  0%| F|  |TS  0|AC  0|TAMS 0x000000070d500000, 0x000000070d500000|
| 214|0x000000070d600000, 0x000000070d600000, 0x000000070d700000|  0%| F|  |TS  0|AC  0|TAMS 0x000000070d600000, 0x000000070d600000|
| 215|0x000000070d700000, 0x000000070d700000, 0x000000070d800000|  0%| F|  |TS  0|AC  0|TAMS 0x000000070d700000, 0x000000070d700000|
| 216|0x000000070d800000, 0x000000070d800000, 0x000000070d900000|  0%| F|  |TS  0|AC  0|TAMS 0x000000070d800000, 0x000000070d800000|
| 217|0x000000070d900000, 0x000000070d900000, 0x000000070da00000|  0%| F|  |TS  0|AC  0|TAMS 0x000000070d900000, 0x000000070d900000|
| 218|0x000000070da00000, 0x000000070da00000, 0x000000070db00000|  0%| F|  |TS  0|AC  0|TAMS 0x000000070da00000, 0x000000070da00000|
| 219|0x000000070db00000, 0x000000070db00000, 0x000000070dc00000|  0%| F|  |TS  0|AC  0|TAMS 0x000000070db00000, 0x000000070db00000|
| 220|0x000000070dc00000, 0x000000070dc00000, 0x000000070dd00000|  0%| F|  |TS  0|AC  0|TAMS 0x000000070dc00000, 0x000000070dc00000|
| 221|0x000000070dd00000, 0x000000070dd00000, 0x000000070de00000|  0%| F|  |TS  0|AC  0|TAMS 0x000000070dd00000, 0x000000070dd00000|
| 222|0x000000070de00000, 0x000000070de00000, 0x000000070df00000|  0%| F|  |TS  0|AC  0|TAMS 0x000000070de00000, 0x000000070de00000|
| 223|0x000000070df00000, 0x000000070df00000, 0x000000070e000000|  0%| F|  |TS  0|AC  0|TAMS 0x000000070df00000, 0x000000070df00000|
| 224|0x000000070e000000, 0x000000070e000000, 0x000000070e100000|  0%| F|  |TS  0|AC  0|TAMS 0x000000070e000000, 0x000000070e000000|
| 225|0x000000070e100000, 0x000000070e100000, 0x000000070e200000|  0%| F|  |TS  0|AC  0|TAMS 0x000000070e100000, 0x000000070e100000|
| 226|0x000000070e200000, 0x000000070e200000, 0x000000070e300000|  0%| F|  |TS  0|AC  0|TAMS 0x000000070e200000, 0x000000070e200000|
| 227|0x000000070e300000, 0x000000070e300000, 0x000000070e400000|  0%| F|  |TS  0|AC  0|TAMS 0x000000070e300000, 0x000000070e300000|
| 228|0x000000070e400000, 0x000000070e400000, 0x000000070e500000|  0%| F|  |TS  0|AC  0|TAMS 0x000000070e400000, 0x000000070e400000|
| 229|0x000000070e500000, 0x000000070e500000, 0x000000070e600000|  0%| F|  |TS  0|AC  0|TAMS 0x000000070e500000, 0x000000070e500000|
| 230|0x000000070e600000, 0x000000070e600000, 0x000000070e700000|  0%| F|  |TS  0|AC  0|TAMS 0x000000070e600000, 0x000000070e600000|
| 231|0x000000070e700000, 0x000000070e700000, 0x000000070e800000|  0%| F|  |TS  0|AC  0|TAMS 0x000000070e700000, 0x000000070e700000|
| 232|0x000000070e800000, 0x000000070e800000, 0x000000070e900000|  0%| F|  |TS  0|AC  0|TAMS 0x000000070e800000, 0x000000070e800000|
| 233|0x000000070e900000, 0x000000070e900000, 0x000000070ea00000|  0%| F|  |TS  0|AC  0|TAMS 0x000000070e900000, 0x000000070e900000|
| 234|0x000000070ea00000, 0x000000070ea00000, 0x000000070eb00000|  0%| F|  |TS  0|AC  0|TAMS 0x000000070ea00000, 0x000000070ea00000|
| 235|0x000000070eb00000, 0x000000070eb00000, 0x000000070ec00000|  0%| F|  |TS  0|AC  0|TAMS 0x000000070eb00000, 0x000000070eb00000|
| 236|0x000000070ec00000, 0x000000070ec00000, 0x000000070ed00000|  0%| F|  |TS  0|AC  0|TAMS 0x000000070ec00000, 0x000000070ec00000|
| 237|0x000000070ed00000, 0x000000070ed00000, 0x000000070ee00000|  0%| F|  |TS  0|AC  0|TAMS 0x000000070ed00000, 0x000000070ed00000|
| 238|0x000000070ee00000, 0x000000070ee00000, 0x000000070ef00000|  0%| F|  |TS  0|AC  0|TAMS 0x000000070ee00000, 0x000000070ee00000|
| 239|0x000000070ef00000, 0x000000070ef00000, 0x000000070f000000|  0%| F|  |TS  0|AC  0|TAMS 0x000000070ef00000, 0x000000070ef00000|
| 240|0x000000070f000000, 0x000000070f000000, 0x000000070f100000|  0%| F|  |TS  7|AC  0|TAMS 0x000000070f000000, 0x000000070f000000|
| 241|0x000000070f100000, 0x000000070f1d0c50, 0x000000070f200000| 81%| S|CS|TS  7|AC  0|TAMS 0x000000070f100000, 0x000000070f100000|
| 242|0x000000070f200000, 0x000000070f200000, 0x000000070f300000|  0%| F|  |TS  7|AC  0|TAMS 0x000000070f200000, 0x000000070f200000|
| 243|0x000000070f300000, 0x000000070f300000, 0x000000070f400000|  0%| F|  |TS  7|AC  0|TAMS 0x000000070f300000, 0x000000070f300000|
| 244|0x000000070f400000, 0x000000070f400000, 0x000000070f500000|  0%| F|  |TS  7|AC  0|TAMS 0x000000070f400000, 0x000000070f400000|
| 245|0x000000070f500000, 0x000000070f500000, 0x000000070f600000|  0%| F|  |TS  7|AC  0|TAMS 0x000000070f500000, 0x000000070f500000|
| 246|0x000000070f600000, 0x000000070f600000, 0x000000070f700000|  0%| F|  |TS  7|AC  0|TAMS 0x000000070f600000, 0x000000070f600000|
| 247|0x000000070f700000, 0x000000070f700000, 0x000000070f800000|  0%| F|  |TS  7|AC  0|TAMS 0x000000070f700000, 0x000000070f700000|
| 248|0x000000070f800000, 0x000000070f800000, 0x000000070f900000|  0%| F|  |TS  7|AC  0|TAMS 0x000000070f800000, 0x000000070f800000|
| 249|0x000000070f900000, 0x000000070f900000, 0x000000070fa00000|  0%| F|  |TS  7|AC  0|TAMS 0x000000070f900000, 0x000000070f900000|
| 250|0x000000070fa00000, 0x000000070fa00000, 0x000000070fb00000|  0%| F|  |TS  7|AC  0|TAMS 0x000000070fa00000, 0x000000070fa00000|
| 251|0x000000070fb00000, 0x000000070fb00000, 0x000000070fc00000|  0%| F|  |TS  7|AC  0|TAMS 0x000000070fb00000, 0x000000070fb00000|
| 252|0x000000070fc00000, 0x000000070fc00000, 0x000000070fd00000|  0%| F|  |TS  7|AC  0|TAMS 0x000000070fc00000, 0x000000070fc00000|
| 253|0x000000070fd00000, 0x000000070fd00000, 0x000000070fe00000|  0%| F|  |TS  7|AC  0|TAMS 0x000000070fd00000, 0x000000070fd00000|
| 254|0x000000070fe00000, 0x000000070fe00000, 0x000000070ff00000|  0%| F|  |TS  7|AC  0|TAMS 0x000000070fe00000, 0x000000070fe00000|
| 255|0x000000070ff00000, 0x000000070ff00000, 0x0000000710000000|  0%| F|  |TS  7|AC  0|TAMS 0x000000070ff00000, 0x000000070ff00000|
| 256|0x0000000710000000, 0x0000000710000000, 0x0000000710100000|  0%| F|  |TS  7|AC  0|TAMS 0x0000000710000000, 0x0000000710000000|
| 257|0x0000000710100000, 0x0000000710100000, 0x0000000710200000|  0%| F|  |TS  7|AC  0|TAMS 0x0000000710100000, 0x0000000710100000|
| 258|0x0000000710200000, 0x0000000710200000, 0x0000000710300000|  0%| F|  |TS  7|AC  0|TAMS 0x0000000710200000, 0x0000000710200000|
| 259|0x0000000710300000, 0x0000000710300000, 0x0000000710400000|  0%| F|  |TS  7|AC  0|TAMS 0x0000000710300000, 0x0000000710300000|
| 260|0x0000000710400000, 0x0000000710400000, 0x0000000710500000|  0%| F|  |TS  7|AC  0|TAMS 0x0000000710400000, 0x0000000710400000|
| 261|0x0000000710500000, 0x0000000710500000, 0x0000000710600000|  0%| F|  |TS  7|AC  0|TAMS 0x0000000710500000, 0x0000000710500000|
| 262|0x0000000710600000, 0x0000000710600000, 0x0000000710700000|  0%| F|  |TS  7|AC  0|TAMS 0x0000000710600000, 0x0000000710600000|
| 263|0x0000000710700000, 0x0000000710700000, 0x0000000710800000|  0%| F|  |TS  7|AC  0|TAMS 0x0000000710700000, 0x0000000710700000|
| 264|0x0000000710800000, 0x0000000710800000, 0x0000000710900000|  0%| F|  |TS  7|AC  0|TAMS 0x0000000710800000, 0x0000000710800000|
| 265|0x0000000710900000, 0x0000000710900000, 0x0000000710a00000|  0%| F|  |TS  7|AC  0|TAMS 0x0000000710900000, 0x0000000710900000|
| 266|0x0000000710a00000, 0x0000000710a00000, 0x0000000710b00000|  0%| F|  |TS  7|AC  0|TAMS 0x0000000710a00000, 0x0000000710a00000|
| 267|0x0000000710b00000, 0x0000000710b00000, 0x0000000710c00000|  0%| F|  |TS  7|AC  0|TAMS 0x0000000710b00000, 0x0000000710b00000|
| 268|0x0000000710c00000, 0x0000000710c00000, 0x0000000710d00000|  0%| F|  |TS  7|AC  0|TAMS 0x0000000710c00000, 0x0000000710c00000|
| 269|0x0000000710d00000, 0x0000000710d00000, 0x0000000710e00000|  0%| F|  |TS  7|AC  0|TAMS 0x0000000710d00000, 0x0000000710d00000|
| 270|0x0000000710e00000, 0x0000000710e00000, 0x0000000710f00000|  0%| F|  |TS  7|AC  0|TAMS 0x0000000710e00000, 0x0000000710e00000|
| 271|0x0000000710f00000, 0x0000000710f00000, 0x0000000711000000|  0%| F|  |TS  7|AC  0|TAMS 0x0000000710f00000, 0x0000000710f00000|
| 272|0x0000000711000000, 0x0000000711000000, 0x0000000711100000|  0%| F|  |TS  7|AC  0|TAMS 0x0000000711000000, 0x0000000711000000|
| 273|0x0000000711100000, 0x0000000711100000, 0x0000000711200000|  0%| F|  |TS  7|AC  0|TAMS 0x0000000711100000, 0x0000000711100000|
| 274|0x0000000711200000, 0x0000000711200000, 0x0000000711300000|  0%| F|  |TS  7|AC  0|TAMS 0x0000000711200000, 0x0000000711200000|
| 275|0x0000000711300000, 0x0000000711300000, 0x0000000711400000|  0%| F|  |TS  7|AC  0|TAMS 0x0000000711300000, 0x0000000711300000|
| 276|0x0000000711400000, 0x0000000711400000, 0x0000000711500000|  0%| F|  |TS  7|AC  0|TAMS 0x0000000711400000, 0x0000000711400000|
| 277|0x0000000711500000, 0x0000000711500000, 0x0000000711600000|  0%| F|  |TS  7|AC  0|TAMS 0x0000000711500000, 0x0000000711500000|
| 278|0x0000000711600000, 0x0000000711600000, 0x0000000711700000|  0%| F|  |TS  7|AC  0|TAMS 0x0000000711600000, 0x0000000711600000|
| 279|0x0000000711700000, 0x0000000711700000, 0x0000000711800000|  0%| F|  |TS  7|AC  0|TAMS 0x0000000711700000, 0x0000000711700000|
| 280|0x0000000711800000, 0x0000000711800000, 0x0000000711900000|  0%| F|  |TS  7|AC  0|TAMS 0x0000000711800000, 0x0000000711800000|
| 281|0x0000000711900000, 0x000000071197edb0, 0x0000000711a00000| 49%| E|  |TS  7|AC  0|TAMS 0x0000000711900000, 0x0000000711900000|
| 282|0x0000000711a00000, 0x0000000711b00000, 0x0000000711b00000|100%| E|CS|TS  7|AC  0|TAMS 0x0000000711a00000, 0x0000000711a00000|
| 283|0x0000000711b00000, 0x0000000711c00000, 0x0000000711c00000|100%| E|CS|TS  7|AC  0|TAMS 0x0000000711b00000, 0x0000000711b00000|
| 284|0x0000000711c00000, 0x0000000711d00000, 0x0000000711d00000|100%| E|CS|TS  7|AC  0|TAMS 0x0000000711c00000, 0x0000000711c00000|
| 285|0x0000000711d00000, 0x0000000711e00000, 0x0000000711e00000|100%| E|CS|TS  7|AC  0|TAMS 0x0000000711d00000, 0x0000000711d00000|
| 286|0x0000000711e00000, 0x0000000711f00000, 0x0000000711f00000|100%| E|CS|TS  7|AC  0|TAMS 0x0000000711e00000, 0x0000000711e00000|
| 287|0x0000000711f00000, 0x0000000712000000, 0x0000000712000000|100%| E|CS|TS  7|AC  0|TAMS 0x0000000711f00000, 0x0000000711f00000|
| 288|0x0000000712000000, 0x0000000712100000, 0x0000000712100000|100%| E|CS|TS  7|AC  0|TAMS 0x0000000712000000, 0x0000000712000000|
| 289|0x0000000712100000, 0x0000000712200000, 0x0000000712200000|100%| E|CS|TS  7|AC  0|TAMS 0x0000000712100000, 0x0000000712100000|
| 290|0x0000000712200000, 0x0000000712300000, 0x0000000712300000|100%| E|CS|TS  7|AC  0|TAMS 0x0000000712200000, 0x0000000712200000|
| 291|0x0000000712300000, 0x0000000712400000, 0x0000000712400000|100%| E|CS|TS  7|AC  0|TAMS 0x0000000712300000, 0x0000000712300000|
| 292|0x0000000712400000, 0x0000000712500000, 0x0000000712500000|100%| E|CS|TS  7|AC  0|TAMS 0x0000000712400000, 0x0000000712400000|
| 293|0x0000000712500000, 0x0000000712600000, 0x0000000712600000|100%| E|CS|TS  7|AC  0|TAMS 0x0000000712500000, 0x0000000712500000|
| 294|0x0000000712600000, 0x0000000712700000, 0x0000000712700000|100%| E|CS|TS  7|AC  0|TAMS 0x0000000712600000, 0x0000000712600000|
| 295|0x0000000712700000, 0x0000000712800000, 0x0000000712800000|100%| E|CS|TS  7|AC  0|TAMS 0x0000000712700000, 0x0000000712700000|
| 296|0x0000000712800000, 0x0000000712900000, 0x0000000712900000|100%| E|CS|TS  7|AC  0|TAMS 0x0000000712800000, 0x0000000712800000|
| 297|0x0000000712900000, 0x0000000712a00000, 0x0000000712a00000|100%| E|CS|TS  7|AC  0|TAMS 0x0000000712900000, 0x0000000712900000|
| 298|0x0000000712a00000, 0x0000000712b00000, 0x0000000712b00000|100%| E|CS|TS  7|AC  0|TAMS 0x0000000712a00000, 0x0000000712a00000|
| 299|0x0000000712b00000, 0x0000000712c00000, 0x0000000712c00000|100%| E|CS|TS  7|AC  0|TAMS 0x0000000712b00000, 0x0000000712b00000|
| 300|0x0000000712c00000, 0x0000000712d00000, 0x0000000712d00000|100%| E|CS|TS  7|AC  0|TAMS 0x0000000712c00000, 0x0000000712c00000|

Card table byte_map: [0x00000000102a0000,0x00000000108a0000] byte_map_base: 0x000000000caa0000

Marking Bits (Prev, Next): (CMBitMap*) 0x0000000006d8f658, (CMBitMap*) 0x0000000006d8f620
 Prev Bits: [0x000000002d2f0000, 0x00000000302f0000)
 Next Bits: [0x0000000018db0000, 0x000000001bdb0000)

Polling page: 0x0000000000140000

CodeHeap 'non-profiled nmethods': size=120064Kb used=27481Kb max_used=27481Kb free=92582Kb
 bounds [0x0000000025db0000, 0x0000000027890000, 0x000000002d2f0000]
CodeHeap 'profiled nmethods': size=120000Kb used=49542Kb max_used=49542Kb free=70457Kb
 bounds [0x000000001e880000, 0x0000000021950000, 0x0000000025db0000]
CodeHeap 'non-nmethods': size=5696Kb used=1820Kb max_used=1877Kb free=3875Kb
 bounds [0x000000001e2f0000, 0x000000001e560000, 0x000000001e880000]
 total_blobs=41628 nmethods=21097 adapters=1184
 compilation: enabled

Compilation events (10 events):
Event: 44672.751 Thread 0x000000000698e800 28295       4       com.jidesoft.margin.MarginArea::paintComponent (30 bytes)
Event: 44672.756 Thread 0x000000000698e800 nmethod 28295 0x0000000027887b10 code [0x0000000027887d00, 0x0000000027887ff0]
Event: 44673.850 Thread 0x000000000e9a8800 28296       1       ui.views.c.t.b.c::cE (3 bytes)
Event: 44673.850 Thread 0x000000000e9a8800 nmethod 28296 0x0000000027888390 code [0x0000000027888540, 0x0000000027888650]
Event: 44674.469 Thread 0x000000000698d800 28297       4       java.lang.Enum::compareTo (44 bytes)
Event: 44674.470 Thread 0x000000000698d800 nmethod 28297 0x0000000027888710 code [0x00000000278888a0, 0x0000000027888958]
Event: 44674.812 Thread 0x000000000e9a8800 28298       1       javax.swing.AbstractButton::getRolloverIcon (5 bytes)
Event: 44674.812 Thread 0x000000000e9a8800 nmethod 28298 0x0000000027888a10 code [0x0000000027888bc0, 0x0000000027888cd0]
Event: 44675.018 Thread 0x000000000e9a8800 28299   !   3       java.awt.SequencedEvent::<init> (44 bytes)
Event: 44675.019 Thread 0x000000000e9a8800 nmethod 28299 0x000000002194d890 code [0x000000002194dac0, 0x000000002194e328]

GC Heap History (10 events):
Event: 44638.955 GC heap before
{Heap before GC invocations=1034 (full 304):
 garbage-first heap   total 308224K, used 97568K [0x0000000700000000, 0x0000000700100968, 0x00000007c0000000)
  region size 1024K, 6 young (6144K), 0 survivors (0K)
 Metaspace       used 92036K, capacity 94261K, committed 99920K, reserved 1134592K
  class space    used 12539K, capacity 13011K, committed 14204K, reserved 1048576K
}
Event: 44639.325 GC heap after
{Heap after GC invocations=1035 (full 305):
 garbage-first heap   total 308224K, used 92456K [0x0000000700000000, 0x0000000700100968, 0x00000007c0000000)
  region size 1024K, 0 young (0K), 0 survivors (0K)
 Metaspace       used 92036K, capacity 94261K, committed 99920K, reserved 1134592K
  class space    used 12539K, capacity 13011K, committed 14204K, reserved 1048576K
}
Event: 44641.889 GC heap before
{Heap before GC invocations=1035 (full 305):
 garbage-first heap   total 308224K, used 153896K [0x0000000700000000, 0x0000000700100968, 0x00000007c0000000)
  region size 1024K, 60 young (61440K), 0 survivors (0K)
 Metaspace       used 92036K, capacity 94261K, committed 99920K, reserved 1134592K
  class space    used 12539K, capacity 13011K, committed 14204K, reserved 1048576K
}
Event: 44641.893 GC heap after
{Heap after GC invocations=1036 (full 305):
 garbage-first heap   total 308224K, used 92683K [0x0000000700000000, 0x0000000700100968, 0x00000007c0000000)
  region size 1024K, 1 young (1024K), 1 survivors (1024K)
 Metaspace       used 92036K, capacity 94261K, committed 99920K, reserved 1134592K
  class space    used 12539K, capacity 13011K, committed 14204K, reserved 1048576K
}
Event: 44658.360 GC heap before
{Heap before GC invocations=1036 (full 305):
 garbage-first heap   total 308224K, used 153099K [0x0000000700000000, 0x0000000700100968, 0x00000007c0000000)
  region size 1024K, 60 young (61440K), 1 survivors (1024K)
 Metaspace       used 92052K, capacity 94261K, committed 99920K, reserved 1134592K
  class space    used 12539K, capacity 13011K, committed 14204K, reserved 1048576K
}
Event: 44658.366 GC heap after
{Heap after GC invocations=1037 (full 305):
 garbage-first heap   total 308224K, used 92785K [0x0000000700000000, 0x0000000700100968, 0x00000007c0000000)
  region size 1024K, 1 young (1024K), 1 survivors (1024K)
 Metaspace       used 92052K, capacity 94261K, committed 99920K, reserved 1134592K
  class space    used 12539K, capacity 13011K, committed 14204K, reserved 1048576K
}
Event: 44672.320 GC heap before
{Heap before GC invocations=1037 (full 305):
 garbage-first heap   total 308224K, used 153201K [0x0000000700000000, 0x0000000700100968, 0x00000007c0000000)
  region size 1024K, 60 young (61440K), 1 survivors (1024K)
 Metaspace       used 92057K, capacity 94261K, committed 99920K, reserved 1134592K
  class space    used 12539K, capacity 13011K, committed 14204K, reserved 1048576K
}
Event: 44672.326 GC heap after
{Heap after GC invocations=1038 (full 305):
 garbage-first heap   total 308224K, used 92997K [0x0000000700000000, 0x0000000700100968, 0x00000007c0000000)
  region size 1024K, 1 young (1024K), 1 survivors (1024K)
 Metaspace       used 92057K, capacity 94261K, committed 99920K, reserved 1134592K
  class space    used 12539K, capacity 13011K, committed 14204K, reserved 1048576K
}
Event: 44675.039 GC heap before
{Heap before GC invocations=1038 (full 305):
 garbage-first heap   total 308224K, used 153413K [0x0000000700000000, 0x0000000700100968, 0x00000007c0000000)
  region size 1024K, 60 young (61440K), 1 survivors (1024K)
 Metaspace       used 92057K, capacity 94261K, committed 99920K, reserved 1134592K
  class space    used 12539K, capacity 13011K, committed 14204K, reserved 1048576K
}
Event: 44675.045 GC heap after
{Heap after GC invocations=1039 (full 305):
 garbage-first heap   total 308224K, used 93291K [0x0000000700000000, 0x0000000700100968, 0x00000007c0000000)
  region size 1024K, 1 young (1024K), 1 survivors (1024K)
 Metaspace       used 92057K, capacity 94261K, committed 99920K, reserved 1134592K
  class space    used 12539K, capacity 13011K, committed 14204K, reserved 1048576K
}

Deoptimization events (10 events):
Event: 44506.002 Thread 0x0000000032ff0800 Uncommon trap: reason=unstable_if action=reinterpret pc=0x00000000267924f4 method=com.jidesoft.swing.JideTabbedPane.isTabShown()Z @ 19 c2
Event: 44506.002 Thread 0x0000000032ff0800 Uncommon trap: reason=unstable_if action=reinterpret pc=0x0000000026ddcd08 method=com.jidesoft.swing.JideTabbedPane.isTabShown()Z @ 19 c2
Event: 44506.002 Thread 0x0000000032ff0800 Uncommon trap: reason=unstable_if action=reinterpret pc=0x00000000261475c8 method=com.jidesoft.swing.JideTabbedPane.isTabShown()Z @ 19 c2
Event: 44506.002 Thread 0x0000000032ff0800 Uncommon trap: reason=unstable_if action=reinterpret pc=0x000000002685b840 method=com.jidesoft.swing.JideTabbedPane.isTabShown()Z @ 19 c2
Event: 44534.572 Thread 0x0000000032ff0800 Uncommon trap: reason=unstable_if action=reinterpret pc=0x00000000276513e0 method=ui.views.cP.handleEvent(Lui/frmwork/b/a;)V @ 88 c2
Event: 44535.209 Thread 0x0000000032ff0800 Uncommon trap: reason=unstable_if action=reinterpret pc=0x0000000026f82d1c method=ui.views.d.w.paintComponent(Ljava/awt/Graphics;)V @ 396 c2
Event: 44563.512 Thread 0x0000000032ff0800 Uncommon trap: reason=speculate_class_check action=maybe_recompile pc=0x0000000027366464 method=javax.swing.JTree.setExpandedState(Ljavax/swing/tree/TreePath;Z)V @ 311 c2
Event: 44570.427 Thread 0x0000000032ff0800 Uncommon trap: reason=speculate_class_check action=maybe_recompile pc=0x0000000027366464 method=javax.swing.JTree.setExpandedState(Ljavax/swing/tree/TreePath;Z)V @ 311 c2
Event: 44576.778 Thread 0x0000000032ff0800 Uncommon trap: reason=speculate_class_check action=maybe_recompile pc=0x0000000027366464 method=javax.swing.JTree.setExpandedState(Ljavax/swing/tree/TreePath;Z)V @ 311 c2
Event: 44655.284 Thread 0x0000000032ff0800 Uncommon trap: reason=unstable_if action=reinterpret pc=0x000000002703abd0 method=ui.views.V.a.bk.paintFolding(Ljava/awt/Graphics;Lcom/jidesoft/editor/folding/FoldingSpan;I)V @ 224 c2

Classes redefined (0 events):
No events

Internal exceptions (10 events):
Event: 44492.915 Thread 0x0000000032ff0800 Exception <a 'java/io/FileNotFoundException'{0x000000070a6d92e8}> (0x000000070a6d92e8) thrown at [t:/workspace/hotspot/src/share/vm/prims/jni.cpp, line 604]
Event: 44492.997 Thread 0x0000000032ff0800 Exception <a 'java/io/FileNotFoundException'{0x000000070a2a00f8}> (0x000000070a2a00f8) thrown at [t:/workspace/hotspot/src/share/vm/prims/jni.cpp, line 604]
Event: 44492.997 Thread 0x0000000032ff0800 Exception <a 'java/io/FileNotFoundException'{0x000000070a2a52a8}> (0x000000070a2a52a8) thrown at [t:/workspace/hotspot/src/share/vm/prims/jni.cpp, line 604]
Event: 44493.043 Thread 0x0000000032ff0800 Exception <a 'java/io/FileNotFoundException'{0x000000070a08d3b8}> (0x000000070a08d3b8) thrown at [t:/workspace/hotspot/src/share/vm/prims/jni.cpp, line 604]
Event: 44493.044 Thread 0x0000000032ff0800 Exception <a 'java/io/FileNotFoundException'{0x000000070a0926a8}> (0x000000070a0926a8) thrown at [t:/workspace/hotspot/src/share/vm/prims/jni.cpp, line 604]
Event: 44493.076 Thread 0x0000000032ff0800 Implicit null exception at 0x0000000026eb5603 to 0x0000000026eb9271
Event: 44493.099 Thread 0x0000000032ff0800 Implicit null exception at 0x000000002748300e to 0x0000000027483ef5
Event: 44497.563 Thread 0x0000000050676000 Exception <a 'java/lang/InterruptedException'{0x0000000709880d58}: sleep interrupted> (0x0000000709880d58) thrown at [t:/workspace/hotspot/src/share/vm/prims/jvm.cpp, line 2984]
Event: 44518.689 Thread 0x0000000050676800 Exception <a 'java/lang/InterruptedException'{0x000000070a780840}: sleep interrupted> (0x000000070a780840) thrown at [t:/workspace/hotspot/src/share/vm/prims/jvm.cpp, line 3023]
Event: 44533.915 Thread 0x000000000f2b7000 Exception <a 'java/lang/InterruptedException'{0x0000000709101290}: sleep interrupted> (0x0000000709101290) thrown at [t:/workspace/hotspot/src/share/vm/prims/jvm.cpp, line 2984]

Events (10 events):
Event: 44673.357 Thread 0x0000000050676000 Thread exited: 0x0000000050676000
Event: 44673.855 Thread 0x0000000050676000 Thread added: 0x0000000050676000
Event: 44673.870 Executing VM operation: RevokeBias
Event: 44673.870 Executing VM operation: RevokeBias done
Event: 44673.872 Executing VM operation: RevokeBias
Event: 44673.872 Executing VM operation: RevokeBias done
Event: 44674.353 Thread 0x0000000050676800 Thread added: 0x0000000050676800
Event: 44674.359 Thread 0x0000000050676800 Thread exited: 0x0000000050676800
Event: 44675.039 Executing VM operation: G1IncCollectionPause
Event: 44675.045 Executing VM operation: G1IncCollectionPause done


Dynamic libraries:
0x000000013f200000 - 0x000000013f230000 	C:\Xilinx\Vivado\2019.2\bin\unwrapped\win64.o\vivado.exe
0x0000000077080000 - 0x000000007721f000 	C:\Windows\SYSTEM32\ntdll.dll
0x0000000076e60000 - 0x0000000076f7f000 	C:\Windows\system32\kernel32.dll
0x000007fefce90000 - 0x000007fefcef7000 	C:\Windows\system32\KERNELBASE.dll
0x000007feea2f0000 - 0x000007feea304000 	C:\Xilinx\Vivado\2019.2\lib\win64.o\libboost_signals.dll
0x000007fee7360000 - 0x000007fee73fb000 	C:\Windows\system32\MSVCP140.dll
0x000007fee92a0000 - 0x000007fee92b6000 	C:\Windows\system32\VCRUNTIME140.dll
0x000007fee9290000 - 0x000007fee9294000 	C:\Windows\system32\api-ms-win-crt-runtime-l1-1-0.dll
0x000007fee7160000 - 0x000007fee7254000 	C:\Windows\system32\ucrtbase.DLL
0x000007fee9280000 - 0x000007fee9283000 	C:\Windows\system32\api-ms-win-core-timezone-l1-1-0.dll
0x000007fee9270000 - 0x000007fee9273000 	C:\Windows\system32\api-ms-win-core-file-l2-1-0.dll
0x000007fee9260000 - 0x000007fee9263000 	C:\Windows\system32\api-ms-win-core-localization-l1-2-0.dll
0x000007fef9490000 - 0x000007fef9493000 	C:\Windows\system32\api-ms-win-core-synch-l1-2-0.dll
0x000007fee9250000 - 0x000007fee9253000 	C:\Windows\system32\api-ms-win-core-processthreads-l1-1-1.dll
0x000007fee9240000 - 0x000007fee9243000 	C:\Windows\system32\api-ms-win-core-file-l1-2-0.dll
0x000007fee9230000 - 0x000007fee9234000 	C:\Windows\system32\api-ms-win-crt-string-l1-1-0.dll
0x000007fee8be0000 - 0x000007fee8be3000 	C:\Windows\system32\api-ms-win-crt-heap-l1-1-0.dll
0x000007fee8bd0000 - 0x000007fee8bd4000 	C:\Windows\system32\api-ms-win-crt-stdio-l1-1-0.dll
0x000007fee8500000 - 0x000007fee8504000 	C:\Windows\system32\api-ms-win-crt-convert-l1-1-0.dll
0x000007fee84f0000 - 0x000007fee84f3000 	C:\Windows\system32\api-ms-win-crt-locale-l1-1-0.dll
0x000007fee84e0000 - 0x000007fee84e5000 	C:\Windows\system32\api-ms-win-crt-math-l1-1-0.dll
0x000007fee84d0000 - 0x000007fee84d3000 	C:\Windows\system32\api-ms-win-crt-time-l1-1-0.dll
0x000007fee84c0000 - 0x000007fee84c3000 	C:\Windows\system32\api-ms-win-crt-filesystem-l1-1-0.dll
0x000007fee84b0000 - 0x000007fee84b3000 	C:\Windows\system32\api-ms-win-crt-environment-l1-1-0.dll
0x000007fee84a0000 - 0x000007fee84a3000 	C:\Windows\system32\api-ms-win-crt-utility-l1-1-0.dll
0x000007fee6060000 - 0x000007fee6fa3000 	C:\Xilinx\Vivado\2019.2\lib\win64.o\librdi_common.dll
0x000007fee59c0000 - 0x000007fee5d2e000 	C:\Xilinx\Vivado\2019.2\lib\win64.o\libCOIN-all.dll
0x000007fee8b60000 - 0x000007fee8b74000 	C:\Xilinx\Vivado\2019.2\lib\win64.o\libboost_date_time.dll
0x000007fee5930000 - 0x000007fee5956000 	C:\Xilinx\Vivado\2019.2\lib\win64.o\libboost_filesystem.dll
0x000007feea2e0000 - 0x000007feea2eb000 	C:\Xilinx\Vivado\2019.2\lib\win64.o\libboost_system.dll
0x000007fefe470000 - 0x000007fefe54b000 	C:\Windows\system32\ADVAPI32.dll
0x000007feff2d0000 - 0x000007feff36f000 	C:\Windows\system32\msvcrt.dll
0x000007feff2b0000 - 0x000007feff2cf000 	C:\Windows\SYSTEM32\sechost.dll
0x000007fefef10000 - 0x000007feff03c000 	C:\Windows\system32\RPCRT4.dll
0x000007fee5eb0000 - 0x000007fee5f2f000 	C:\Xilinx\Vivado\2019.2\lib\win64.o\libboost_program_options.dll
0x000007fee5d90000 - 0x000007fee5ea4000 	C:\Xilinx\Vivado\2019.2\lib\win64.o\libboost_regex.dll
0x0000000076f80000 - 0x000000007707a000 	C:\Windows\system32\USER32.dll
0x000007fefeb20000 - 0x000007fefeb87000 	C:\Windows\system32\GDI32.dll
0x000007fefeeb0000 - 0x000007fefeebe000 	C:\Windows\system32\LPK.dll
0x000007fefd1d0000 - 0x000007fefd29b000 	C:\Windows\system32\USP10.dll
0x000007fee5d60000 - 0x000007fee5d81000 	C:\Xilinx\Vivado\2019.2\lib\win64.o\libboost_thread.dll
0x000007fee8ff0000 - 0x000007fee8ffd000 	C:\Xilinx\Vivado\2019.2\lib\win64.o\libboost_chrono.dll
0x000007fee8420000 - 0x000007fee842f000 	C:\Xilinx\Vivado\2019.2\lib\win64.o\libboost_xilinx.dll
0x000007fee55c0000 - 0x000007fee5642000 	C:\Xilinx\Vivado\2019.2\lib\win64.o\libhdlpsolve.dll
0x000007fee5510000 - 0x000007fee55b5000 	C:\Xilinx\Vivado\2019.2\lib\win64.o\libhdxml.dll
0x000007fee2b00000 - 0x000007fee36fc200 	C:\Xilinx\Vivado\2019.2\lib\win64.o\libisl_iostreams.dll
0x000007feea190000 - 0x000007feea1ab000 	C:\Xilinx\Vivado\2019.2\lib\win64.o\libboost_iostreams.dll
0x000007fee5d30000 - 0x000007fee5d51000 	C:\Xilinx\Vivado\2019.2\lib\win64.o\librdizlib.dll
0x000007fee50a0000 - 0x000007fee50c5000 	C:\Xilinx\Vivado\2019.2\lib\win64.o\libisl_iosutils.dll
0x000007fee5080000 - 0x000007fee509a000 	C:\Xilinx\Vivado\2019.2\lib\win64.o\pthreadVC2.dll
0x000007fef5fe0000 - 0x000007fef5fe9000 	C:\Windows\system32\WSOCK32.dll
0x000007fefeb90000 - 0x000007fefebdd000 	C:\Windows\system32\WS2_32.dll
0x000007fefd1c0000 - 0x000007fefd1c8000 	C:\Windows\system32\NSI.dll
0x000007fefc510000 - 0x000007fefc532000 	C:\Windows\system32\bcrypt.dll
0x000007fee4fe0000 - 0x000007fee500e000 	C:\Xilinx\Vivado\2019.2\lib\win64.o\libisl_sysinfo.dll
0x000007fee0330000 - 0x000007fee0395000 	C:\Xilinx\Vivado\2019.2\lib\win64.o\liblmx6.0.dll
0x000007fee0180000 - 0x000007fee0321000 	C:\Xilinx\Vivado\2019.2\lib\win64.o\librdi_commonxillic.dll
0x000007fededb0000 - 0x000007fedf08b000 	C:\Xilinx\Vivado\2019.2\lib\win64.o\libXil_lmgr11.dll
0x000007fefab70000 - 0x000007fefab86000 	C:\Windows\system32\NETAPI32.dll
0x000007fefab60000 - 0x000007fefab6c000 	C:\Windows\system32\netutils.dll
0x000007fefc660000 - 0x000007fefc683000 	C:\Windows\system32\srvcli.dll
0x000007fefab40000 - 0x000007fefab55000 	C:\Windows\system32\wkscli.dll
0x000007fefe550000 - 0x000007fefe5e7000 	C:\Windows\system32\COMDLG32.dll
0x000007fefd0a0000 - 0x000007fefd111000 	C:\Windows\system32\SHLWAPI.dll
0x000007fefabf0000 - 0x000007fefac90000 	C:\Windows\WinSxS\amd64_microsoft.windows.common-controls_6595b64144ccf1df_5.82.7601.18837_none_a4d981ff711297b6\COMCTL32.dll
0x000007fefd4e0000 - 0x000007fefe26b000 	C:\Windows\system32\SHELL32.dll
0x000007feff1d0000 - 0x000007feff2ab000 	C:\Windows\system32\OLEAUT32.dll
0x000007fefe270000 - 0x000007fefe46f000 	C:\Windows\system32\ole32.dll
0x000007fef8aa0000 - 0x000007fef8ab8000 	C:\Windows\system32\dhcpcsvc.DLL
0x000007fee95b0000 - 0x000007fee95b3000 	C:\Windows\system32\api-ms-win-crt-conio-l1-1-0.dll
0x000007fefcbf0000 - 0x000007fefcc2b000 	C:\Windows\system32\WINTRUST.dll
0x000007fefcce0000 - 0x000007fefce4d000 	C:\Windows\system32\CRYPT32.dll
0x000007fefcbe0000 - 0x000007fefcbef000 	C:\Windows\system32\MSASN1.dll
0x000007fee8340000 - 0x000007fee835c000 	C:\Xilinx\Vivado\2019.2\lib\win64.o\librdiconfig.dll
0x0000000060320000 - 0x000000006044b000 	C:\Xilinx\Vivado\2019.2\lib\win64.o\tcl85t.dll
0x0000000012000000 - 0x0000000012270000 	C:\Xilinx\Vivado\2019.2\lib\win64.o\xerces-c_3_1.dll
0x000007fefe5f0000 - 0x000007fefea9c000 	C:\Windows\system32\WININET.dll
0x000007fefcf10000 - 0x000007fefcf14000 	C:\Windows\system32\api-ms-win-downlevel-user32-l1-1-0.dll
0x000007fefcf40000 - 0x000007fefcf44000 	C:\Windows\system32\api-ms-win-downlevel-shlwapi-l1-1-0.dll
0x000007fefcf00000 - 0x000007fefcf04000 	C:\Windows\system32\api-ms-win-downlevel-version-l1-1-0.dll
0x000007fefcb00000 - 0x000007fefcb0c000 	C:\Windows\system32\version.DLL
0x000007fefcc30000 - 0x000007fefcc33000 	C:\Windows\system32\api-ms-win-downlevel-normaliz-l1-1-0.dll
0x0000000077220000 - 0x0000000077223000 	C:\Windows\system32\normaliz.DLL
0x000007fefebe0000 - 0x000007fefeeac000 	C:\Windows\system32\iertutil.dll
0x000007fefcf30000 - 0x000007fefcf35000 	C:\Windows\system32\api-ms-win-downlevel-advapi32-l1-1-0.dll
0x000007fefce50000 - 0x000007fefce6f000 	C:\Windows\system32\USERENV.dll
0x000007fefcbd0000 - 0x000007fefcbdf000 	C:\Windows\system32\profapi.dll
0x000007fefa620000 - 0x000007fefa691000 	C:\Windows\system32\WINHTTP.dll
0x000007fefa5b0000 - 0x000007fefa615000 	C:\Windows\system32\webio.dll
0x000007feff040000 - 0x000007feff1ca000 	C:\Windows\system32\urlmon.dll
0x000007fefcf20000 - 0x000007fefcf24000 	C:\Windows\system32\api-ms-win-downlevel-ole32-l1-1-0.dll
0x000007feddc90000 - 0x000007fedeb21000 	C:\Xilinx\Vivado\2019.2\lib\win64.o\gurobi65.dll
0x000007feea1b0000 - 0x000007feea1d8000 	C:\Windows\system32\VCOMP140.DLL
0x000007fef2740000 - 0x000007fef2756000 	C:\Xilinx\Vivado\2019.2\lib\win64.o\librdi_commonmain.dll
0x000007fee9180000 - 0x000007fee918a000 	C:\Xilinx\Vivado\2019.2\lib\win64.o\librdi_commonversion.dll
0x000007fefeec0000 - 0x000007fefeeee000 	C:\Windows\system32\IMM32.DLL
0x000007fefcf90000 - 0x000007fefd09b000 	C:\Windows\system32\MSCTF.dll
0x000007fefcb10000 - 0x000007fefcb40000 	C:\Windows\system32\nvinitx.dll
0x0000000073510000 - 0x0000000073516000 	C:\Program Files\NVIDIA Corporation\CoProcManager\detoured.dll
0x000007fef8c20000 - 0x000007fef8c58000 	C:\Program Files\NVIDIA Corporation\CoProcManager\nvd3d9wrapx.dll
0x000007fefd2a0000 - 0x000007fefd477000 	C:\Windows\system32\SETUPAPI.dll
0x000007fefcf50000 - 0x000007fefcf86000 	C:\Windows\system32\CFGMGR32.dll
0x000007fefce70000 - 0x000007fefce8a000 	C:\Windows\system32\DEVOBJ.dll
0x000007fef8bf0000 - 0x000007fef8c14000 	C:\Program Files\NVIDIA Corporation\CoProcManager\nvdxgiwrapx.dll
0x000007fedd770000 - 0x000007feddc87000 	C:\Xilinx\Vivado\2019.2\lib\win64.o\librdi_commontasks.dll
0x000000005e330000 - 0x000000005ed55000 	C:\Xilinx\Vivado\2019.2\tps\win64\jre9.0.4\bin\server\jvm.dll
0x000007fefaba0000 - 0x000007fefabdb000 	C:\Windows\system32\WINMM.dll
0x0000000077230000 - 0x0000000077237000 	C:\Windows\system32\PSAPI.DLL
0x000007fedd680000 - 0x000007fedd76f000 	C:\Windows\system32\MSVCR120.dll
0x000007fedd390000 - 0x000007fedd673000 	C:\Xilinx\Vivado\2019.2\lib\win64.o\librdi_sio.dll
0x000007fef9420000 - 0x000007fef9447000 	C:\Windows\system32\IPHLPAPI.DLL
0x000007fef9410000 - 0x000007fef941b000 	C:\Windows\system32\WINNSI.DLL
0x000007fefc310000 - 0x000007fefc365000 	C:\Windows\system32\MSWSOCK.DLL
0x000007feda970000 - 0x000007fedd0b5000 	C:\Xilinx\Vivado\2019.2\lib\win64.o\librdi_tcltasks.dll
0x000007feda4b0000 - 0x000007feda964000 	C:\Xilinx\Vivado\2019.2\lib\win64.o\librdi_bitstream.dll
0x000007feb7460000 - 0x000007fecc00b000 	C:\Xilinx\Vivado\2019.2\lib\win64.o\librdi_device.dll
0x000007feda460000 - 0x000007feda4ac000 	C:\Xilinx\Vivado\2019.2\lib\win64.o\libboost_serialization.dll
0x000007fed9910000 - 0x000007feda457000 	C:\Xilinx\Vivado\2019.2\lib\win64.o\libverific.dll
0x000007fed9770000 - 0x000007fed990d000 	C:\Xilinx\Vivado\2019.2\lib\win64.o\librdi_board.dll
0x000007fedd0d0000 - 0x000007fedd14b000 	C:\Xilinx\Vivado\2019.2\lib\win64.o\librdi_boarddep.dll
0x000007fed94c0000 - 0x000007fed9612000 	C:\Xilinx\Vivado\2019.2\lib\win64.o\librdi_cd_client.dll
0x000007fed9320000 - 0x000007fed94c0000 	C:\Xilinx\Vivado\2019.2\lib\win64.o\librdi_cd_protocol.dll
0x000007fed9160000 - 0x000007fed924f000 	C:\Xilinx\Vivado\2019.2\lib\win64.o\librdi_chipscope.dll
0x000007fed8900000 - 0x000007fed8aa1000 	C:\Xilinx\Vivado\2019.2\lib\win64.o\librdi_advchipscopeimpl.dll
0x000007fed6d00000 - 0x000007fed87da000 	C:\Xilinx\Vivado\2019.2\lib\win64.o\librdi_constraints.dll
0x000007fed6690000 - 0x000007fed6cfb000 	C:\Xilinx\Vivado\2019.2\lib\win64.o\librdi_filemgmt.dll
0x000007fed6470000 - 0x000007fed6690000 	C:\Xilinx\Vivado\2019.2\lib\win64.o\librdi_hip_devdesign.dll
0x000007fed6390000 - 0x000007fed6467000 	C:\Xilinx\Vivado\2019.2\lib\win64.o\librdi_ipconfig_readwrite.dll

VM Arguments:
jvm_args: -Dsun.java2d.pmoffscreen=false -Dsun.java2d.xrender=false -Dsun.java2d.d3d=false -Dsun.awt.nopixfmt=true -Dsun.java2d.dpiaware=true -Dsun.java2d.uiScale.enabled=false -Xverify:none -Dswing.aatext=true -XX:-UsePerfData -Djdk.map.althashing.threshold=512 -XX:StringTableSize=4072 --add-opens=java.base/java.nio=ALL-UNNAMED --add-opens=java.desktop/sun.swing=ALL-UNNAMED --add-opens=java.desktop/javax.swing=ALL-UNNAMED --add-opens=java.desktop/javax.swing.tree=ALL-UNNAMED --add-opens=java.desktop/javax.swing.plaf.basic=ALL-UNNAMED --add-opens=java.desktop/javax.swing.plaf.synth=ALL-UNNAMED --add-opens=java.desktop/com.sun.awt=ALL-UNNAMED -XX:NewSize=60m -XX:MaxNewSize=60m -Xms128m -Xmx3072m -Xss5m 
java_command: <unknown>
java_class_path (initial): C:/Xilinx/Vivado/2019.2\lib\classes\alloy.jar;C:/Xilinx/Vivado/2019.2\lib\classes\autoesl-common.jar;C:/Xilinx/Vivado/2019.2\lib\classes\autoesl-models.jar;C:/Xilinx/Vivado/2019.2\lib\classes\autoesl-report.jar;C:/Xilinx/Vivado/2019.2\lib\classes\autopilot.scelaborator.jar;C:/Xilinx/Vivado/2019.2\lib\classes\autopilot.sourceprocessor.jar;C:/Xilinx/Vivado/2019.2\lib\classes\autopilot.tbprocessor.jar;C:/Xilinx/Vivado/2019.2\lib\classes\batik-anim.jar;C:/Xilinx/Vivado/2019.2\lib\classes\batik-awt-util.jar;C:/Xilinx/Vivado/2019.2\lib\classes\batik-bridge.jar;C:/Xilinx/Vivado/2019.2\lib\classes\batik-codec.jar;C:/Xilinx/Vivado/2019.2\lib\classes\batik-css.jar;C:/Xilinx/Vivado/2019.2\lib\classes\batik-dom.jar;C:/Xilinx/Vivado/2019.2\lib\classes\batik-ext.jar;C:/Xilinx/Vivado/2019.2\lib\classes\batik-gui-util.jar;C:/Xilinx/Vivado/2019.2\lib\classes\batik-gvt.jar;C:/Xilinx/Vivado/2019.2\lib\classes\batik-parser.jar;C:/Xilinx/Vivado/2019.2\lib\classes\batik-script.jar;C:/Xilinx/Vivado/2019.2\lib\classes\batik-svg-dom.jar;C:/Xilinx/Vivado/2019.2\lib\classes\batik-swing.jar;C:/Xilinx/Vivado/2019.2\lib\classes\batik-transcoder.jar;C:/Xilinx/Vivado/2019.2\lib\classes\batik-util.jar;C:/Xilinx/Vivado/2019.2\lib\classes\batik-xml.jar;C:/Xilinx/Vivado/2019.2\lib\classes\com.google.gson_2.7.0.v20170129-0911.jar;C:/Xilinx/Vivado/2019.2\lib\classes\com.google.guava_21.0.0.v20170206-1425.jar;C:/Xilinx/Vivado/2019.2\lib\classes\com.ibm.icu_4.4.2.v20110208.jar;C:/Xilinx/Vivado/2019.2\lib\classes\com.sigasi.hdt.connection_4.5.0.201909241521.jar;C:/Xilinx/Vivado/2019.2\lib\classes\com.sigasi.hdt.epl_4.5.0.201909241521.jar;C:/Xilinx/Vivado/2019.2\lib\classes\com.sigasi.hdt.project_4.5.0.201909241521.jar;C:/Xilinx/Vivado/2019.2\lib\classes\com.sigasi.hdt.readonlyfilesystem_4.5.0.201909241521.jar;C:/Xilinx/Vivado/2019.2\lib\classes\com.sigasi.lcm_4.5.0.201909241521.jar;C:/Xilinx/Vivado/2019.2\lib\classes\com.sigasi.sdk.client_4.5.0.201909241521.jar;C:/Xilinx/Vivado
Launcher Type: generic

Logging:
Log output configuration:
#0: stdout all=warning uptime,level,tags
#1: stderr all=off uptime,level,tags

Environment Variables:
PATH=C:/Xilinx/Vivado/2019.2\gnuwin\bin;C:/Xilinx/Vivado/2019.2\gnu\microblaze\nt\bin;C:/Xilinx/Vivado/2019.2/bin;C:/Xilinx/Vivado/2019.2/lib/win64.o;C:/Xilinx/Vivado/2019.2/tps/win64/jre9.0.4/bin/server;C:/Xilinx/Vivado/2019.2/tps/win64/jre9.0.4/bin;C:/Xilinx/Vivado/2019.2/ids_lite/ISE/bin/nt64;C:/Xilinx/Vivado/2019.2/ids_lite/ISE/lib/nt64;C:\Program Files (x86)\Common Files\Oracle\Java\javapath;C:\Program Files\Common Files\Microsoft Shared\Windows Live;C:\ProgramData\Oracle\Java\javapath;C:\Windows\system32;C:\Windows;C:\Windows\System32\Wbem;C:\Windows\System32\WindowsPowerShell\v1.0\;C:\Program Files (x86)\NVIDIA Corporation\PhysX\Common;C:\Program Files\Git\cmd;C:\Program Files\Nordic Semiconductor\nrf5x\bin\;C:\Users\Engineer\AppData\Local\atom\bin;C:\Python27;C:\Python27\Scripts; C:\MinGW\bin;C:\MinGW\msys\1.0\bin;C:\Program Files (x86)\SEGGER\JLink_V640;;C:/Xilinx/Vivado/2019.2\tps\mingw\6.2.0\win64.o\nt\bin;C:/Xilinx/Vivado/2019.2\tps\mingw\6.2.0\win64.o\nt\libexec\gcc\x86_64-w64-mingw32\6.2.0;C:/Xilinx/Vivado/2019.2\tps\win64\python-2.7.5;C:/Xilinx/Vivado/2019.2\tps\win64\python-2.7.5\bin;C:/Xilinx/Vivado/2019.2\tps\win64\python-2.7.5\lib;C:/Xilinx/Vivado/2019.2\tps\win64\python-2.7.5\Lib\lib-tk;C:/Xilinx/Vivado/2019.2\tps\win64\python-2.7.5\lib\site-packages
USERNAME=Engineer
OS=Windows_NT
PROCESSOR_IDENTIFIER=Intel64 Family 6 Model 42 Stepping 7, GenuineIntel



---------------  S Y S T E M  ---------------

OS: Windows 7 , 64 bit Build 7601 (6.1.7601.24540)

CPU:total 4 (initial active 4) (2 cores per cpu, 2 threads per core) family 6 model 42 stepping 7, cmov, cx8, fxsr, mmx, sse, sse2, sse3, ssse3, sse4.1, sse4.2, popcnt, avx, clmul, ht, tsc, tscinvbit

Memory: 4k page, physical 8298348k(3066816k free), swap 16594796k(11251144k free)

vm_info: Java HotSpot(TM) 64-Bit Server VM (9.0.4+11) for windows-amd64 JRE (9.0.4+11), built on Dec 20 2017 02:18:54 by "mach5one" with MS VC++ 12.0 (VS2013)

END.
