#
# A fatal error has been detected by the Java Runtime Environment:
#
#  EXCEPTION_ACCESS_VIOLATION (0xc0000005) at pc=0x000007fea7b8e836, pid=8000, tid=6348
#
# JRE version: Java(TM) SE Runtime Environment (9.0+11) (build 9.0.4+11)
# Java VM: Java HotSpot(TM) 64-Bit Server VM (9.0.4+11, mixed mode, tiered, compressed oops, g1 gc, windows-amd64)
# Problematic frame:
# C  0x000007fea7b8e836
#
# No core dump will be written. Minidumps are not enabled by default on client versions of Windows
#
# If you would like to submit a bug report, please visit:
#   http://bugreport.java.com/bugreport/crash.jsp
# The crash happened outside the Java Virtual Machine in native code.
# See problematic frame for where to report the bug.
#

---------------  S U M M A R Y ------------

Command Line: -Dsun.java2d.pmoffscreen=false -Dsun.java2d.xrender=false -Dsun.java2d.d3d=false -Dsun.awt.nopixfmt=true -Dsun.java2d.dpiaware=true -Dsun.java2d.uiScale.enabled=false -Xverify:none -Dswing.aatext=true -XX:-UsePerfData -Djdk.map.althashing.threshold=512 -XX:StringTableSize=4072 --add-opens=java.base/java.nio=ALL-UNNAMED --add-opens=java.desktop/sun.swing=ALL-UNNAMED --add-opens=java.desktop/javax.swing=ALL-UNNAMED --add-opens=java.desktop/javax.swing.tree=ALL-UNNAMED --add-opens=java.desktop/javax.swing.plaf.basic=ALL-UNNAMED --add-opens=java.desktop/javax.swing.plaf.synth=ALL-UNNAMED --add-opens=java.desktop/com.sun.awt=ALL-UNNAMED -XX:NewSize=60m -XX:MaxNewSize=60m -Xms128m -Xmx3072m -Xss5m 

Host: Intel(R) Core(TM) i5-2410M CPU @ 2.30GHz, 4 cores, 7G,  Windows 7 , 64 bit Build 7601 (6.1.7601.24545)
Time: Wed Jan 22 01:26:51 2020 Hora estándar romance elapsed time: 4958 seconds (0d 1h 22m 38s)

---------------  T H R E A D  ---------------

Current thread (0x000000000d265000):  JavaThread "AWT-EventQueue-0" [_thread_in_native, id=6348, stack(0x0000000036210000,0x0000000036710000)]

Stack: [0x0000000036210000,0x0000000036710000],  sp=0x000000003670aff0,  free space=5099k
Native frames: (J=compiled Java code, j=interpreted, Vv=VM code, C=native code)
C  0x000007fea7b8e836
C  0x000007fea7ba72e7
C  0x000007fea7bf8b0c
C  0x00000000262a67c5

Java frames: (J=compiled Java code, j=interpreted, Vv=VM code)
J 20258  ui.views.simulator.executive.simulationi.SimulationExecutive_getCodeTooltipValue(JLjava/lang/String;IZ)Ljava/lang/String; (0 bytes) @ 0x00000000262a673f [0x00000000262a66e0+0x000000000000005f]
J 21714 c2 ui.views.O.d.mouseMoved(Ljava/awt/event/MouseEvent;)V (13 bytes) @ 0x00000000268668f8 [0x0000000026866340+0x00000000000005b8]
J 16629 c2 java.awt.AWTEventMulticaster.mouseMoved(Ljava/awt/event/MouseEvent;)V java.desktop@9.0.4 (27 bytes) @ 0x0000000026abbc74 [0x0000000026abbbc0+0x00000000000000b4]
J 16629 c2 java.awt.AWTEventMulticaster.mouseMoved(Ljava/awt/event/MouseEvent;)V java.desktop@9.0.4 (27 bytes) @ 0x0000000026abbc34 [0x0000000026abbbc0+0x0000000000000074]
J 25503 c2 javax.swing.JComponent.processMouseMotionEvent(Ljava/awt/event/MouseEvent;)V java.desktop@9.0.4 (46 bytes) @ 0x0000000026cfd77c [0x0000000026cfd6c0+0x00000000000000bc]
J 13679 c2 java.awt.Container.processEvent(Ljava/awt/AWTEvent;)V java.desktop@9.0.4 (22 bytes) @ 0x00000000267fa498 [0x00000000267fa320+0x0000000000000178]
J 20121 c2 java.awt.Component.dispatchEventImpl(Ljava/awt/AWTEvent;)V java.desktop@9.0.4 (739 bytes) @ 0x0000000026faca2c [0x0000000026fabfa0+0x0000000000000a8c]
J 18627 c2 java.awt.Container.dispatchEventImpl(Ljava/awt/AWTEvent;)V java.desktop@9.0.4 (129 bytes) @ 0x000000002619f2b0 [0x000000002619f060+0x0000000000000250]
J 15490 c2 java.awt.LightweightDispatcher.retargetMouseEvent(Ljava/awt/Component;ILjava/awt/event/MouseEvent;)V java.desktop@9.0.4 (350 bytes) @ 0x000000002694cf0c [0x000000002694c960+0x00000000000005ac]
J 16883 c2 java.awt.LightweightDispatcher.processMouseEvent(Ljava/awt/event/MouseEvent;)Z java.desktop@9.0.4 (265 bytes) @ 0x0000000026b4ec44 [0x0000000026b4e4a0+0x00000000000007a4]
J 18627 c2 java.awt.Container.dispatchEventImpl(Ljava/awt/AWTEvent;)V java.desktop@9.0.4 (129 bytes) @ 0x000000002619f108 [0x000000002619f060+0x00000000000000a8]
J 16881 c2 java.awt.Window.dispatchEventImpl(Ljava/awt/AWTEvent;)V java.desktop@9.0.4 (23 bytes) @ 0x0000000026b4d50c [0x0000000026b4d4c0+0x000000000000004c]
J 14322 c2 java.awt.EventQueue$3.run()Ljava/lang/Object; java.desktop@9.0.4 (5 bytes) @ 0x000000002689ac1c [0x000000002689a600+0x000000000000061c]
v  ~StubRoutines::call_stub
J 4343  java.security.AccessController.doPrivileged(Ljava/security/PrivilegedAction;Ljava/security/AccessControlContext;)Ljava/lang/Object; java.base@9.0.4 (0 bytes) @ 0x0000000025e0a246 [0x0000000025e0a1e0+0x0000000000000066]
J 16784 c2 java.awt.EventQueue$4.run()Ljava/lang/Object; java.desktop@9.0.4 (5 bytes) @ 0x0000000026b15e38 [0x0000000026b15be0+0x0000000000000258]
v  ~StubRoutines::call_stub
J 4343  java.security.AccessController.doPrivileged(Ljava/security/PrivilegedAction;Ljava/security/AccessControlContext;)Ljava/lang/Object; java.base@9.0.4 (0 bytes) @ 0x0000000025e0a246 [0x0000000025e0a1e0+0x0000000000000066]
J 14281 c2 java.awt.EventQueue.dispatchEvent(Ljava/awt/AWTEvent;)V java.desktop@9.0.4 (80 bytes) @ 0x000000002688b38c [0x000000002688ae40+0x000000000000054c]
J 14293 c2 ui.frmwork.b.d.dispatchEvent(Ljava/awt/AWTEvent;)V (34 bytes) @ 0x000000002688c7bc [0x000000002688c6e0+0x00000000000000dc]
J 26232 c2 java.awt.EventDispatchThread.pumpOneEventForFilters(I)V java.desktop@9.0.4 (218 bytes) @ 0x0000000026e8df68 [0x0000000026e8dba0+0x00000000000003c8]
J 21260% c2 java.awt.EventDispatchThread.pumpEventsForFilter(ILjava/awt/Conditional;Ljava/awt/EventFilter;)V java.desktop@9.0.4 (47 bytes) @ 0x0000000027178ff8 [0x0000000027178ee0+0x0000000000000118]
j  java.awt.EventDispatchThread.pumpEventsForHierarchy(ILjava/awt/Conditional;Ljava/awt/Component;)V+11 java.desktop@9.0.4
j  java.awt.EventDispatchThread.pumpEvents(ILjava/awt/Conditional;)V+4 java.desktop@9.0.4
j  java.awt.EventDispatchThread.pumpEvents(Ljava/awt/Conditional;)V+3 java.desktop@9.0.4
j  java.awt.EventDispatchThread.run()V+9 java.desktop@9.0.4
v  ~StubRoutines::call_stub

siginfo: EXCEPTION_ACCESS_VIOLATION (0xc0000005), reading address 0xffffffffffffffff


Register to memory mapping:

RIP=0x000007fea7b8e836 is an unknown value
RAX=0x0000000067898d78 is an unknown value
RBX=0x0000000000000000 is an unknown value
RCX=0x0000000067898d78 is an unknown value
RDX=0x000000003670b058 is pointing into the stack for thread: 0x000000000d265000
RSP=0x000000003670aff0 is pointing into the stack for thread: 0x000000000d265000
RBP=0x000000003670b0f0 is pointing into the stack for thread: 0x000000000d265000
RSI=0x0000000053546900 is an unknown value
RDI=0x000000003670b238 is pointing into the stack for thread: 0x000000000d265000
R8 =0x0000000000000000 is an unknown value
R9 =0x0075006f0073002f is an unknown value
R10=0x000007fea7b60000 is an unknown value
R11=0x000000003670b1c0 is pointing into the stack for thread: 0x000000000d265000
R12=0x00000000623adc10 is an unknown value
R13=0x0000000000000000 is an unknown value
R14=0x0000000000000000 is an unknown value
R15=0x000000003670b448 is pointing into the stack for thread: 0x000000000d265000


Registers:
RAX=0x0000000067898d78, RBX=0x0000000000000000, RCX=0x0000000067898d78, RDX=0x000000003670b058
RSP=0x000000003670aff0, RBP=0x000000003670b0f0, RSI=0x0000000053546900, RDI=0x000000003670b238
R8 =0x0000000000000000, R9 =0x0075006f0073002f, R10=0x000007fea7b60000, R11=0x000000003670b1c0
R12=0x00000000623adc10, R13=0x0000000000000000, R14=0x0000000000000000, R15=0x000000003670b448
RIP=0x000007fea7b8e836, EFLAGS=0x0000000000010246

Top of Stack: (sp=0x000000003670aff0)
0x000000003670aff0:   0000000000000000 000000003670b058
0x000000003670b000:   000000003670b0f0 0000000053546900
0x000000003670b010:   0000000000000000 00000000331c8410
0x000000003670b020:   0000000000000001 000007fee8caa50b
0x000000003670b030:   000000003670b380 00000000623adc10
0x000000003670b040:   00000000331c869e fffffffffffffffe
0x000000003670b050:   000000003670b238 0000000033006573
0x000000003670b060:   000000000a3365d0 0000000000000002
0x000000003670b070:   000000000000000f 00000000623adc10
0x000000003670b080:   00000000331c8410 000007fecf05e5d4
0x000000003670b090:   000000003670b380 000000000a3365d0
0x000000003670b0a0:   00000000623adc10 000000000000028e
0x000000003670b0b0:   0000000056ec33a0 0000000056ec34a4
0x000000003670b0c0:   00000000331c8410 000007fee8baf02b
0x000000003670b0d0:   00000000331c8492 0000000000000000
0x000000003670b0e0:   0000000000000000 000000070ddb15c8 

Instructions: (pc=0x000007fea7b8e836)
0x000007fea7b8e816:   b0 e8 c4 31 fe ff 48 8b 06 48 8b ce ff 90 b8 00
0x000007fea7b8e826:   00 00 4c 8b 08 45 33 c0 48 8d 54 24 68 48 8b c8
0x000007fea7b8e836:   41 ff 51 28 48 8b d8 44 89 74 24 20 4c 8d 0d 4f
0x000007fea7b8e846:   0f 22 00 4c 8d 05 18 0f 22 00 33 d2 48 8b c8 e8 



---------------  P R O C E S S  ---------------

Java Threads: ( => current thread )
  0x00000000517aa800 JavaThread "Relaunch Simulation Thread" [_thread_blocked, id=7524, stack(0x0000000055da0000,0x00000000562a0000)]
  0x00000000517a4800 JavaThread "Update Runs Swing Worker Thread" [_thread_blocked, id=7928, stack(0x0000000060e80000,0x0000000061380000)]
  0x00000000517a8000 JavaThread "Refresh Filesets Swing Worker Thread" [_thread_blocked, id=2896, stack(0x000000005ed00000,0x000000005f200000)]
  0x0000000033214800 JavaThread "SyntheticaAnimation 50" daemon [_thread_blocked, id=6388, stack(0x000000005a2b0000,0x000000005a7b0000)]
  0x00000000517a6800 JavaThread "Image Animator 0" daemon [_thread_blocked, id=7024, stack(0x000000005bb40000,0x000000005c040000)]
  0x000000004d751000 JavaThread "SyntheticaAnimation 50" daemon [_thread_blocked, id=8172, stack(0x0000000058510000,0x0000000058a10000)]
  0x000000004d74e000 JavaThread "Image Animator 0" daemon [_thread_blocked, id=6488, stack(0x0000000052ec0000,0x00000000533c0000)]
  0x0000000033216000 JavaThread "hw_ila_monitor" [_thread_blocked, id=7844, stack(0x00000000523e0000,0x00000000528e0000)]
  0x0000000033215800 JavaThread "SyntheticaAnimation 70" daemon [_thread_blocked, id=7600, stack(0x0000000040980000,0x0000000040e80000)]
  0x0000000033214000 JavaThread "SyntheticaAnimation 25" daemon [_thread_blocked, id=5124, stack(0x000000003f590000,0x000000003fa90000)]
  0x0000000033212800 JavaThread "SyntheticaAnimation 50" daemon [_thread_blocked, id=5532, stack(0x000000003f060000,0x000000003f560000)]
  0x0000000033211000 JavaThread "Monitor HEventQueue Thread" [_thread_blocked, id=7440, stack(0x000000003e790000,0x000000003ec90000)]
  0x0000000033211800 JavaThread "SyntheticaCleanerThread" daemon [_thread_blocked, id=7436, stack(0x000000003a680000,0x000000003ab80000)]
  0x0000000033210000 JavaThread "Batik CleanerThread" daemon [_thread_blocked, id=2928, stack(0x0000000037810000,0x0000000037d10000)]
  0x0000000032fd7800 JavaThread "Process Messages Thread" [_thread_blocked, id=5088, stack(0x0000000037040000,0x0000000037540000)]
  0x00000000337ac000 JavaThread "Thread-1" [_thread_in_native, id=7268, stack(0x0000000004940000,0x0000000005d40000)]
=>0x000000000d265000 JavaThread "AWT-EventQueue-0" [_thread_in_native, id=6348, stack(0x0000000036210000,0x0000000036710000)]
  0x0000000033468800 JavaThread "AWT-Shutdown" [_thread_blocked, id=5700, stack(0x0000000035bd0000,0x00000000360d0000)]
  0x000000000a94c800 JavaThread "TimerQueue" daemon [_thread_blocked, id=7136, stack(0x0000000034580000,0x0000000034a80000)]
  0x00000000331c0800 JavaThread "AWT-Windows" daemon [_thread_in_native, id=3900, stack(0x0000000034b60000,0x0000000035060000)]
  0x000000000d381800 JavaThread "Java2D Disposer" daemon [_thread_blocked, id=7104, stack(0x0000000033ff0000,0x00000000344f0000)]
  0x000000000991d000 JavaThread "Service Thread" daemon [_thread_blocked, id=288, stack(0x0000000032ab0000,0x0000000032fb0000)]
  0x000000000cb14800 JavaThread "Common-Cleaner" daemon [_thread_blocked, id=7700, stack(0x0000000032320000,0x0000000032820000)]
  0x00000000087ad000 JavaThread "Sweeper thread" daemon [_thread_blocked, id=4500, stack(0x0000000031c80000,0x0000000032180000)]
  0x000000000c9e7800 JavaThread "C1 CompilerThread2" daemon [_thread_blocked, id=1256, stack(0x000000001df00000,0x000000001e000000)]
  0x000000000c9e6800 JavaThread "C2 CompilerThread1" daemon [_thread_blocked, id=5560, stack(0x0000000011e90000,0x0000000011f90000)]
  0x000000000ad06000 JavaThread "C2 CompilerThread0" daemon [_thread_blocked, id=6804, stack(0x0000000011ce0000,0x0000000011de0000)]
  0x000000000aeff000 JavaThread "Attach Listener" daemon [_thread_blocked, id=7584, stack(0x00000000316c0000,0x0000000031bc0000)]
  0x0000000010854000 JavaThread "Signal Dispatcher" daemon [_thread_blocked, id=7828, stack(0x0000000031070000,0x0000000031570000)]
  0x000000000c9d5800 JavaThread "Finalizer" daemon [_thread_blocked, id=5620, stack(0x0000000030ab0000,0x0000000030fb0000)]
  0x00000000100f1000 JavaThread "Reference Handler" daemon [_thread_blocked, id=5916, stack(0x00000000303f0000,0x00000000308f0000)]
  0x000000000a652000 JavaThread "main" [_thread_blocked, id=4364, stack(0x0000000007900000,0x0000000007a00000)]

Other Threads:
  0x0000000008aa8800 VMThread "VM Thread" [stack: 0x0000000011b80000,0x0000000011c80000] [id=6040]
  0x000000000baa5000 WatcherThread [stack: 0x00000000321b0000,0x00000000322b0000] [id=6996]
  0x0000000010756000 GCTaskThread "GC Thread#0" [stack: 0x0000000009d00000,0x0000000009e00000] [id=6624]
  0x000000000b83e800 GCTaskThread "GC Thread#1" [stack: 0x000000000af90000,0x000000000b090000] [id=7836]
  0x000000000b83f000 GCTaskThread "GC Thread#2" [stack: 0x0000000009e20000,0x0000000009f20000] [id=4268]
  0x000000000b83f800 GCTaskThread "GC Thread#3" [stack: 0x000000000c1c0000,0x000000000c2c0000] [id=1044]
  0x0000000008ba7000 ConcurrentGCThread "G1 Main Marker" [stack: 0x000000000f6a0000,0x000000000f7a0000] [id=5468]
  0x000000000b840800 ConcurrentGCThread "G1 Marker#0" [stack: 0x000000000f910000,0x000000000fa10000] [id=7540]
  0x00000000100b2000 ConcurrentGCThread "G1 Refine#0" [stack: 0x000000000e220000,0x000000000e320000] [id=5756]
  0x000000000ac9d800 ConcurrentGCThread "G1 Refine#1" [stack: 0x000000000e110000,0x000000000e210000] [id=4512]
  0x000000000b5c4000 ConcurrentGCThread "G1 Refine#2" [stack: 0x000000000e010000,0x000000000e110000] [id=8128]
  0x00000000100a3000 ConcurrentGCThread "G1 Refine#3" [stack: 0x000000000de50000,0x000000000df50000] [id=6756]
  0x000000000c6f9800 ConcurrentGCThread "G1 Young RemSet Sampling" [stack: 0x000000000e3a0000,0x000000000e4a0000] [id=8012]

Threads with active compile tasks:

VM state:not at safepoint (normal execution)

VM Mutex/Monitor currently owned by a thread: None

Heap address: 0x0000000700000000, size: 3072 MB, Compressed Oops mode: Zero based, Oop shift amount: 3
Narrow klass base: 0x0000000000000000, Narrow klass shift: 3
Compressed class space size: 1073741824 Address: 0x00000007c0000000

Heap:
 garbage-first heap   total 285696K, used 135481K [0x0000000700000000, 0x00000007001008b8, 0x00000007c0000000)
  region size 1024K, 60 young (61440K), 1 survivors (1024K)
 Metaspace       used 86072K, capacity 88447K, committed 95312K, reserved 1132544K
  class space    used 11261K, capacity 11744K, committed 13180K, reserved 1048576K
Heap Regions: E=young(eden), S=young(survivor), O=old, HS=humongous(starts), HC=humongous(continues), CS=collection set, F=free, A=archive, TS=gc time stamp, AC=allocation context, TAMS=top-at-mark-start (previous, next)
|   0|0x0000000700000000, 0x00000007000fd4f0, 0x0000000700100000| 98%| O|  |TS  0|AC  0|TAMS 0x0000000700000000, 0x0000000700000000|
|   1|0x0000000700100000, 0x00000007001fff58, 0x0000000700200000| 99%| O|  |TS  0|AC  0|TAMS 0x0000000700100000, 0x0000000700100000|
|   2|0x0000000700200000, 0x00000007002ff1f0, 0x0000000700300000| 99%| O|  |TS  0|AC  0|TAMS 0x0000000700200000, 0x0000000700200000|
|   3|0x0000000700300000, 0x00000007003fc8e0, 0x0000000700400000| 98%| O|  |TS  0|AC  0|TAMS 0x0000000700300000, 0x0000000700300000|
|   4|0x0000000700400000, 0x0000000700500000, 0x0000000700500000|100%|HS|  |TS  0|AC  0|TAMS 0x0000000700400000, 0x0000000700400000|
|   5|0x0000000700500000, 0x0000000700600000, 0x0000000700600000|100%|HC|  |TS  0|AC  0|TAMS 0x0000000700500000, 0x0000000700500000|
|   6|0x0000000700600000, 0x0000000700700000, 0x0000000700700000|100%|HS|  |TS  0|AC  0|TAMS 0x0000000700600000, 0x0000000700600000|
|   7|0x0000000700700000, 0x00000007007fc8b0, 0x0000000700800000| 98%| O|  |TS  0|AC  0|TAMS 0x0000000700700000, 0x0000000700700000|
|   8|0x0000000700800000, 0x00000007008f1be8, 0x0000000700900000| 94%| O|  |TS  0|AC  0|TAMS 0x0000000700800000, 0x0000000700800000|
|   9|0x0000000700900000, 0x00000007009fffd0, 0x0000000700a00000| 99%| O|  |TS  0|AC  0|TAMS 0x0000000700900000, 0x0000000700900000|
|  10|0x0000000700a00000, 0x0000000700afffe8, 0x0000000700b00000| 99%| O|  |TS  0|AC  0|TAMS 0x0000000700a00000, 0x0000000700a00000|
|  11|0x0000000700b00000, 0x0000000700bfffc0, 0x0000000700c00000| 99%| O|  |TS  0|AC  0|TAMS 0x0000000700b00000, 0x0000000700b00000|
|  12|0x0000000700c00000, 0x0000000700cffff0, 0x0000000700d00000| 99%| O|  |TS  0|AC  0|TAMS 0x0000000700c00000, 0x0000000700c00000|
|  13|0x0000000700d00000, 0x0000000700dfd330, 0x0000000700e00000| 98%| O|  |TS  0|AC  0|TAMS 0x0000000700d00000, 0x0000000700d00000|
|  14|0x0000000700e00000, 0x0000000700efffe8, 0x0000000700f00000| 99%| O|  |TS  0|AC  0|TAMS 0x0000000700e00000, 0x0000000700e00000|
|  15|0x0000000700f00000, 0x0000000700fffff0, 0x0000000701000000| 99%| O|  |TS  0|AC  0|TAMS 0x0000000700f00000, 0x0000000700f00000|
|  16|0x0000000701000000, 0x00000007010ff0f0, 0x0000000701100000| 99%| O|  |TS  0|AC  0|TAMS 0x0000000701000000, 0x0000000701000000|
|  17|0x0000000701100000, 0x00000007011df940, 0x0000000701200000| 87%| O|  |TS  0|AC  0|TAMS 0x0000000701100000, 0x0000000701100000|
|  18|0x0000000701200000, 0x00000007012ff048, 0x0000000701300000| 99%| O|  |TS  0|AC  0|TAMS 0x0000000701200000, 0x0000000701200000|
|  19|0x0000000701300000, 0x00000007013fffe8, 0x0000000701400000| 99%| O|  |TS  0|AC  0|TAMS 0x0000000701300000, 0x0000000701300000|
|  20|0x0000000701400000, 0x00000007014ffff8, 0x0000000701500000| 99%| O|  |TS  0|AC  0|TAMS 0x0000000701400000, 0x0000000701400000|
|  21|0x0000000701500000, 0x0000000701600000, 0x0000000701600000|100%| O|  |TS  0|AC  0|TAMS 0x0000000701500000, 0x0000000701500000|
|  22|0x0000000701600000, 0x00000007016ffff8, 0x0000000701700000| 99%| O|  |TS  0|AC  0|TAMS 0x0000000701600000, 0x0000000701600000|
|  23|0x0000000701700000, 0x00000007017ffff0, 0x0000000701800000| 99%| O|  |TS  0|AC  0|TAMS 0x0000000701700000, 0x0000000701700000|
|  24|0x0000000701800000, 0x00000007018ffff8, 0x0000000701900000| 99%| O|  |TS  0|AC  0|TAMS 0x0000000701800000, 0x0000000701800000|
|  25|0x0000000701900000, 0x0000000701a00000, 0x0000000701a00000|100%| O|  |TS  0|AC  0|TAMS 0x0000000701900000, 0x0000000701900000|
|  26|0x0000000701a00000, 0x0000000701afffd0, 0x0000000701b00000| 99%| O|  |TS  0|AC  0|TAMS 0x0000000701a00000, 0x0000000701a00000|
|  27|0x0000000701b00000, 0x0000000701bffe50, 0x0000000701c00000| 99%| O|  |TS  0|AC  0|TAMS 0x0000000701b00000, 0x0000000701b00000|
|  28|0x0000000701c00000, 0x0000000701cffec8, 0x0000000701d00000| 99%| O|  |TS  0|AC  0|TAMS 0x0000000701c00000, 0x0000000701c00000|
|  29|0x0000000701d00000, 0x0000000701dfffd0, 0x0000000701e00000| 99%| O|  |TS  0|AC  0|TAMS 0x0000000701d00000, 0x0000000701d00000|
|  30|0x0000000701e00000, 0x0000000701efff48, 0x0000000701f00000| 99%| O|  |TS  0|AC  0|TAMS 0x0000000701e00000, 0x0000000701e00000|
|  31|0x0000000701f00000, 0x0000000702000000, 0x0000000702000000|100%| O|  |TS  0|AC  0|TAMS 0x0000000701f00000, 0x0000000701f00000|
|  32|0x0000000702000000, 0x0000000702100000, 0x0000000702100000|100%| O|  |TS  0|AC  0|TAMS 0x0000000702000000, 0x0000000702000000|
|  33|0x0000000702100000, 0x00000007021ffc10, 0x0000000702200000| 99%| O|  |TS  0|AC  0|TAMS 0x0000000702100000, 0x0000000702100000|
|  34|0x0000000702200000, 0x00000007022eaef8, 0x0000000702300000| 91%| O|  |TS  0|AC  0|TAMS 0x0000000702200000, 0x0000000702200000|
|  35|0x0000000702300000, 0x00000007023fffb8, 0x0000000702400000| 99%| O|  |TS  0|AC  0|TAMS 0x0000000702300000, 0x0000000702300000|
|  36|0x0000000702400000, 0x00000007024ffff8, 0x0000000702500000| 99%| O|  |TS  0|AC  0|TAMS 0x0000000702400000, 0x0000000702400000|
|  37|0x0000000702500000, 0x00000007025fffd8, 0x0000000702600000| 99%| O|  |TS  0|AC  0|TAMS 0x0000000702500000, 0x0000000702500000|
|  38|0x0000000702600000, 0x00000007026fe498, 0x0000000702700000| 99%| O|  |TS  0|AC  0|TAMS 0x0000000702600000, 0x0000000702600000|
|  39|0x0000000702700000, 0x00000007027fffd0, 0x0000000702800000| 99%| O|  |TS  0|AC  0|TAMS 0x0000000702700000, 0x0000000702700000|
|  40|0x0000000702800000, 0x00000007028fdee8, 0x0000000702900000| 99%| O|  |TS  0|AC  0|TAMS 0x0000000702800000, 0x0000000702800000|
|  41|0x0000000702900000, 0x0000000702a00000, 0x0000000702a00000|100%| O|  |TS  0|AC  0|TAMS 0x0000000702900000, 0x0000000702900000|
|  42|0x0000000702a00000, 0x0000000702b00000, 0x0000000702b00000|100%| O|  |TS  0|AC  0|TAMS 0x0000000702a00000, 0x0000000702a00000|
|  43|0x0000000702b00000, 0x0000000702bffff0, 0x0000000702c00000| 99%| O|  |TS  0|AC  0|TAMS 0x0000000702b00000, 0x0000000702b00000|
|  44|0x0000000702c00000, 0x0000000702d00000, 0x0000000702d00000|100%| O|  |TS  0|AC  0|TAMS 0x0000000702c00000, 0x0000000702c00000|
|  45|0x0000000702d00000, 0x0000000702dfacc8, 0x0000000702e00000| 97%| O|  |TS  0|AC  0|TAMS 0x0000000702d00000, 0x0000000702d00000|
|  46|0x0000000702e00000, 0x0000000702f00000, 0x0000000702f00000|100%| O|  |TS  0|AC  0|TAMS 0x0000000702e00000, 0x0000000702e00000|
|  47|0x0000000702f00000, 0x0000000702fffff8, 0x0000000703000000| 99%| O|  |TS  0|AC  0|TAMS 0x0000000702f00000, 0x0000000702f00000|
|  48|0x0000000703000000, 0x00000007030fffb0, 0x0000000703100000| 99%| O|  |TS  0|AC  0|TAMS 0x0000000703000000, 0x0000000703000000|
|  49|0x0000000703100000, 0x0000000703200000, 0x0000000703200000|100%| O|  |TS  0|AC  0|TAMS 0x0000000703100000, 0x0000000703100000|
|  50|0x0000000703200000, 0x00000007032ffea8, 0x0000000703300000| 99%| O|  |TS  0|AC  0|TAMS 0x0000000703200000, 0x0000000703200000|
|  51|0x0000000703300000, 0x00000007033ffff8, 0x0000000703400000| 99%| O|  |TS  0|AC  0|TAMS 0x0000000703300000, 0x0000000703300000|
|  52|0x0000000703400000, 0x00000007034ffff0, 0x0000000703500000| 99%| O|  |TS  0|AC  0|TAMS 0x0000000703400000, 0x0000000703400000|
|  53|0x0000000703500000, 0x00000007035ffff8, 0x0000000703600000| 99%| O|  |TS  0|AC  0|TAMS 0x0000000703500000, 0x0000000703500000|
|  54|0x0000000703600000, 0x00000007036ffff0, 0x0000000703700000| 99%| O|  |TS  0|AC  0|TAMS 0x0000000703600000, 0x0000000703600000|
|  55|0x0000000703700000, 0x00000007037fffe8, 0x0000000703800000| 99%| O|  |TS  0|AC  0|TAMS 0x0000000703700000, 0x0000000703700000|
|  56|0x0000000703800000, 0x00000007038fffe8, 0x0000000703900000| 99%| O|  |TS  0|AC  0|TAMS 0x0000000703800000, 0x0000000703800000|
|  57|0x0000000703900000, 0x0000000703a00000, 0x0000000703a00000|100%| O|  |TS  0|AC  0|TAMS 0x0000000703900000, 0x0000000703900000|
|  58|0x0000000703a00000, 0x0000000703afffd0, 0x0000000703b00000| 99%| O|  |TS  0|AC  0|TAMS 0x0000000703a00000, 0x0000000703a00000|
|  59|0x0000000703b00000, 0x0000000703bffff8, 0x0000000703c00000| 99%| O|  |TS  0|AC  0|TAMS 0x0000000703b00000, 0x0000000703b00000|
|  60|0x0000000703c00000, 0x0000000703cfe6a0, 0x0000000703d00000| 99%| O|  |TS  0|AC  0|TAMS 0x0000000703c00000, 0x0000000703c00000|
|  61|0x0000000703d00000, 0x0000000703dffff0, 0x0000000703e00000| 99%| O|  |TS  0|AC  0|TAMS 0x0000000703d00000, 0x0000000703d00000|
|  62|0x0000000703e00000, 0x0000000703efffe8, 0x0000000703f00000| 99%| O|  |TS  0|AC  0|TAMS 0x0000000703e00000, 0x0000000703e00000|
|  63|0x0000000703f00000, 0x0000000704000000, 0x0000000704000000|100%| O|  |TS  0|AC  0|TAMS 0x0000000703f00000, 0x0000000703f00000|
|  64|0x0000000704000000, 0x00000007040e4ee0, 0x0000000704100000| 89%| O|  |TS  0|AC  0|TAMS 0x0000000704000000, 0x0000000704000000|
|  65|0x0000000704100000, 0x00000007041d4138, 0x0000000704200000| 82%| O|  |TS  0|AC  0|TAMS 0x0000000704100000, 0x0000000704100000|
|  66|0x0000000704200000, 0x0000000704300000, 0x0000000704300000|100%| O|  |TS 49|AC  0|TAMS 0x0000000704200000, 0x0000000704200000|
|  67|0x0000000704300000, 0x0000000704400000, 0x0000000704400000|100%|HS|  |TS  0|AC  0|TAMS 0x0000000704300000, 0x0000000704300000|
|  68|0x0000000704400000, 0x0000000704500000, 0x0000000704500000|100%|HC|  |TS  0|AC  0|TAMS 0x0000000704400000, 0x0000000704400000|
|  69|0x0000000704500000, 0x0000000704600000, 0x0000000704600000|100%|HC|  |TS  0|AC  0|TAMS 0x0000000704500000, 0x0000000704500000|
|  70|0x0000000704600000, 0x0000000704700000, 0x0000000704700000|100%|HC|  |TS  0|AC  0|TAMS 0x0000000704600000, 0x0000000704600000|
|  71|0x0000000704700000, 0x0000000704800000, 0x0000000704800000|100%| O|  |TS115|AC  0|TAMS 0x0000000704700000, 0x0000000704700000|
|  72|0x0000000704800000, 0x0000000704895200, 0x0000000704900000| 58%| O|  |TS129|AC  0|TAMS 0x0000000704800000, 0x0000000704800000|
|  73|0x0000000704900000, 0x0000000704900000, 0x0000000704a00000|  0%| F|  |TS  0|AC  0|TAMS 0x0000000704900000, 0x0000000704900000|
|  74|0x0000000704a00000, 0x0000000704a00000, 0x0000000704b00000|  0%| F|  |TS  0|AC  0|TAMS 0x0000000704a00000, 0x0000000704a00000|
|  75|0x0000000704b00000, 0x0000000704b00000, 0x0000000704c00000|  0%| F|  |TS  0|AC  0|TAMS 0x0000000704b00000, 0x0000000704b00000|
|  76|0x0000000704c00000, 0x0000000704d00000, 0x0000000704d00000|100%|HS|  |TS  0|AC  0|TAMS 0x0000000704c00000, 0x0000000704c00000|
|  77|0x0000000704d00000, 0x0000000704e00000, 0x0000000704e00000|100%|HC|  |TS  0|AC  0|TAMS 0x0000000704d00000, 0x0000000704d00000|
|  78|0x0000000704e00000, 0x0000000704e00000, 0x0000000704f00000|  0%| F|  |TS  0|AC  0|TAMS 0x0000000704e00000, 0x0000000704e00000|
|  79|0x0000000704f00000, 0x0000000704f00000, 0x0000000705000000|  0%| F|  |TS  0|AC  0|TAMS 0x0000000704f00000, 0x0000000704f00000|
|  80|0x0000000705000000, 0x0000000705000000, 0x0000000705100000|  0%| F|  |TS  0|AC  0|TAMS 0x0000000705000000, 0x0000000705000000|
|  81|0x0000000705100000, 0x0000000705100000, 0x0000000705200000|  0%| F|  |TS  0|AC  0|TAMS 0x0000000705100000, 0x0000000705100000|
|  82|0x0000000705200000, 0x0000000705200000, 0x0000000705300000|  0%| F|  |TS  0|AC  0|TAMS 0x0000000705200000, 0x0000000705200000|
|  83|0x0000000705300000, 0x0000000705300000, 0x0000000705400000|  0%| F|  |TS  0|AC  0|TAMS 0x0000000705300000, 0x0000000705300000|
|  84|0x0000000705400000, 0x0000000705400000, 0x0000000705500000|  0%| F|  |TS  0|AC  0|TAMS 0x0000000705400000, 0x0000000705400000|
|  85|0x0000000705500000, 0x0000000705500000, 0x0000000705600000|  0%| F|  |TS  0|AC  0|TAMS 0x0000000705500000, 0x0000000705500000|
|  86|0x0000000705600000, 0x0000000705600000, 0x0000000705700000|  0%| F|  |TS  0|AC  0|TAMS 0x0000000705600000, 0x0000000705600000|
|  87|0x0000000705700000, 0x0000000705700000, 0x0000000705800000|  0%| F|  |TS  0|AC  0|TAMS 0x0000000705700000, 0x0000000705700000|
|  88|0x0000000705800000, 0x0000000705800000, 0x0000000705900000|  0%| F|  |TS  0|AC  0|TAMS 0x0000000705800000, 0x0000000705800000|
|  89|0x0000000705900000, 0x0000000705900000, 0x0000000705a00000|  0%| F|  |TS  0|AC  0|TAMS 0x0000000705900000, 0x0000000705900000|
|  90|0x0000000705a00000, 0x0000000705a00000, 0x0000000705b00000|  0%| F|  |TS  0|AC  0|TAMS 0x0000000705a00000, 0x0000000705a00000|
|  91|0x0000000705b00000, 0x0000000705b00000, 0x0000000705c00000|  0%| F|  |TS  0|AC  0|TAMS 0x0000000705b00000, 0x0000000705b00000|
|  92|0x0000000705c00000, 0x0000000705c00000, 0x0000000705d00000|  0%| F|  |TS  0|AC  0|TAMS 0x0000000705c00000, 0x0000000705c00000|
|  93|0x0000000705d00000, 0x0000000705d00000, 0x0000000705e00000|  0%| F|  |TS  0|AC  0|TAMS 0x0000000705d00000, 0x0000000705d00000|
|  94|0x0000000705e00000, 0x0000000705e00000, 0x0000000705f00000|  0%| F|  |TS  0|AC  0|TAMS 0x0000000705e00000, 0x0000000705e00000|
|  95|0x0000000705f00000, 0x0000000705f00000, 0x0000000706000000|  0%| F|  |TS  0|AC  0|TAMS 0x0000000705f00000, 0x0000000705f00000|
|  96|0x0000000706000000, 0x0000000706000000, 0x0000000706100000|  0%| F|  |TS  0|AC  0|TAMS 0x0000000706000000, 0x0000000706000000|
|  97|0x0000000706100000, 0x0000000706100000, 0x0000000706200000|  0%| F|  |TS  0|AC  0|TAMS 0x0000000706100000, 0x0000000706100000|
|  98|0x0000000706200000, 0x0000000706200000, 0x0000000706300000|  0%| F|  |TS  0|AC  0|TAMS 0x0000000706200000, 0x0000000706200000|
|  99|0x0000000706300000, 0x0000000706300000, 0x0000000706400000|  0%| F|  |TS  0|AC  0|TAMS 0x0000000706300000, 0x0000000706300000|
| 100|0x0000000706400000, 0x0000000706400000, 0x0000000706500000|  0%| F|  |TS  0|AC  0|TAMS 0x0000000706400000, 0x0000000706400000|
| 101|0x0000000706500000, 0x0000000706500000, 0x0000000706600000|  0%| F|  |TS  0|AC  0|TAMS 0x0000000706500000, 0x0000000706500000|
| 102|0x0000000706600000, 0x0000000706600000, 0x0000000706700000|  0%| F|  |TS  0|AC  0|TAMS 0x0000000706600000, 0x0000000706600000|
| 103|0x0000000706700000, 0x0000000706700000, 0x0000000706800000|  0%| F|  |TS  0|AC  0|TAMS 0x0000000706700000, 0x0000000706700000|
| 104|0x0000000706800000, 0x0000000706800000, 0x0000000706900000|  0%| F|  |TS  0|AC  0|TAMS 0x0000000706800000, 0x0000000706800000|
| 105|0x0000000706900000, 0x0000000706900000, 0x0000000706a00000|  0%| F|  |TS  0|AC  0|TAMS 0x0000000706900000, 0x0000000706900000|
| 106|0x0000000706a00000, 0x0000000706a00000, 0x0000000706b00000|  0%| F|  |TS  0|AC  0|TAMS 0x0000000706a00000, 0x0000000706a00000|
| 107|0x0000000706b00000, 0x0000000706b00000, 0x0000000706c00000|  0%| F|  |TS  0|AC  0|TAMS 0x0000000706b00000, 0x0000000706b00000|
| 108|0x0000000706c00000, 0x0000000706c00000, 0x0000000706d00000|  0%| F|  |TS  0|AC  0|TAMS 0x0000000706c00000, 0x0000000706c00000|
| 109|0x0000000706d00000, 0x0000000706d00000, 0x0000000706e00000|  0%| F|  |TS  0|AC  0|TAMS 0x0000000706d00000, 0x0000000706d00000|
| 110|0x0000000706e00000, 0x0000000706e00000, 0x0000000706f00000|  0%| F|  |TS  0|AC  0|TAMS 0x0000000706e00000, 0x0000000706e00000|
| 111|0x0000000706f00000, 0x0000000706f00000, 0x0000000707000000|  0%| F|  |TS  0|AC  0|TAMS 0x0000000706f00000, 0x0000000706f00000|
| 112|0x0000000707000000, 0x0000000707000000, 0x0000000707100000|  0%| F|  |TS  0|AC  0|TAMS 0x0000000707000000, 0x0000000707000000|
| 113|0x0000000707100000, 0x0000000707100000, 0x0000000707200000|  0%| F|  |TS  0|AC  0|TAMS 0x0000000707100000, 0x0000000707100000|
| 114|0x0000000707200000, 0x0000000707200000, 0x0000000707300000|  0%| F|  |TS  0|AC  0|TAMS 0x0000000707200000, 0x0000000707200000|
| 115|0x0000000707300000, 0x0000000707300000, 0x0000000707400000|  0%| F|  |TS  0|AC  0|TAMS 0x0000000707300000, 0x0000000707300000|
| 116|0x0000000707400000, 0x0000000707400000, 0x0000000707500000|  0%| F|  |TS  0|AC  0|TAMS 0x0000000707400000, 0x0000000707400000|
| 117|0x0000000707500000, 0x0000000707500000, 0x0000000707600000|  0%| F|  |TS  0|AC  0|TAMS 0x0000000707500000, 0x0000000707500000|
| 118|0x0000000707600000, 0x0000000707600000, 0x0000000707700000|  0%| F|  |TS  0|AC  0|TAMS 0x0000000707600000, 0x0000000707600000|
| 119|0x0000000707700000, 0x0000000707700000, 0x0000000707800000|  0%| F|  |TS  0|AC  0|TAMS 0x0000000707700000, 0x0000000707700000|
| 120|0x0000000707800000, 0x0000000707800000, 0x0000000707900000|  0%| F|  |TS  0|AC  0|TAMS 0x0000000707800000, 0x0000000707800000|
| 121|0x0000000707900000, 0x0000000707900000, 0x0000000707a00000|  0%| F|  |TS  0|AC  0|TAMS 0x0000000707900000, 0x0000000707900000|
| 122|0x0000000707a00000, 0x0000000707a00000, 0x0000000707b00000|  0%| F|  |TS  0|AC  0|TAMS 0x0000000707a00000, 0x0000000707a00000|
| 123|0x0000000707b00000, 0x0000000707b00000, 0x0000000707c00000|  0%| F|  |TS  0|AC  0|TAMS 0x0000000707b00000, 0x0000000707b00000|
| 124|0x0000000707c00000, 0x0000000707c00000, 0x0000000707d00000|  0%| F|  |TS  0|AC  0|TAMS 0x0000000707c00000, 0x0000000707c00000|
| 125|0x0000000707d00000, 0x0000000707d00000, 0x0000000707e00000|  0%| F|  |TS  0|AC  0|TAMS 0x0000000707d00000, 0x0000000707d00000|
| 126|0x0000000707e00000, 0x0000000707e00000, 0x0000000707f00000|  0%| F|  |TS  0|AC  0|TAMS 0x0000000707e00000, 0x0000000707e00000|
| 127|0x0000000707f00000, 0x0000000707f00000, 0x0000000708000000|  0%| F|  |TS  0|AC  0|TAMS 0x0000000707f00000, 0x0000000707f00000|
| 128|0x0000000708000000, 0x0000000708000000, 0x0000000708100000|  0%| F|  |TS  0|AC  0|TAMS 0x0000000708000000, 0x0000000708000000|
| 129|0x0000000708100000, 0x0000000708100000, 0x0000000708200000|  0%| F|  |TS  0|AC  0|TAMS 0x0000000708100000, 0x0000000708100000|
| 130|0x0000000708200000, 0x0000000708200000, 0x0000000708300000|  0%| F|  |TS  0|AC  0|TAMS 0x0000000708200000, 0x0000000708200000|
| 131|0x0000000708300000, 0x0000000708300000, 0x0000000708400000|  0%| F|  |TS  0|AC  0|TAMS 0x0000000708300000, 0x0000000708300000|
| 132|0x0000000708400000, 0x0000000708400000, 0x0000000708500000|  0%| F|  |TS  0|AC  0|TAMS 0x0000000708400000, 0x0000000708400000|
| 133|0x0000000708500000, 0x0000000708500000, 0x0000000708600000|  0%| F|  |TS  0|AC  0|TAMS 0x0000000708500000, 0x0000000708500000|
| 134|0x0000000708600000, 0x0000000708600000, 0x0000000708700000|  0%| F|  |TS  0|AC  0|TAMS 0x0000000708600000, 0x0000000708600000|
| 135|0x0000000708700000, 0x0000000708700000, 0x0000000708800000|  0%| F|  |TS  0|AC  0|TAMS 0x0000000708700000, 0x0000000708700000|
| 136|0x0000000708800000, 0x0000000708800000, 0x0000000708900000|  0%| F|  |TS  0|AC  0|TAMS 0x0000000708800000, 0x0000000708800000|
| 137|0x0000000708900000, 0x0000000708900000, 0x0000000708a00000|  0%| F|  |TS  0|AC  0|TAMS 0x0000000708900000, 0x0000000708900000|
| 138|0x0000000708a00000, 0x0000000708a00000, 0x0000000708b00000|  0%| F|  |TS  0|AC  0|TAMS 0x0000000708a00000, 0x0000000708a00000|
| 139|0x0000000708b00000, 0x0000000708b00000, 0x0000000708c00000|  0%| F|  |TS  0|AC  0|TAMS 0x0000000708b00000, 0x0000000708b00000|
| 140|0x0000000708c00000, 0x0000000708c00000, 0x0000000708d00000|  0%| F|  |TS  0|AC  0|TAMS 0x0000000708c00000, 0x0000000708c00000|
| 141|0x0000000708d00000, 0x0000000708d00000, 0x0000000708e00000|  0%| F|  |TS  0|AC  0|TAMS 0x0000000708d00000, 0x0000000708d00000|
| 142|0x0000000708e00000, 0x0000000708e00000, 0x0000000708f00000|  0%| F|  |TS  0|AC  0|TAMS 0x0000000708e00000, 0x0000000708e00000|
| 143|0x0000000708f00000, 0x0000000708f00000, 0x0000000709000000|  0%| F|  |TS  0|AC  0|TAMS 0x0000000708f00000, 0x0000000708f00000|
| 144|0x0000000709000000, 0x0000000709000000, 0x0000000709100000|  0%| F|  |TS  0|AC  0|TAMS 0x0000000709000000, 0x0000000709000000|
| 145|0x0000000709100000, 0x0000000709100000, 0x0000000709200000|  0%| F|  |TS  0|AC  0|TAMS 0x0000000709100000, 0x0000000709100000|
| 146|0x0000000709200000, 0x0000000709200000, 0x0000000709300000|  0%| F|  |TS  0|AC  0|TAMS 0x0000000709200000, 0x0000000709200000|
| 147|0x0000000709300000, 0x0000000709300000, 0x0000000709400000|  0%| F|  |TS  0|AC  0|TAMS 0x0000000709300000, 0x0000000709300000|
| 148|0x0000000709400000, 0x0000000709400000, 0x0000000709500000|  0%| F|  |TS  0|AC  0|TAMS 0x0000000709400000, 0x0000000709400000|
| 149|0x0000000709500000, 0x0000000709500000, 0x0000000709600000|  0%| F|  |TS  0|AC  0|TAMS 0x0000000709500000, 0x0000000709500000|
| 150|0x0000000709600000, 0x0000000709600000, 0x0000000709700000|  0%| F|  |TS  0|AC  0|TAMS 0x0000000709600000, 0x0000000709600000|
| 151|0x0000000709700000, 0x0000000709700000, 0x0000000709800000|  0%| F|  |TS  0|AC  0|TAMS 0x0000000709700000, 0x0000000709700000|
| 152|0x0000000709800000, 0x0000000709800000, 0x0000000709900000|  0%| F|  |TS  0|AC  0|TAMS 0x0000000709800000, 0x0000000709800000|
| 153|0x0000000709900000, 0x0000000709900000, 0x0000000709a00000|  0%| F|  |TS  0|AC  0|TAMS 0x0000000709900000, 0x0000000709900000|
| 154|0x0000000709a00000, 0x0000000709a00000, 0x0000000709b00000|  0%| F|  |TS  0|AC  0|TAMS 0x0000000709a00000, 0x0000000709a00000|
| 155|0x0000000709b00000, 0x0000000709b00000, 0x0000000709c00000|  0%| F|  |TS  0|AC  0|TAMS 0x0000000709b00000, 0x0000000709b00000|
| 156|0x0000000709c00000, 0x0000000709c00000, 0x0000000709d00000|  0%| F|  |TS  0|AC  0|TAMS 0x0000000709c00000, 0x0000000709c00000|
| 157|0x0000000709d00000, 0x0000000709d00000, 0x0000000709e00000|  0%| F|  |TS  0|AC  0|TAMS 0x0000000709d00000, 0x0000000709d00000|
| 158|0x0000000709e00000, 0x0000000709e00000, 0x0000000709f00000|  0%| F|  |TS  0|AC  0|TAMS 0x0000000709e00000, 0x0000000709e00000|
| 159|0x0000000709f00000, 0x0000000709f00000, 0x000000070a000000|  0%| F|  |TS  0|AC  0|TAMS 0x0000000709f00000, 0x0000000709f00000|
| 160|0x000000070a000000, 0x000000070a000000, 0x000000070a100000|  0%| F|  |TS  0|AC  0|TAMS 0x000000070a000000, 0x000000070a000000|
| 161|0x000000070a100000, 0x000000070a100000, 0x000000070a200000|  0%| F|  |TS  0|AC  0|TAMS 0x000000070a100000, 0x000000070a100000|
| 162|0x000000070a200000, 0x000000070a200000, 0x000000070a300000|  0%| F|  |TS  0|AC  0|TAMS 0x000000070a200000, 0x000000070a200000|
| 163|0x000000070a300000, 0x000000070a300000, 0x000000070a400000|  0%| F|  |TS  0|AC  0|TAMS 0x000000070a300000, 0x000000070a300000|
| 164|0x000000070a400000, 0x000000070a400000, 0x000000070a500000|  0%| F|  |TS  0|AC  0|TAMS 0x000000070a400000, 0x000000070a400000|
| 165|0x000000070a500000, 0x000000070a500000, 0x000000070a600000|  0%| F|  |TS  0|AC  0|TAMS 0x000000070a500000, 0x000000070a500000|
| 166|0x000000070a600000, 0x000000070a600000, 0x000000070a700000|  0%| F|  |TS  0|AC  0|TAMS 0x000000070a600000, 0x000000070a600000|
| 167|0x000000070a700000, 0x000000070a700000, 0x000000070a800000|  0%| F|  |TS  0|AC  0|TAMS 0x000000070a700000, 0x000000070a700000|
| 168|0x000000070a800000, 0x000000070a800000, 0x000000070a900000|  0%| F|  |TS  0|AC  0|TAMS 0x000000070a800000, 0x000000070a800000|
| 169|0x000000070a900000, 0x000000070a900000, 0x000000070aa00000|  0%| F|  |TS 25|AC  0|TAMS 0x000000070a900000, 0x000000070a900000|
| 170|0x000000070aa00000, 0x000000070aa00000, 0x000000070ab00000|  0%| F|  |TS 93|AC  0|TAMS 0x000000070aa00000, 0x000000070aa00000|
| 171|0x000000070ab00000, 0x000000070ab00000, 0x000000070ac00000|  0%| F|  |TS125|AC  0|TAMS 0x000000070ab00000, 0x000000070ab00000|
| 172|0x000000070ac00000, 0x000000070ac00000, 0x000000070ad00000|  0%| F|  |TS127|AC  0|TAMS 0x000000070ac00000, 0x000000070ac00000|
| 173|0x000000070ad00000, 0x000000070ad00000, 0x000000070ae00000|  0%| F|  |TS125|AC  0|TAMS 0x000000070ad00000, 0x000000070ad00000|
| 174|0x000000070ae00000, 0x000000070ae00000, 0x000000070af00000|  0%| F|  |TS125|AC  0|TAMS 0x000000070ae00000, 0x000000070ae00000|
| 175|0x000000070af00000, 0x000000070af00000, 0x000000070b000000|  0%| F|  |TS125|AC  0|TAMS 0x000000070af00000, 0x000000070af00000|
| 176|0x000000070b000000, 0x000000070b000000, 0x000000070b100000|  0%| F|  |TS125|AC  0|TAMS 0x000000070b000000, 0x000000070b000000|
| 177|0x000000070b100000, 0x000000070b100000, 0x000000070b200000|  0%| F|  |TS125|AC  0|TAMS 0x000000070b100000, 0x000000070b100000|
| 178|0x000000070b200000, 0x000000070b200000, 0x000000070b300000|  0%| F|  |TS125|AC  0|TAMS 0x000000070b200000, 0x000000070b200000|
| 179|0x000000070b300000, 0x000000070b300000, 0x000000070b400000|  0%| F|  |TS125|AC  0|TAMS 0x000000070b300000, 0x000000070b300000|
| 180|0x000000070b400000, 0x000000070b400000, 0x000000070b500000|  0%| F|  |TS125|AC  0|TAMS 0x000000070b400000, 0x000000070b400000|
| 181|0x000000070b500000, 0x000000070b500000, 0x000000070b600000|  0%| F|  |TS125|AC  0|TAMS 0x000000070b500000, 0x000000070b500000|
| 182|0x000000070b600000, 0x000000070b600000, 0x000000070b700000|  0%| F|  |TS125|AC  0|TAMS 0x000000070b600000, 0x000000070b600000|
| 183|0x000000070b700000, 0x000000070b700000, 0x000000070b800000|  0%| F|  |TS125|AC  0|TAMS 0x000000070b700000, 0x000000070b700000|
| 184|0x000000070b800000, 0x000000070b800000, 0x000000070b900000|  0%| F|  |TS125|AC  0|TAMS 0x000000070b800000, 0x000000070b800000|
| 185|0x000000070b900000, 0x000000070b900000, 0x000000070ba00000|  0%| F|  |TS125|AC  0|TAMS 0x000000070b900000, 0x000000070b900000|
| 186|0x000000070ba00000, 0x000000070ba00000, 0x000000070bb00000|  0%| F|  |TS125|AC  0|TAMS 0x000000070ba00000, 0x000000070ba00000|
| 187|0x000000070bb00000, 0x000000070bb00000, 0x000000070bc00000|  0%| F|  |TS125|AC  0|TAMS 0x000000070bb00000, 0x000000070bb00000|
| 188|0x000000070bc00000, 0x000000070bc00000, 0x000000070bd00000|  0%| F|  |TS125|AC  0|TAMS 0x000000070bc00000, 0x000000070bc00000|
| 189|0x000000070bd00000, 0x000000070bd00000, 0x000000070be00000|  0%| F|  |TS125|AC  0|TAMS 0x000000070bd00000, 0x000000070bd00000|
| 190|0x000000070be00000, 0x000000070be00000, 0x000000070bf00000|  0%| F|  |TS125|AC  0|TAMS 0x000000070be00000, 0x000000070be00000|
| 191|0x000000070bf00000, 0x000000070bf00000, 0x000000070c000000|  0%| F|  |TS125|AC  0|TAMS 0x000000070bf00000, 0x000000070bf00000|
| 192|0x000000070c000000, 0x000000070c000000, 0x000000070c100000|  0%| F|  |TS125|AC  0|TAMS 0x000000070c000000, 0x000000070c000000|
| 193|0x000000070c100000, 0x000000070c100000, 0x000000070c200000|  0%| F|  |TS125|AC  0|TAMS 0x000000070c100000, 0x000000070c100000|
| 194|0x000000070c200000, 0x000000070c200000, 0x000000070c300000|  0%| F|  |TS125|AC  0|TAMS 0x000000070c200000, 0x000000070c200000|
| 195|0x000000070c300000, 0x000000070c300000, 0x000000070c400000|  0%| F|  |TS125|AC  0|TAMS 0x000000070c300000, 0x000000070c300000|
| 196|0x000000070c400000, 0x000000070c400000, 0x000000070c500000|  0%| F|  |TS125|AC  0|TAMS 0x000000070c400000, 0x000000070c400000|
| 197|0x000000070c500000, 0x000000070c500000, 0x000000070c600000|  0%| F|  |TS125|AC  0|TAMS 0x000000070c500000, 0x000000070c500000|
| 198|0x000000070c600000, 0x000000070c600000, 0x000000070c700000|  0%| F|  |TS125|AC  0|TAMS 0x000000070c600000, 0x000000070c600000|
| 199|0x000000070c700000, 0x000000070c700000, 0x000000070c800000|  0%| F|  |TS125|AC  0|TAMS 0x000000070c700000, 0x000000070c700000|
| 200|0x000000070c800000, 0x000000070c800000, 0x000000070c900000|  0%| F|  |TS125|AC  0|TAMS 0x000000070c800000, 0x000000070c800000|
| 201|0x000000070c900000, 0x000000070c900000, 0x000000070ca00000|  0%| F|  |TS125|AC  0|TAMS 0x000000070c900000, 0x000000070c900000|
| 202|0x000000070ca00000, 0x000000070ca00000, 0x000000070cb00000|  0%| F|  |TS125|AC  0|TAMS 0x000000070ca00000, 0x000000070ca00000|
| 203|0x000000070cb00000, 0x000000070cb00000, 0x000000070cc00000|  0%| F|  |TS125|AC  0|TAMS 0x000000070cb00000, 0x000000070cb00000|
| 204|0x000000070cc00000, 0x000000070cc00000, 0x000000070cd00000|  0%| F|  |TS125|AC  0|TAMS 0x000000070cc00000, 0x000000070cc00000|
| 205|0x000000070cd00000, 0x000000070cd00000, 0x000000070ce00000|  0%| F|  |TS125|AC  0|TAMS 0x000000070cd00000, 0x000000070cd00000|
| 206|0x000000070ce00000, 0x000000070ce00000, 0x000000070cf00000|  0%| F|  |TS125|AC  0|TAMS 0x000000070ce00000, 0x000000070ce00000|
| 207|0x000000070cf00000, 0x000000070cf00000, 0x000000070d000000|  0%| F|  |TS125|AC  0|TAMS 0x000000070cf00000, 0x000000070cf00000|
| 208|0x000000070d000000, 0x000000070d000000, 0x000000070d100000|  0%| F|  |TS125|AC  0|TAMS 0x000000070d000000, 0x000000070d000000|
| 209|0x000000070d100000, 0x000000070d100000, 0x000000070d200000|  0%| F|  |TS125|AC  0|TAMS 0x000000070d100000, 0x000000070d100000|
| 210|0x000000070d200000, 0x000000070d200000, 0x000000070d300000|  0%| F|  |TS125|AC  0|TAMS 0x000000070d200000, 0x000000070d200000|
| 211|0x000000070d300000, 0x000000070d300000, 0x000000070d400000|  0%| F|  |TS125|AC  0|TAMS 0x000000070d300000, 0x000000070d300000|
| 212|0x000000070d400000, 0x000000070d400000, 0x000000070d500000|  0%| F|  |TS125|AC  0|TAMS 0x000000070d400000, 0x000000070d400000|
| 213|0x000000070d500000, 0x000000070d500000, 0x000000070d600000|  0%| F|  |TS125|AC  0|TAMS 0x000000070d500000, 0x000000070d500000|
| 214|0x000000070d600000, 0x000000070d600000, 0x000000070d700000|  0%| F|  |TS125|AC  0|TAMS 0x000000070d600000, 0x000000070d600000|
| 215|0x000000070d700000, 0x000000070d700000, 0x000000070d800000|  0%| F|  |TS125|AC  0|TAMS 0x000000070d700000, 0x000000070d700000|
| 216|0x000000070d800000, 0x000000070d800000, 0x000000070d900000|  0%| F|  |TS125|AC  0|TAMS 0x000000070d800000, 0x000000070d800000|
| 217|0x000000070d900000, 0x000000070d900000, 0x000000070da00000|  0%| F|  |TS125|AC  0|TAMS 0x000000070d900000, 0x000000070d900000|
| 218|0x000000070da00000, 0x000000070da5ea90, 0x000000070db00000| 36%| S|CS|TS129|AC  0|TAMS 0x000000070da00000, 0x000000070da00000|
| 219|0x000000070db00000, 0x000000070db00000, 0x000000070dc00000|  0%| F|  |TS129|AC  0|TAMS 0x000000070db00000, 0x000000070db00000|
| 220|0x000000070dc00000, 0x000000070dc49400, 0x000000070dd00000| 28%| E|  |TS129|AC  0|TAMS 0x000000070dc00000, 0x000000070dc00000|
| 221|0x000000070dd00000, 0x000000070de00000, 0x000000070de00000|100%| E|CS|TS129|AC  0|TAMS 0x000000070dd00000, 0x000000070dd00000|
| 222|0x000000070de00000, 0x000000070df00000, 0x000000070df00000|100%| E|CS|TS129|AC  0|TAMS 0x000000070de00000, 0x000000070de00000|
| 223|0x000000070df00000, 0x000000070e000000, 0x000000070e000000|100%| E|CS|TS129|AC  0|TAMS 0x000000070df00000, 0x000000070df00000|
| 224|0x000000070e000000, 0x000000070e100000, 0x000000070e100000|100%| E|CS|TS129|AC  0|TAMS 0x000000070e000000, 0x000000070e000000|
| 225|0x000000070e100000, 0x000000070e200000, 0x000000070e200000|100%| E|CS|TS129|AC  0|TAMS 0x000000070e100000, 0x000000070e100000|
| 226|0x000000070e200000, 0x000000070e300000, 0x000000070e300000|100%| E|CS|TS129|AC  0|TAMS 0x000000070e200000, 0x000000070e200000|
| 227|0x000000070e300000, 0x000000070e400000, 0x000000070e400000|100%| E|CS|TS129|AC  0|TAMS 0x000000070e300000, 0x000000070e300000|
| 228|0x000000070e400000, 0x000000070e500000, 0x000000070e500000|100%| E|CS|TS129|AC  0|TAMS 0x000000070e400000, 0x000000070e400000|
| 229|0x000000070e500000, 0x000000070e600000, 0x000000070e600000|100%| E|CS|TS129|AC  0|TAMS 0x000000070e500000, 0x000000070e500000|
| 230|0x000000070e600000, 0x000000070e700000, 0x000000070e700000|100%| E|CS|TS129|AC  0|TAMS 0x000000070e600000, 0x000000070e600000|
| 231|0x000000070e700000, 0x000000070e800000, 0x000000070e800000|100%| E|CS|TS129|AC  0|TAMS 0x000000070e700000, 0x000000070e700000|
| 232|0x000000070e800000, 0x000000070e900000, 0x000000070e900000|100%| E|CS|TS129|AC  0|TAMS 0x000000070e800000, 0x000000070e800000|
| 233|0x000000070e900000, 0x000000070ea00000, 0x000000070ea00000|100%| E|CS|TS129|AC  0|TAMS 0x000000070e900000, 0x000000070e900000|
| 234|0x000000070ea00000, 0x000000070eb00000, 0x000000070eb00000|100%| E|CS|TS129|AC  0|TAMS 0x000000070ea00000, 0x000000070ea00000|
| 235|0x000000070eb00000, 0x000000070ec00000, 0x000000070ec00000|100%| E|CS|TS129|AC  0|TAMS 0x000000070eb00000, 0x000000070eb00000|
| 236|0x000000070ec00000, 0x000000070ed00000, 0x000000070ed00000|100%| E|CS|TS129|AC  0|TAMS 0x000000070ec00000, 0x000000070ec00000|
| 237|0x000000070ed00000, 0x000000070ee00000, 0x000000070ee00000|100%| E|CS|TS129|AC  0|TAMS 0x000000070ed00000, 0x000000070ed00000|
| 238|0x000000070ee00000, 0x000000070ef00000, 0x000000070ef00000|100%| E|CS|TS129|AC  0|TAMS 0x000000070ee00000, 0x000000070ee00000|
| 239|0x000000070ef00000, 0x000000070f000000, 0x000000070f000000|100%| E|CS|TS129|AC  0|TAMS 0x000000070ef00000, 0x000000070ef00000|
| 240|0x000000070f000000, 0x000000070f100000, 0x000000070f100000|100%| E|CS|TS129|AC  0|TAMS 0x000000070f000000, 0x000000070f000000|
| 241|0x000000070f100000, 0x000000070f200000, 0x000000070f200000|100%| E|CS|TS129|AC  0|TAMS 0x000000070f100000, 0x000000070f100000|
| 242|0x000000070f200000, 0x000000070f300000, 0x000000070f300000|100%| E|CS|TS129|AC  0|TAMS 0x000000070f200000, 0x000000070f200000|
| 243|0x000000070f300000, 0x000000070f400000, 0x000000070f400000|100%| E|CS|TS129|AC  0|TAMS 0x000000070f300000, 0x000000070f300000|
| 244|0x000000070f400000, 0x000000070f500000, 0x000000070f500000|100%| E|CS|TS129|AC  0|TAMS 0x000000070f400000, 0x000000070f400000|
| 245|0x000000070f500000, 0x000000070f600000, 0x000000070f600000|100%| E|CS|TS129|AC  0|TAMS 0x000000070f500000, 0x000000070f500000|
| 246|0x000000070f600000, 0x000000070f700000, 0x000000070f700000|100%| E|CS|TS129|AC  0|TAMS 0x000000070f600000, 0x000000070f600000|
| 247|0x000000070f700000, 0x000000070f800000, 0x000000070f800000|100%| E|CS|TS129|AC  0|TAMS 0x000000070f700000, 0x000000070f700000|
| 248|0x000000070f800000, 0x000000070f900000, 0x000000070f900000|100%| E|CS|TS129|AC  0|TAMS 0x000000070f800000, 0x000000070f800000|
| 249|0x000000070f900000, 0x000000070fa00000, 0x000000070fa00000|100%| E|CS|TS129|AC  0|TAMS 0x000000070f900000, 0x000000070f900000|
| 250|0x000000070fa00000, 0x000000070fb00000, 0x000000070fb00000|100%| E|CS|TS129|AC  0|TAMS 0x000000070fa00000, 0x000000070fa00000|
| 251|0x000000070fb00000, 0x000000070fc00000, 0x000000070fc00000|100%| E|CS|TS129|AC  0|TAMS 0x000000070fb00000, 0x000000070fb00000|
| 252|0x000000070fc00000, 0x000000070fd00000, 0x000000070fd00000|100%| E|CS|TS129|AC  0|TAMS 0x000000070fc00000, 0x000000070fc00000|
| 253|0x000000070fd00000, 0x000000070fe00000, 0x000000070fe00000|100%| E|CS|TS129|AC  0|TAMS 0x000000070fd00000, 0x000000070fd00000|
| 254|0x000000070fe00000, 0x000000070ff00000, 0x000000070ff00000|100%| E|CS|TS129|AC  0|TAMS 0x000000070fe00000, 0x000000070fe00000|
| 255|0x000000070ff00000, 0x0000000710000000, 0x0000000710000000|100%| E|CS|TS129|AC  0|TAMS 0x000000070ff00000, 0x000000070ff00000|
| 256|0x0000000710000000, 0x0000000710100000, 0x0000000710100000|100%| E|CS|TS129|AC  0|TAMS 0x0000000710000000, 0x0000000710000000|
| 257|0x0000000710100000, 0x0000000710200000, 0x0000000710200000|100%| E|CS|TS129|AC  0|TAMS 0x0000000710100000, 0x0000000710100000|
| 258|0x0000000710200000, 0x0000000710300000, 0x0000000710300000|100%| E|CS|TS129|AC  0|TAMS 0x0000000710200000, 0x0000000710200000|
| 259|0x0000000710300000, 0x0000000710400000, 0x0000000710400000|100%| E|CS|TS129|AC  0|TAMS 0x0000000710300000, 0x0000000710300000|
| 260|0x0000000710400000, 0x0000000710500000, 0x0000000710500000|100%| E|CS|TS129|AC  0|TAMS 0x0000000710400000, 0x0000000710400000|
| 261|0x0000000710500000, 0x0000000710600000, 0x0000000710600000|100%| E|CS|TS129|AC  0|TAMS 0x0000000710500000, 0x0000000710500000|
| 262|0x0000000710600000, 0x0000000710700000, 0x0000000710700000|100%| E|CS|TS129|AC  0|TAMS 0x0000000710600000, 0x0000000710600000|
| 263|0x0000000710700000, 0x0000000710800000, 0x0000000710800000|100%| E|CS|TS129|AC  0|TAMS 0x0000000710700000, 0x0000000710700000|
| 264|0x0000000710800000, 0x0000000710900000, 0x0000000710900000|100%| E|CS|TS129|AC  0|TAMS 0x0000000710800000, 0x0000000710800000|
| 265|0x0000000710900000, 0x0000000710a00000, 0x0000000710a00000|100%| E|CS|TS129|AC  0|TAMS 0x0000000710900000, 0x0000000710900000|
| 266|0x0000000710a00000, 0x0000000710b00000, 0x0000000710b00000|100%| E|CS|TS129|AC  0|TAMS 0x0000000710a00000, 0x0000000710a00000|
| 267|0x0000000710b00000, 0x0000000710c00000, 0x0000000710c00000|100%| E|CS|TS129|AC  0|TAMS 0x0000000710b00000, 0x0000000710b00000|
| 268|0x0000000710c00000, 0x0000000710d00000, 0x0000000710d00000|100%| E|CS|TS129|AC  0|TAMS 0x0000000710c00000, 0x0000000710c00000|
| 269|0x0000000710d00000, 0x0000000710e00000, 0x0000000710e00000|100%| E|CS|TS129|AC  0|TAMS 0x0000000710d00000, 0x0000000710d00000|
| 270|0x0000000710e00000, 0x0000000710f00000, 0x0000000710f00000|100%| E|CS|TS129|AC  0|TAMS 0x0000000710e00000, 0x0000000710e00000|
| 271|0x0000000710f00000, 0x0000000711000000, 0x0000000711000000|100%| E|CS|TS129|AC  0|TAMS 0x0000000710f00000, 0x0000000710f00000|
| 272|0x0000000711000000, 0x0000000711100000, 0x0000000711100000|100%| E|CS|TS129|AC  0|TAMS 0x0000000711000000, 0x0000000711000000|
| 273|0x0000000711100000, 0x0000000711200000, 0x0000000711200000|100%| E|CS|TS129|AC  0|TAMS 0x0000000711100000, 0x0000000711100000|
| 274|0x0000000711200000, 0x0000000711300000, 0x0000000711300000|100%| E|CS|TS129|AC  0|TAMS 0x0000000711200000, 0x0000000711200000|
| 275|0x0000000711300000, 0x0000000711400000, 0x0000000711400000|100%| E|CS|TS129|AC  0|TAMS 0x0000000711300000, 0x0000000711300000|
| 276|0x0000000711400000, 0x0000000711500000, 0x0000000711500000|100%| E|CS|TS129|AC  0|TAMS 0x0000000711400000, 0x0000000711400000|
| 277|0x0000000711500000, 0x0000000711600000, 0x0000000711600000|100%| E|CS|TS129|AC  0|TAMS 0x0000000711500000, 0x0000000711500000|
| 278|0x0000000711600000, 0x0000000711700000, 0x0000000711700000|100%| E|CS|TS129|AC  0|TAMS 0x0000000711600000, 0x0000000711600000|

Card table byte_map: [0x000000000f0a0000,0x000000000f6a0000] byte_map_base: 0x000000000b8a0000

Marking Bits (Prev, Next): (CMBitMap*) 0x000000000a1298e0, (CMBitMap*) 0x000000000a129918
 Prev Bits: [0x0000000018db0000, 0x000000001bdb0000)
 Next Bits: [0x000000002d2f0000, 0x00000000302f0000)

Polling page: 0x0000000000140000

CodeHeap 'non-profiled nmethods': size=120064Kb used=25761Kb max_used=25761Kb free=94302Kb
 bounds [0x0000000025db0000, 0x00000000276e0000, 0x000000002d2f0000]
CodeHeap 'profiled nmethods': size=120000Kb used=45660Kb max_used=47081Kb free=74339Kb
 bounds [0x000000001e880000, 0x0000000021750000, 0x0000000025db0000]
CodeHeap 'non-nmethods': size=5696Kb used=1786Kb max_used=1862Kb free=3909Kb
 bounds [0x000000001e2f0000, 0x000000001e560000, 0x000000001e880000]
 total_blobs=38444 nmethods=19596 adapters=1133
 compilation: enabled

Compilation events (10 events):
Event: 4956.239 Thread 0x000000000c9e7800 26407       3       javax.swing.RepaintManager::access$300 (4 bytes)
Event: 4956.239 Thread 0x000000000c9e7800 nmethod 26407 0x000000001e9d3410 code [0x000000001e9d35c0, 0x000000001e9d36f0]
Event: 4956.239 Thread 0x000000000c9e7800 26408       1       sun.awt.image.SunVolatileImage::getGraphicsConfig (5 bytes)
Event: 4956.239 Thread 0x000000000c9e7800 nmethod 26408 0x00000000276dd690 code [0x00000000276dd840, 0x00000000276dd950]
Event: 4957.526 Thread 0x000000000c9e7800 26409       1       sun.awt.windows.WComponentPeer::getHWnd (5 bytes)
Event: 4957.526 Thread 0x000000000c9e7800 nmethod 26409 0x00000000276dd990 code [0x00000000276ddb40, 0x00000000276ddc50]
Event: 4957.634 Thread 0x000000000c9e7800 26410       1       javax.swing.plaf.synth.SynthEditorPaneUI::paintBackground (1 bytes)
Event: 4957.634 Thread 0x000000000c9e7800 nmethod 26410 0x00000000276ddc90 code [0x00000000276dde40, 0x00000000276ddf50]
Event: 4957.725 Thread 0x000000000c9e7800 26411       3       com.jidesoft.plaf.basic.BasicJideButtonUI::getIcon (185 bytes)
Event: 4957.726 Thread 0x000000000c9e7800 nmethod 26411 0x0000000020747890 code [0x0000000020747ba0, 0x0000000020749418]

GC Heap History (10 events):
Event: 4941.669 GC heap before
{Heap before GC invocations=726 (full 228):
 garbage-first heap   total 237568K, used 136215K [0x0000000700000000, 0x0000000700100740, 0x00000007c0000000)
  region size 1024K, 60 young (61440K), 1 survivors (1024K)
 Metaspace       used 86014K, capacity 88357K, committed 95312K, reserved 1132544K
  class space    used 11250K, capacity 11725K, committed 13180K, reserved 1048576K
}
Event: 4941.673 GC heap after
{Heap after GC invocations=727 (full 228):
 garbage-first heap   total 237568K, used 75804K [0x0000000700000000, 0x0000000700100740, 0x00000007c0000000)
  region size 1024K, 1 young (1024K), 1 survivors (1024K)
 Metaspace       used 86014K, capacity 88357K, committed 95312K, reserved 1132544K
  class space    used 11250K, capacity 11725K, committed 13180K, reserved 1048576K
}
Event: 4944.512 GC heap before
{Heap before GC invocations=727 (full 228):
 garbage-first heap   total 237568K, used 136220K [0x0000000700000000, 0x0000000700100740, 0x00000007c0000000)
  region size 1024K, 60 young (61440K), 1 survivors (1024K)
 Metaspace       used 86024K, capacity 88357K, committed 95312K, reserved 1132544K
  class space    used 11251K, capacity 11725K, committed 13180K, reserved 1048576K
}
Event: 4944.521 GC heap after
{Heap after GC invocations=728 (full 228):
 garbage-first heap   total 237568K, used 75902K [0x0000000700000000, 0x0000000700100740, 0x00000007c0000000)
  region size 1024K, 1 young (1024K), 1 survivors (1024K)
 Metaspace       used 86024K, capacity 88357K, committed 95312K, reserved 1132544K
  class space    used 11251K, capacity 11725K, committed 13180K, reserved 1048576K
}
Event: 4945.544 GC heap before
{Heap before GC invocations=728 (full 228):
 garbage-first heap   total 237568K, used 136318K [0x0000000700000000, 0x0000000700100740, 0x00000007c0000000)
  region size 1024K, 60 young (61440K), 1 survivors (1024K)
 Metaspace       used 86024K, capacity 88357K, committed 95312K, reserved 1132544K
  class space    used 11251K, capacity 11725K, committed 13180K, reserved 1048576K
}
Event: 4945.558 GC heap after
{Heap after GC invocations=729 (full 228):
 garbage-first heap   total 285696K, used 75915K [0x0000000700000000, 0x00000007001008b8, 0x00000007c0000000)
  region size 1024K, 1 young (1024K), 1 survivors (1024K)
 Metaspace       used 86024K, capacity 88357K, committed 95312K, reserved 1132544K
  class space    used 11251K, capacity 11725K, committed 13180K, reserved 1048576K
}
Event: 4945.816 GC heap before
{Heap before GC invocations=729 (full 228):
 garbage-first heap   total 285696K, used 136331K [0x0000000700000000, 0x00000007001008b8, 0x00000007c0000000)
  region size 1024K, 60 young (61440K), 1 survivors (1024K)
 Metaspace       used 86067K, capacity 88447K, committed 95312K, reserved 1132544K
  class space    used 11261K, capacity 11744K, committed 13180K, reserved 1048576K
}
Event: 4945.820 GC heap after
{Heap after GC invocations=730 (full 228):
 garbage-first heap   total 285696K, used 76110K [0x0000000700000000, 0x00000007001008b8, 0x00000007c0000000)
  region size 1024K, 1 young (1024K), 1 survivors (1024K)
 Metaspace       used 86067K, capacity 88447K, committed 95312K, reserved 1132544K
  class space    used 11261K, capacity 11744K, committed 13180K, reserved 1048576K
}
Event: 4950.767 GC heap before
{Heap before GC invocations=730 (full 228):
 garbage-first heap   total 285696K, used 136526K [0x0000000700000000, 0x00000007001008b8, 0x00000007c0000000)
  region size 1024K, 60 young (61440K), 1 survivors (1024K)
 Metaspace       used 86067K, capacity 88447K, committed 95312K, reserved 1132544K
  class space    used 11261K, capacity 11744K, committed 13180K, reserved 1048576K
}
Event: 4950.775 GC heap after
{Heap after GC invocations=731 (full 228):
 garbage-first heap   total 285696K, used 76089K [0x0000000700000000, 0x00000007001008b8, 0x00000007c0000000)
  region size 1024K, 1 young (1024K), 1 survivors (1024K)
 Metaspace       used 86067K, capacity 88447K, committed 95312K, reserved 1132544K
  class space    used 11261K, capacity 11744K, committed 13180K, reserved 1048576K
}

Deoptimization events (10 events):
Event: 4809.090 Thread 0x000000000d265000 Uncommon trap: reason=class_check action=maybe_recompile pc=0x00000000268ac8c0 method=javax.swing.JLabel.setDisplayedMnemonicIndex(I)V @ 81 c2
Event: 4809.156 Thread 0x000000000d265000 Uncommon trap: reason=bimorphic_or_optimized_type_check action=maybe_recompile pc=0x00000000273ae690 method=javax.swing.DefaultListCellRenderer.isOpaque()Z @ 29 c2
Event: 4938.049 Thread 0x000000000d265000 Uncommon trap: reason=unstable_if action=reinterpret pc=0x000000002744e6b0 method=javax.swing.plaf.basic.BasicLookAndFeel$AWTEventHelper.eventDispatched(Ljava/awt/AWTEvent;)V @ 203 c2
Event: 4938.066 Thread 0x000000000d265000 Uncommon trap: reason=unstable_if action=reinterpret pc=0x0000000026cef02c method=de.javasoft.plaf.synthetica.SyntheticaLookAndFeel.findDefaultBorder(Ljavax/swing/border/Border;)Ljavax/swing/border/Border; @ 13 c2
Event: 4942.711 Thread 0x000000000d265000 Uncommon trap: reason=null_check action=make_not_entrant pc=0x0000000026d88908 method=java.util.jar.JarFile.getManifestFromReference()Ljava/util/jar/Manifest; @ 14 c2
Event: 4943.400 Thread 0x000000000d265000 Uncommon trap: reason=unstable_if action=reinterpret pc=0x000000002762a89c method=ui.views.V.a.cc.getFontMetrics(Ljava/awt/Font;Ljava/awt/Graphics;)Ljava/awt/FontMetrics; @ 22 c2
Event: 4944.493 Thread 0x000000000d265000 Uncommon trap: reason=bimorphic_or_optimized_type_check action=maybe_recompile pc=0x0000000026f61edc method=javax.swing.text.ParagraphView$Row.modelToView(ILjava/awt/Shape;Ljavax/swing/text/Position$Bias;)Ljava/awt/Shape; @ 24 c2
Event: 4945.605 Thread 0x000000000d265000 Uncommon trap: reason=bimorphic_or_optimized_type_check action=maybe_recompile pc=0x00000000271eb4e8 method=java.util.AbstractList.equals(Ljava/lang/Object;)Z @ 82 c2
Event: 4945.796 Thread 0x000000000d265000 Uncommon trap: reason=bimorphic_or_optimized_type_check action=maybe_recompile pc=0x00000000270dc788 method=javax.swing.plaf.basic.BasicToolTipUI.componentChanged(Ljavax/swing/JComponent;)V @ 13 c2
Event: 4957.643 Thread 0x000000000d265000 Uncommon trap: reason=bimorphic_or_optimized_type_check action=maybe_recompile pc=0x0000000026b7daf8 method=javax.swing.AbstractButton.getDisabledIcon()Ljavax/swing/Icon; @ 13 c2

Classes redefined (0 events):
No events

Internal exceptions (10 events):
Event: 4588.076 Thread 0x000000000d265000 Implicit null exception at 0x00000000267d7c45 to 0x00000000267d86d9
Event: 4592.135 Thread 0x000000004d74f000 Exception <a 'java/lang/InterruptedException'{0x000000070db0cfd8}: sleep interrupted> (0x000000070db0cfd8) thrown at [t:/workspace/hotspot/src/share/vm/prims/jvm.cpp, line 2984]
Event: 4744.422 Thread 0x000000004d74f000 Exception <a 'java/lang/InterruptedException'{0x000000070e78bf40}: sleep interrupted> (0x000000070e78bf40) thrown at [t:/workspace/hotspot/src/share/vm/prims/jvm.cpp, line 2984]
Event: 4808.603 Thread 0x000000000d265000 Exception <a 'java/io/FileNotFoundException'{0x000000070e40b630}> (0x000000070e40b630) thrown at [t:/workspace/hotspot/src/share/vm/prims/jni.cpp, line 604]
Event: 4808.652 Thread 0x000000000d265000 Exception <a 'java/io/FileNotFoundException'{0x000000070e478748}> (0x000000070e478748) thrown at [t:/workspace/hotspot/src/share/vm/prims/jni.cpp, line 604]
Event: 4810.026 Thread 0x000000000d265000 Exception <a 'java/io/FileNotFoundException'{0x000000070e214668}> (0x000000070e214668) thrown at [t:/workspace/hotspot/src/share/vm/prims/jni.cpp, line 604]
Event: 4810.026 Thread 0x000000000d265000 Exception <a 'java/io/FileNotFoundException'{0x000000070e215770}> (0x000000070e215770) thrown at [t:/workspace/hotspot/src/share/vm/prims/jni.cpp, line 604]
Event: 4928.163 Thread 0x00000000517aa800 Exception <a 'java/lang/InterruptedException'{0x000000070d648800}: sleep interrupted> (0x000000070d648800) thrown at [t:/workspace/hotspot/src/share/vm/prims/jvm.cpp, line 2984]
Event: 4942.711 Thread 0x000000000d265000 Implicit null exception at 0x0000000026d81d45 to 0x0000000026d888d9
Event: 4943.400 Thread 0x000000000d265000 Implicit null exception at 0x0000000027629438 to 0x000000002762a829

Events (10 events):
Event: 4956.195 Thread 0x00000000517aa800 Thread added: 0x00000000517aa800
Event: 4956.214 Executing VM operation: RevokeBias
Event: 4956.215 Executing VM operation: RevokeBias done
Event: 4956.219 Executing VM operation: RevokeBias
Event: 4956.219 Executing VM operation: RevokeBias done
Event: 4956.750 Thread 0x00000000517ab000 Thread added: 0x00000000517ab000
Event: 4956.755 Thread 0x00000000517ab000 Thread exited: 0x00000000517ab000
Event: 4957.643 Thread 0x000000000d265000 Uncommon trap: trap_request=0xffffffc6 fr.pc=0x0000000026b7daf8 relative=0x0000000000000478
Event: 4957.643 Thread 0x000000000d265000 DEOPT PACKING pc=0x0000000026b7daf8 sp=0x0000000036708120
Event: 4957.643 Thread 0x000000000d265000 DEOPT UNPACKING pc=0x000000001e33df21 sp=0x0000000036708060 mode 2


Dynamic libraries:
0x000000013fa80000 - 0x000000013fab0000 	C:\Xilinx\Vivado\2019.2\bin\unwrapped\win64.o\vivado.exe
0x0000000077700000 - 0x000000007789f000 	C:\Windows\SYSTEM32\ntdll.dll
0x00000000775e0000 - 0x00000000776ff000 	C:\Windows\system32\kernel32.dll
0x000007fefd420000 - 0x000007fefd487000 	C:\Windows\system32\KERNELBASE.dll
0x000007fee9540000 - 0x000007fee9554000 	C:\Xilinx\Vivado\2019.2\lib\win64.o\libboost_signals.dll
0x000007fee8ca0000 - 0x000007fee8d3b000 	C:\Windows\system32\MSVCP140.dll
0x000007fee98c0000 - 0x000007fee98d6000 	C:\Windows\system32\VCRUNTIME140.dll
0x000007fef4bc0000 - 0x000007fef4bc4000 	C:\Windows\system32\api-ms-win-crt-runtime-l1-1-0.dll
0x000007fee8ba0000 - 0x000007fee8c94000 	C:\Windows\system32\ucrtbase.DLL
0x000007feeaa90000 - 0x000007feeaa93000 	C:\Windows\system32\api-ms-win-core-timezone-l1-1-0.dll
0x000007feea070000 - 0x000007feea073000 	C:\Windows\system32\api-ms-win-core-file-l2-1-0.dll
0x000007fee9890000 - 0x000007fee9893000 	C:\Windows\system32\api-ms-win-core-localization-l1-2-0.dll
0x000007fef9f00000 - 0x000007fef9f03000 	C:\Windows\system32\api-ms-win-core-synch-l1-2-0.dll
0x000007fee9880000 - 0x000007fee9883000 	C:\Windows\system32\api-ms-win-core-processthreads-l1-1-1.dll
0x000007fee97d0000 - 0x000007fee97d3000 	C:\Windows\system32\api-ms-win-core-file-l1-2-0.dll
0x000007fee97c0000 - 0x000007fee97c4000 	C:\Windows\system32\api-ms-win-crt-string-l1-1-0.dll
0x000007fee9790000 - 0x000007fee9793000 	C:\Windows\system32\api-ms-win-crt-heap-l1-1-0.dll
0x000007fee9780000 - 0x000007fee9784000 	C:\Windows\system32\api-ms-win-crt-stdio-l1-1-0.dll
0x000007fee96d0000 - 0x000007fee96d4000 	C:\Windows\system32\api-ms-win-crt-convert-l1-1-0.dll
0x000007fee96b0000 - 0x000007fee96b3000 	C:\Windows\system32\api-ms-win-crt-locale-l1-1-0.dll
0x000007fee9680000 - 0x000007fee9685000 	C:\Windows\system32\api-ms-win-crt-math-l1-1-0.dll
0x000007fee9610000 - 0x000007fee9613000 	C:\Windows\system32\api-ms-win-crt-time-l1-1-0.dll
0x000007fee95f0000 - 0x000007fee95f3000 	C:\Windows\system32\api-ms-win-crt-filesystem-l1-1-0.dll
0x000007fee9570000 - 0x000007fee9573000 	C:\Windows\system32\api-ms-win-crt-environment-l1-1-0.dll
0x000007fee9560000 - 0x000007fee9563000 	C:\Windows\system32\api-ms-win-crt-utility-l1-1-0.dll
0x000007fecef30000 - 0x000007fecfe73000 	C:\Xilinx\Vivado\2019.2\lib\win64.o\librdi_common.dll
0x000007fee8830000 - 0x000007fee8b9e000 	C:\Xilinx\Vivado\2019.2\lib\win64.o\libCOIN-all.dll
0x000007fee9500000 - 0x000007fee9514000 	C:\Xilinx\Vivado\2019.2\lib\win64.o\libboost_date_time.dll
0x000007fee94d0000 - 0x000007fee94f6000 	C:\Xilinx\Vivado\2019.2\lib\win64.o\libboost_filesystem.dll
0x000007fee94c0000 - 0x000007fee94cb000 	C:\Xilinx\Vivado\2019.2\lib\win64.o\libboost_system.dll
0x000007feff530000 - 0x000007feff60b000 	C:\Windows\system32\ADVAPI32.dll
0x000007fefe3a0000 - 0x000007fefe43f000 	C:\Windows\system32\msvcrt.dll
0x000007fefe760000 - 0x000007fefe77f000 	C:\Windows\SYSTEM32\sechost.dll
0x000007feff700000 - 0x000007feff82c000 	C:\Windows\system32\RPCRT4.dll
0x000007fee87b0000 - 0x000007fee882f000 	C:\Xilinx\Vivado\2019.2\lib\win64.o\libboost_program_options.dll
0x000007fee8690000 - 0x000007fee87a4000 	C:\Xilinx\Vivado\2019.2\lib\win64.o\libboost_regex.dll
0x00000000774e0000 - 0x00000000775db000 	C:\Windows\system32\USER32.dll
0x000007feff690000 - 0x000007feff6f7000 	C:\Windows\system32\GDI32.dll
0x000007fefe930000 - 0x000007fefe93e000 	C:\Windows\system32\LPK.dll
0x000007feff910000 - 0x000007feff9db000 	C:\Windows\system32\USP10.dll
0x000007fee9410000 - 0x000007fee9431000 	C:\Xilinx\Vivado\2019.2\lib\win64.o\libboost_thread.dll
0x000007fee94b0000 - 0x000007fee94bd000 	C:\Xilinx\Vivado\2019.2\lib\win64.o\libboost_chrono.dll
0x000007fee94a0000 - 0x000007fee94af000 	C:\Xilinx\Vivado\2019.2\lib\win64.o\libboost_xilinx.dll
0x000007fee2ca0000 - 0x000007fee2d22000 	C:\Xilinx\Vivado\2019.2\lib\win64.o\libhdlpsolve.dll
0x000007fee2bf0000 - 0x000007fee2c95000 	C:\Xilinx\Vivado\2019.2\lib\win64.o\libhdxml.dll
0x000007fece330000 - 0x000007fecef2c200 	C:\Xilinx\Vivado\2019.2\lib\win64.o\libisl_iostreams.dll
0x000007fee91e0000 - 0x000007fee91fb000 	C:\Xilinx\Vivado\2019.2\lib\win64.o\libboost_iostreams.dll
0x000007fee91b0000 - 0x000007fee91d1000 	C:\Xilinx\Vivado\2019.2\lib\win64.o\librdizlib.dll
0x000007fee9020000 - 0x000007fee9045000 	C:\Xilinx\Vivado\2019.2\lib\win64.o\libisl_iosutils.dll
0x000007fee9070000 - 0x000007fee908a000 	C:\Xilinx\Vivado\2019.2\lib\win64.o\pthreadVC2.dll
0x000007fefaad0000 - 0x000007fefaad9000 	C:\Windows\system32\WSOCK32.dll
0x000007fefe440000 - 0x000007fefe48d000 	C:\Windows\system32\WS2_32.dll
0x000007feff9e0000 - 0x000007feff9e8000 	C:\Windows\system32\NSI.dll
0x000007fefcb50000 - 0x000007fefcb72000 	C:\Windows\system32\bcrypt.dll
0x000007fee8db0000 - 0x000007fee8dde000 	C:\Xilinx\Vivado\2019.2\lib\win64.o\libisl_sysinfo.dll
0x000007fee8d40000 - 0x000007fee8da5000 	C:\Xilinx\Vivado\2019.2\lib\win64.o\liblmx6.0.dll
0x000007fede8b0000 - 0x000007fedea51000 	C:\Xilinx\Vivado\2019.2\lib\win64.o\librdi_commonxillic.dll
0x000007fede5d0000 - 0x000007fede8ab000 	C:\Xilinx\Vivado\2019.2\lib\win64.o\libXil_lmgr11.dll
0x000007fef9d30000 - 0x000007fef9d46000 	C:\Windows\system32\NETAPI32.dll
0x000007fef9cf0000 - 0x000007fef9cfc000 	C:\Windows\system32\netutils.dll
0x000007fefcd80000 - 0x000007fefcda3000 	C:\Windows\system32\srvcli.dll
0x000007fef9c20000 - 0x000007fef9c35000 	C:\Windows\system32\wkscli.dll
0x000007fefed30000 - 0x000007fefedc7000 	C:\Windows\system32\COMDLG32.dll
0x000007fefecb0000 - 0x000007fefed21000 	C:\Windows\system32\SHLWAPI.dll
0x000007fef4d10000 - 0x000007fef4db0000 	C:\Windows\WinSxS\amd64_microsoft.windows.common-controls_6595b64144ccf1df_5.82.7601.18837_none_a4d981ff711297b6\COMCTL32.dll
0x000007fefd610000 - 0x000007fefe39b000 	C:\Windows\system32\SHELL32.dll
0x000007feff830000 - 0x000007feff90b000 	C:\Windows\system32\OLEAUT32.dll
0x000007fefe9a0000 - 0x000007fefeb9f000 	C:\Windows\system32\ole32.dll
0x000007fefa660000 - 0x000007fefa678000 	C:\Windows\system32\dhcpcsvc.DLL
0x000007fee91a0000 - 0x000007fee91a3000 	C:\Windows\system32\api-ms-win-crt-conio-l1-1-0.dll
0x000007fefd320000 - 0x000007fefd35b000 	C:\Windows\system32\WINTRUST.dll
0x000007fefd4a0000 - 0x000007fefd60d000 	C:\Windows\system32\CRYPT32.dll
0x000007fefd260000 - 0x000007fefd26f000 	C:\Windows\system32\MSASN1.dll
0x000007fee9000000 - 0x000007fee901c000 	C:\Xilinx\Vivado\2019.2\lib\win64.o\librdiconfig.dll
0x000000005f3d0000 - 0x000000005f4fb000 	C:\Xilinx\Vivado\2019.2\lib\win64.o\tcl85t.dll
0x0000000012000000 - 0x0000000012270000 	C:\Xilinx\Vivado\2019.2\lib\win64.o\xerces-c_3_1.dll
0x000007fefeea0000 - 0x000007feff34c000 	C:\Windows\system32\WININET.dll
0x000007fefd270000 - 0x000007fefd274000 	C:\Windows\system32\api-ms-win-downlevel-user32-l1-1-0.dll
0x000007fefd390000 - 0x000007fefd394000 	C:\Windows\system32\api-ms-win-downlevel-shlwapi-l1-1-0.dll
0x000007fefd3b0000 - 0x000007fefd3b4000 	C:\Windows\system32\api-ms-win-downlevel-version-l1-1-0.dll
0x000007fefd180000 - 0x000007fefd18c000 	C:\Windows\system32\version.DLL
0x000007fefd3a0000 - 0x000007fefd3a3000 	C:\Windows\system32\api-ms-win-downlevel-normaliz-l1-1-0.dll
0x00000000778a0000 - 0x00000000778a3000 	C:\Windows\system32\normaliz.DLL
0x000007fefe490000 - 0x000007fefe75c000 	C:\Windows\system32\iertutil.dll
0x000007fefd380000 - 0x000007fefd385000 	C:\Windows\system32\api-ms-win-downlevel-advapi32-l1-1-0.dll
0x000007fefd360000 - 0x000007fefd37f000 	C:\Windows\system32\USERENV.dll
0x000007fefd250000 - 0x000007fefd25f000 	C:\Windows\system32\profapi.dll
0x000007fefb080000 - 0x000007fefb0f1000 	C:\Windows\system32\WINHTTP.dll
0x000007fefb010000 - 0x000007fefb075000 	C:\Windows\system32\webio.dll
0x000007fefe7a0000 - 0x000007fefe92a000 	C:\Windows\system32\urlmon.dll
0x000007fefd490000 - 0x000007fefd494000 	C:\Windows\system32\api-ms-win-downlevel-ole32-l1-1-0.dll
0x000007fecd490000 - 0x000007fece321000 	C:\Xilinx\Vivado\2019.2\lib\win64.o\gurobi65.dll
0x000007fee8040000 - 0x000007fee8068000 	C:\Windows\system32\VCOMP140.DLL
0x000007fee8020000 - 0x000007fee8036000 	C:\Xilinx\Vivado\2019.2\lib\win64.o\librdi_commonmain.dll
0x000007fee8680000 - 0x000007fee868a000 	C:\Xilinx\Vivado\2019.2\lib\win64.o\librdi_commonversion.dll
0x000007fefee70000 - 0x000007fefee9e000 	C:\Windows\system32\IMM32.DLL
0x000007fefeba0000 - 0x000007fefecab000 	C:\Windows\system32\MSCTF.dll
0x000007fefd190000 - 0x000007fefd1c0000 	C:\Windows\system32\nvinitx.dll
0x0000000072e90000 - 0x0000000072e96000 	C:\Program Files\NVIDIA Corporation\CoProcManager\detoured.dll
0x000007fef99d0000 - 0x000007fef9a08000 	C:\Program Files\NVIDIA Corporation\CoProcManager\nvd3d9wrapx.dll
0x000007feff350000 - 0x000007feff527000 	C:\Windows\system32\SETUPAPI.dll
0x000007fefd3e0000 - 0x000007fefd416000 	C:\Windows\system32\CFGMGR32.dll
0x000007fefd3c0000 - 0x000007fefd3da000 	C:\Windows\system32\DEVOBJ.dll
0x000007fef99a0000 - 0x000007fef99c4000 	C:\Program Files\NVIDIA Corporation\CoProcManager\nvdxgiwrapx.dll
0x000007fed3910000 - 0x000007fed3e27000 	C:\Xilinx\Vivado\2019.2\lib\win64.o\librdi_commontasks.dll
0x000000005c290000 - 0x000000005ccb5000 	C:\Xilinx\Vivado\2019.2\tps\win64\jre9.0.4\bin\server\jvm.dll
0x000007fefac40000 - 0x000007fefac7b000 	C:\Windows\system32\WINMM.dll
0x00000000778b0000 - 0x00000000778b7000 	C:\Windows\system32\PSAPI.DLL
0x000007fee2230000 - 0x000007fee231f000 	C:\Windows\system32\MSVCR120.dll
0x000007fede2e0000 - 0x000007fede5c3000 	C:\Xilinx\Vivado\2019.2\lib\win64.o\librdi_sio.dll
0x000007fefa9f0000 - 0x000007fefaa17000 	C:\Windows\system32\IPHLPAPI.DLL
0x000007fefa9a0000 - 0x000007fefa9ab000 	C:\Windows\system32\WINNSI.DLL
0x000007fefc950000 - 0x000007fefc9a5000 	C:\Windows\system32\MSWSOCK.DLL
0x000007fecad40000 - 0x000007fecd485000 	C:\Xilinx\Vivado\2019.2\lib\win64.o\librdi_tcltasks.dll
0x000007feca880000 - 0x000007fecad34000 	C:\Xilinx\Vivado\2019.2\lib\win64.o\librdi_bitstream.dll
0x000007feb5cd0000 - 0x000007feca87b000 	C:\Xilinx\Vivado\2019.2\lib\win64.o\librdi_device.dll
0x000007fee5150000 - 0x000007fee519c000 	C:\Xilinx\Vivado\2019.2\lib\win64.o\libboost_serialization.dll
0x000007feb5180000 - 0x000007feb5cc7000 	C:\Xilinx\Vivado\2019.2\lib\win64.o\libverific.dll
0x000007fedda40000 - 0x000007feddbdd000 	C:\Xilinx\Vivado\2019.2\lib\win64.o\librdi_board.dll
0x000007fee2b70000 - 0x000007fee2beb000 	C:\Xilinx\Vivado\2019.2\lib\win64.o\librdi_boarddep.dll
0x000007feb5020000 - 0x000007feb5172000 	C:\Xilinx\Vivado\2019.2\lib\win64.o\librdi_cd_client.dll
0x000007feddbe0000 - 0x000007feddd80000 	C:\Xilinx\Vivado\2019.2\lib\win64.o\librdi_cd_protocol.dll
0x000007fedd950000 - 0x000007fedda3f000 	C:\Xilinx\Vivado\2019.2\lib\win64.o\librdi_chipscope.dll
0x000007feb4e70000 - 0x000007feb5011000 	C:\Xilinx\Vivado\2019.2\lib\win64.o\librdi_advchipscopeimpl.dll
0x000007feb3390000 - 0x000007feb4e6a000 	C:\Xilinx\Vivado\2019.2\lib\win64.o\librdi_constraints.dll
0x000007feb2d20000 - 0x000007feb338b000 	C:\Xilinx\Vivado\2019.2\lib\win64.o\librdi_filemgmt.dll
0x000007feb2b00000 - 0x000007feb2d20000 	C:\Xilinx\Vivado\2019.2\lib\win64.o\librdi_hip_devdesign.dll
0x000007fed3830000 - 0x000007fed3907000 	C:\Xilinx\Vivado\2019.2\lib\win64.o\librdi_ipconfig_readwrite.dll

VM Arguments:
jvm_args: -Dsun.java2d.pmoffscreen=false -Dsun.java2d.xrender=false -Dsun.java2d.d3d=false -Dsun.awt.nopixfmt=true -Dsun.java2d.dpiaware=true -Dsun.java2d.uiScale.enabled=false -Xverify:none -Dswing.aatext=true -XX:-UsePerfData -Djdk.map.althashing.threshold=512 -XX:StringTableSize=4072 --add-opens=java.base/java.nio=ALL-UNNAMED --add-opens=java.desktop/sun.swing=ALL-UNNAMED --add-opens=java.desktop/javax.swing=ALL-UNNAMED --add-opens=java.desktop/javax.swing.tree=ALL-UNNAMED --add-opens=java.desktop/javax.swing.plaf.basic=ALL-UNNAMED --add-opens=java.desktop/javax.swing.plaf.synth=ALL-UNNAMED --add-opens=java.desktop/com.sun.awt=ALL-UNNAMED -XX:NewSize=60m -XX:MaxNewSize=60m -Xms128m -Xmx3072m -Xss5m 
java_command: <unknown>
java_class_path (initial): C:/Xilinx/Vivado/2019.2\lib\classes\alloy.jar;C:/Xilinx/Vivado/2019.2\lib\classes\autoesl-common.jar;C:/Xilinx/Vivado/2019.2\lib\classes\autoesl-models.jar;C:/Xilinx/Vivado/2019.2\lib\classes\autoesl-report.jar;C:/Xilinx/Vivado/2019.2\lib\classes\autopilot.scelaborator.jar;C:/Xilinx/Vivado/2019.2\lib\classes\autopilot.sourceprocessor.jar;C:/Xilinx/Vivado/2019.2\lib\classes\autopilot.tbprocessor.jar;C:/Xilinx/Vivado/2019.2\lib\classes\batik-anim.jar;C:/Xilinx/Vivado/2019.2\lib\classes\batik-awt-util.jar;C:/Xilinx/Vivado/2019.2\lib\classes\batik-bridge.jar;C:/Xilinx/Vivado/2019.2\lib\classes\batik-codec.jar;C:/Xilinx/Vivado/2019.2\lib\classes\batik-css.jar;C:/Xilinx/Vivado/2019.2\lib\classes\batik-dom.jar;C:/Xilinx/Vivado/2019.2\lib\classes\batik-ext.jar;C:/Xilinx/Vivado/2019.2\lib\classes\batik-gui-util.jar;C:/Xilinx/Vivado/2019.2\lib\classes\batik-gvt.jar;C:/Xilinx/Vivado/2019.2\lib\classes\batik-parser.jar;C:/Xilinx/Vivado/2019.2\lib\classes\batik-script.jar;C:/Xilinx/Vivado/2019.2\lib\classes\batik-svg-dom.jar;C:/Xilinx/Vivado/2019.2\lib\classes\batik-swing.jar;C:/Xilinx/Vivado/2019.2\lib\classes\batik-transcoder.jar;C:/Xilinx/Vivado/2019.2\lib\classes\batik-util.jar;C:/Xilinx/Vivado/2019.2\lib\classes\batik-xml.jar;C:/Xilinx/Vivado/2019.2\lib\classes\com.google.gson_2.7.0.v20170129-0911.jar;C:/Xilinx/Vivado/2019.2\lib\classes\com.google.guava_21.0.0.v20170206-1425.jar;C:/Xilinx/Vivado/2019.2\lib\classes\com.ibm.icu_4.4.2.v20110208.jar;C:/Xilinx/Vivado/2019.2\lib\classes\com.sigasi.hdt.connection_4.5.0.201909241521.jar;C:/Xilinx/Vivado/2019.2\lib\classes\com.sigasi.hdt.epl_4.5.0.201909241521.jar;C:/Xilinx/Vivado/2019.2\lib\classes\com.sigasi.hdt.project_4.5.0.201909241521.jar;C:/Xilinx/Vivado/2019.2\lib\classes\com.sigasi.hdt.readonlyfilesystem_4.5.0.201909241521.jar;C:/Xilinx/Vivado/2019.2\lib\classes\com.sigasi.lcm_4.5.0.201909241521.jar;C:/Xilinx/Vivado/2019.2\lib\classes\com.sigasi.sdk.client_4.5.0.201909241521.jar;C:/Xilinx/Vivado
Launcher Type: generic

Logging:
Log output configuration:
#0: stdout all=warning uptime,level,tags
#1: stderr all=off uptime,level,tags

Environment Variables:
PATH=C:/Xilinx/Vivado/2019.2\gnuwin\bin;C:/Xilinx/Vivado/2019.2\gnu\microblaze\nt\bin;C:/Xilinx/Vivado/2019.2/bin;C:/Xilinx/Vivado/2019.2/lib/win64.o;C:/Xilinx/Vivado/2019.2/tps/win64/jre9.0.4/bin/server;C:/Xilinx/Vivado/2019.2/tps/win64/jre9.0.4/bin;C:/Xilinx/Vivado/2019.2/ids_lite/ISE/bin/nt64;C:/Xilinx/Vivado/2019.2/ids_lite/ISE/lib/nt64;C:\Program Files (x86)\Common Files\Oracle\Java\javapath;C:\Program Files\Common Files\Microsoft Shared\Windows Live;C:\ProgramData\Oracle\Java\javapath;C:\Windows\system32;C:\Windows;C:\Windows\System32\Wbem;C:\Windows\System32\WindowsPowerShell\v1.0\;C:\Program Files (x86)\NVIDIA Corporation\PhysX\Common;C:\Program Files\Git\cmd;C:\Program Files\Nordic Semiconductor\nrf5x\bin\;C:\Users\Engineer\AppData\Local\atom\bin;C:\Python27;C:\Python27\Scripts; C:\MinGW\bin;C:\MinGW\msys\1.0\bin;C:\Program Files (x86)\SEGGER\JLink_V640;;C:/Xilinx/Vivado/2019.2\tps\mingw\6.2.0\win64.o\nt\bin;C:/Xilinx/Vivado/2019.2\tps\mingw\6.2.0\win64.o\nt\libexec\gcc\x86_64-w64-mingw32\6.2.0;C:/Xilinx/Vivado/2019.2\tps\win64\python-2.7.5;C:/Xilinx/Vivado/2019.2\tps\win64\python-2.7.5\bin;C:/Xilinx/Vivado/2019.2\tps\win64\python-2.7.5\lib;C:/Xilinx/Vivado/2019.2\tps\win64\python-2.7.5\Lib\lib-tk;C:/Xilinx/Vivado/2019.2\tps\win64\python-2.7.5\lib\site-packages
USERNAME=Engineer
OS=Windows_NT
PROCESSOR_IDENTIFIER=Intel64 Family 6 Model 42 Stepping 7, GenuineIntel



---------------  S Y S T E M  ---------------

OS: Windows 7 , 64 bit Build 7601 (6.1.7601.24545)

CPU:total 4 (initial active 4) (2 cores per cpu, 2 threads per core) family 6 model 42 stepping 7, cmov, cx8, fxsr, mmx, sse, sse2, sse3, ssse3, sse4.1, sse4.2, popcnt, avx, clmul, ht, tsc, tscinvbit

Memory: 4k page, physical 8298348k(2469808k free), swap 16594796k(9397904k free)

vm_info: Java HotSpot(TM) 64-Bit Server VM (9.0.4+11) for windows-amd64 JRE (9.0.4+11), built on Dec 20 2017 02:18:54 by "mach5one" with MS VC++ 12.0 (VS2013)

END.
