
*** Running vivado
    with args -log RS232top_TB.vdi -applog -m64 -product Vivado -messageDb vivado.pb -mode batch -source RS232top_TB.tcl -notrace


****** Vivado v2018.3 (64-bit)
  **** SW Build 2405991 on Thu Dec  6 23:38:27 MST 2018
  **** IP Build 2404404 on Fri Dec  7 01:43:56 MST 2018
    ** Copyright 1986-2018 Xilinx, Inc. All Rights Reserved.

source RS232top_TB.tcl -notrace
Command: link_design -top RS232top_TB -part xc7a200tfbg676-2
Design is defaulting to srcset: sources_1
Design is defaulting to constrset: constrs_1
INFO: [Project 1-454] Reading design checkpoint 'c:/Users/Engenieer/Documents/LCSEL_git/LCSEL/CLK_FIFO/CLK_FIFO.srcs/sources_1/ip/fifo/fifo.dcp' for cell 'UUT/Internal_memory'
INFO: [Netlist 29-17] Analyzing 1 Unisim elements for replacement
INFO: [Netlist 29-28] Unisim Transformation completed in 0 CPU seconds
INFO: [Project 1-479] Netlist was created with Vivado 2018.3
INFO: [Device 21-403] Loading part xc7a200tfbg676-2
INFO: [Project 1-570] Preparing netlist for logic optimization
Parsing XDC File [c:/Users/Engenieer/Documents/LCSEL_git/LCSEL/CLK_FIFO/CLK_FIFO.srcs/sources_1/ip/fifo/fifo.xdc] for cell 'UUT/Internal_memory/U0'
Finished Parsing XDC File [c:/Users/Engenieer/Documents/LCSEL_git/LCSEL/CLK_FIFO/CLK_FIFO.srcs/sources_1/ip/fifo/fifo.xdc] for cell 'UUT/Internal_memory/U0'
INFO: [Opt 31-138] Pushed 0 inverter(s) to 0 load pin(s).
CRITICAL WARNING: [Project 1-486] Could not resolve non-primitive black box cell 'Clk_Gen' instantiated as 'UUT/Clock_generator' [C:/Users/Engenieer/Documents/LCSEL_git/LCSEL/RS232top.vhd:109]
Netlist sorting complete. Time (s): cpu = 00:00:00 ; elapsed = 00:00:00.001 . Memory (MB): peak = 731.418 ; gain = 0.000
INFO: [Project 1-111] Unisim Transformation Summary:
No Unisim elements were transformed.

8 Infos, 0 Warnings, 1 Critical Warnings and 0 Errors encountered.
link_design completed successfully
link_design: Time (s): cpu = 00:00:08 ; elapsed = 00:00:09 . Memory (MB): peak = 731.418 ; gain = 374.289
Command: opt_design
Attempting to get a license for feature 'Implementation' and/or device 'xc7a200t'
INFO: [Common 17-349] Got license for feature 'Implementation' and/or device 'xc7a200t'
Running DRC as a precondition to command opt_design

Starting DRC Task
INFO: [DRC 23-27] Running DRC with 2 threads
ERROR: [DRC INBB-3] Black Box Instances: Cell 'UUT/Clock_generator' of type 'Clk_Gen' has undefined contents and is considered a black box.  The contents of this cell must be defined for opt_design to complete successfully.
INFO: [Project 1-461] DRC finished with 1 Errors
INFO: [Project 1-462] Please refer to the DRC report (report_drc) for more information.
ERROR: [Vivado_Tcl 4-78] Error(s) found during DRC. Opt_design not run.

Time (s): cpu = 00:00:02 ; elapsed = 00:00:01 . Memory (MB): peak = 745.109 ; gain = 13.691
INFO: [Common 17-83] Releasing license: Implementation
13 Infos, 0 Warnings, 1 Critical Warnings and 2 Errors encountered.
opt_design failed
ERROR: [Common 17-39] 'opt_design' failed due to earlier errors.

INFO: [Common 17-206] Exiting Vivado at Thu Nov  7 23:19:10 2019...
